[0.020s] Invoking command in '/home/hyperdimensional/Learning/arm_isro/arm_ws/build/arm_description': CMAKE_PREFIX_PATH=${CMAKE_PREFIX_PATH}:/opt/ros/humble /usr/bin/cmake --build /home/hyperdimensional/Learning/arm_isro/arm_ws/build/arm_description -- -j16 -l16
[0.067s] -- Found ament_cmake: 1.3.8 (/opt/ros/humble/share/ament_cmake/cmake)
[0.303s] -- Found ament_lint_auto: 0.12.10 (/opt/ros/humble/share/ament_lint_auto/cmake)
[0.439s] -- Added test 'lint_cmake' to check CMake code style
[0.445s] -- Added test 'xmllint' to check XML markup files
[0.447s] -- Configuring done
[0.455s] -- Generating done
[0.457s] -- Build files have been written to: /home/hyperdimensional/Learning/arm_isro/arm_ws/build/arm_description
[0.521s] Invoked command in '/home/hyperdimensional/Learning/arm_isro/arm_ws/build/arm_description' returned '0': CMAKE_PREFIX_PATH=${CMAKE_PREFIX_PATH}:/opt/ros/humble /usr/bin/cmake --build /home/hyperdimensional/Learning/arm_isro/arm_ws/build/arm_description -- -j16 -l16
[0.600s] Invoking command in '/home/hyperdimensional/Learning/arm_isro/arm_ws/build/arm_description': CMAKE_PREFIX_PATH=${CMAKE_PREFIX_PATH}:/opt/ros/humble /usr/bin/cmake --install /home/hyperdimensional/Learning/arm_isro/arm_ws/build/arm_description
[0.612s] -- Install configuration: ""
[0.613s] -- Up-to-date: /home/hyperdimensional/Learning/arm_isro/arm_ws/install/arm_description/share/arm_description/meshes
[0.613s] -- Up-to-date: /home/hyperdimensional/Learning/arm_isro/arm_ws/install/arm_description/share/arm_description/meshes/300link.STL
[0.613s] -- Up-to-date: /home/hyperdimensional/Learning/arm_isro/arm_ws/install/arm_description/share/arm_description/meshes/end_effector_mount.STL
[0.613s] -- Up-to-date: /home/hyperdimensional/Learning/arm_isro/arm_ws/install/arm_description/share/arm_description/meshes/URDFCAD_zero.STL
[0.613s] -- Up-to-date: /home/hyperdimensional/Learning/arm_isro/arm_ws/install/arm_description/share/arm_description/meshes/base.STL
[0.614s] -- Up-to-date: /home/hyperdimensional/Learning/arm_isro/arm_ws/install/arm_description/share/arm_description/meshes/320link.STL
[0.614s] -- Installing: /home/hyperdimensional/Learning/arm_isro/arm_ws/install/arm_description/share/arm_description/meshes/blender300link.stl
[0.614s] -- Up-to-date: /home/hyperdimensional/Learning/arm_isro/arm_ws/install/arm_description/share/arm_description/meshes/wrist.STL
[0.614s] -- Up-to-date: /home/hyperdimensional/Learning/arm_isro/arm_ws/install/arm_description/share/arm_description/meshes/Part3.STL
[0.615s] -- Up-to-date: /home/hyperdimensional/Learning/arm_isro/arm_ws/install/arm_description/share/arm_description/meshes/URDFCAD1.STL
[0.615s] -- Up-to-date: /home/hyperdimensional/Learning/arm_isro/arm_ws/install/arm_description/share/arm_description/meshes/URDFCAD.STL
[0.615s] -- Up-to-date: /home/hyperdimensional/Learning/arm_isro/arm_ws/install/arm_description/share/arm_description/urdf
[0.615s] -- Installing: /home/hyperdimensional/Learning/arm_isro/arm_ws/install/arm_description/share/arm_description/urdf/arm.urdf.xacro
[0.615s] -- Up-to-date: /home/hyperdimensional/Learning/arm_isro/arm_ws/install/arm_description/share/ament_index/resource_index/package_run_dependencies/arm_description
[0.615s] -- Up-to-date: /home/hyperdimensional/Learning/arm_isro/arm_ws/install/arm_description/share/ament_index/resource_index/parent_prefix_path/arm_description
[0.615s] -- Up-to-date: /home/hyperdimensional/Learning/arm_isro/arm_ws/install/arm_description/share/arm_description/environment/ament_prefix_path.sh
[0.616s] -- Installing: /home/hyperdimensional/Learning/arm_isro/arm_ws/install/arm_description/share/arm_description/environment/ament_prefix_path.dsv
[0.616s] -- Up-to-date: /home/hyperdimensional/Learning/arm_isro/arm_ws/install/arm_description/share/arm_description/environment/path.sh
[0.616s] -- Installing: /home/hyperdimensional/Learning/arm_isro/arm_ws/install/arm_description/share/arm_description/environment/path.dsv
[0.616s] -- Up-to-date: /home/hyperdimensional/Learning/arm_isro/arm_ws/install/arm_description/share/arm_description/local_setup.bash
[0.616s] -- Up-to-date: /home/hyperdimensional/Learning/arm_isro/arm_ws/install/arm_description/share/arm_description/local_setup.sh
[0.617s] -- Up-to-date: /home/hyperdimensional/Learning/arm_isro/arm_ws/install/arm_description/share/arm_description/local_setup.zsh
[0.617s] -- Installing: /home/hyperdimensional/Learning/arm_isro/arm_ws/install/arm_description/share/arm_description/local_setup.dsv
[0.617s] -- Installing: /home/hyperdimensional/Learning/arm_isro/arm_ws/install/arm_description/share/arm_description/package.dsv
[0.617s] -- Up-to-date: /home/hyperdimensional/Learning/arm_isro/arm_ws/install/arm_description/share/ament_index/resource_index/packages/arm_description
[0.617s] -- Up-to-date: /home/hyperdimensional/Learning/arm_isro/arm_ws/install/arm_description/share/arm_description/cmake/arm_descriptionConfig.cmake
[0.617s] -- Up-to-date: /home/hyperdimensional/Learning/arm_isro/arm_ws/install/arm_description/share/arm_description/cmake/arm_descriptionConfig-version.cmake
[0.618s] -- Up-to-date: /home/hyperdimensional/Learning/arm_isro/arm_ws/install/arm_description/share/arm_description/package.xml
[0.621s] Invoked command in '/home/hyperdimensional/Learning/arm_isro/arm_ws/build/arm_description' returned '0': CMAKE_PREFIX_PATH=${CMAKE_PREFIX_PATH}:/opt/ros/humble /usr/bin/cmake --install /home/hyperdimensional/Learning/arm_isro/arm_ws/build/arm_description
