[0.014s] Invoking command in '/home/hyperdimensional/Learning/arm_isro/arm_ws/build/arm_controller': CMAKE_PREFIX_PATH=${CMAKE_PREFIX_PATH}:/opt/ros/humble /usr/bin/cmake --build /home/hyperdimensional/Learning/arm_isro/arm_ws/build/arm_controller -- -j16 -l16
[0.036s] -- Found ament_cmake: 1.3.8 (/opt/ros/humble/share/ament_cmake/cmake)
[0.147s] -- Found ament_lint_auto: 0.12.10 (/opt/ros/humble/share/ament_lint_auto/cmake)
[0.208s] -- Added test 'flake8' to check Python code syntax and style conventions
[0.209s] -- Added test 'lint_cmake' to check CMake code style
[0.209s] -- Added test 'pep257' to check Python code against some of the docstring style conventions in PEP 257
[0.210s] -- Added test 'xmllint' to check XML markup files
[0.210s] -- Configuring done
[0.213s] -- Generating done
[0.215s] -- Build files have been written to: /home/hyperdimensional/Learning/arm_isro/arm_ws/build/arm_controller
[0.253s] Invoked command in '/home/hyperdimensional/Learning/arm_isro/arm_ws/build/arm_controller' returned '0': CMAKE_PREFIX_PATH=${CMAKE_PREFIX_PATH}:/opt/ros/humble /usr/bin/cmake --build /home/hyperdimensional/Learning/arm_isro/arm_ws/build/arm_controller -- -j16 -l16
[0.283s] Invoking command in '/home/hyperdimensional/Learning/arm_isro/arm_ws/build/arm_controller': CMAKE_PREFIX_PATH=${CMAKE_PREFIX_PATH}:/opt/ros/humble /usr/bin/cmake --install /home/hyperdimensional/Learning/arm_isro/arm_ws/build/arm_controller
[0.289s] -- Install configuration: ""
[0.289s] -- Up-to-date: /home/hyperdimensional/Learning/arm_isro/arm_ws/install/arm_controller/share/arm_controller/config
[0.290s] -- Up-to-date: /home/hyperdimensional/Learning/arm_isro/arm_ws/install/arm_controller/share/arm_controller/config/arm_controllers.yaml
[0.290s] -- Installing: /home/hyperdimensional/Learning/arm_isro/arm_ws/install/arm_controller/share/arm_controller/launch
[0.290s] -- Installing: /home/hyperdimensional/Learning/arm_isro/arm_ws/install/arm_controller/share/arm_controller/launch/controller.launch.py
[0.290s] -- Up-to-date: /home/hyperdimensional/Learning/arm_isro/arm_ws/install/arm_controller/share/ament_index/resource_index/package_run_dependencies/arm_controller
[0.290s] -- Up-to-date: /home/hyperdimensional/Learning/arm_isro/arm_ws/install/arm_controller/share/ament_index/resource_index/parent_prefix_path/arm_controller
[0.290s] -- Up-to-date: /home/hyperdimensional/Learning/arm_isro/arm_ws/install/arm_controller/share/arm_controller/environment/ament_prefix_path.sh
[0.291s] -- Installing: /home/hyperdimensional/Learning/arm_isro/arm_ws/install/arm_controller/share/arm_controller/environment/ament_prefix_path.dsv
[0.291s] -- Up-to-date: /home/hyperdimensional/Learning/arm_isro/arm_ws/install/arm_controller/share/arm_controller/environment/path.sh
[0.291s] -- Installing: /home/hyperdimensional/Learning/arm_isro/arm_ws/install/arm_controller/share/arm_controller/environment/path.dsv
[0.291s] -- Up-to-date: /home/hyperdimensional/Learning/arm_isro/arm_ws/install/arm_controller/share/arm_controller/local_setup.bash
[0.291s] -- Up-to-date: /home/hyperdimensional/Learning/arm_isro/arm_ws/install/arm_controller/share/arm_controller/local_setup.sh
[0.291s] -- Up-to-date: /home/hyperdimensional/Learning/arm_isro/arm_ws/install/arm_controller/share/arm_controller/local_setup.zsh
[0.291s] -- Installing: /home/hyperdimensional/Learning/arm_isro/arm_ws/install/arm_controller/share/arm_controller/local_setup.dsv
[0.291s] -- Installing: /home/hyperdimensional/Learning/arm_isro/arm_ws/install/arm_controller/share/arm_controller/package.dsv
[0.291s] -- Up-to-date: /home/hyperdimensional/Learning/arm_isro/arm_ws/install/arm_controller/share/ament_index/resource_index/packages/arm_controller
[0.291s] -- Up-to-date: /home/hyperdimensional/Learning/arm_isro/arm_ws/install/arm_controller/share/arm_controller/cmake/arm_controllerConfig.cmake
[0.291s] -- Up-to-date: /home/hyperdimensional/Learning/arm_isro/arm_ws/install/arm_controller/share/arm_controller/cmake/arm_controllerConfig-version.cmake
[0.291s] -- Up-to-date: /home/hyperdimensional/Learning/arm_isro/arm_ws/install/arm_controller/share/arm_controller/package.xml
[0.293s] Invoked command in '/home/hyperdimensional/Learning/arm_isro/arm_ws/build/arm_controller' returned '0': CMAKE_PREFIX_PATH=${CMAKE_PREFIX_PATH}:/opt/ros/humble /usr/bin/cmake --install /home/hyperdimensional/Learning/arm_isro/arm_ws/build/arm_controller
