[0.030s] Invoking command in '/home/hyperdimensional/Learning/arm_isro/arm_ws/build/isro_arm_moveit': CMAKE_PREFIX_PATH=/opt/ros/humble /usr/bin/cmake --build /home/hyperdimensional/Learning/arm_isro/arm_ws/build/isro_arm_moveit -- -j16 -l16
[0.112s] Invoked command in '/home/hyperdimensional/Learning/arm_isro/arm_ws/build/isro_arm_moveit' returned '0': CMAKE_PREFIX_PATH=/opt/ros/humble /usr/bin/cmake --build /home/hyperdimensional/Learning/arm_isro/arm_ws/build/isro_arm_moveit -- -j16 -l16
[0.177s] Invoking command in '/home/hyperdimensional/Learning/arm_isro/arm_ws/build/isro_arm_moveit': CMAKE_PREFIX_PATH=/opt/ros/humble /usr/bin/cmake --install /home/hyperdimensional/Learning/arm_isro/arm_ws/build/isro_arm_moveit
[0.195s] -- Install configuration: ""
[0.195s] -- Execute custom install script
[0.196s] -- Up-to-date symlink: /home/hyperdimensional/Learning/arm_isro/arm_ws/install/isro_arm_moveit/share/isro_arm_moveit/launch/moveit.launch.py
[0.196s] -- Up-to-date symlink: /home/hyperdimensional/Learning/arm_isro/arm_ws/install/isro_arm_moveit/share/isro_arm_moveit/config/arm.srdf
[0.197s] -- Up-to-date symlink: /home/hyperdimensional/Learning/arm_isro/arm_ws/install/isro_arm_moveit/share/isro_arm_moveit/config/initial_positions.yaml
[0.197s] -- Up-to-date symlink: /home/hyperdimensional/Learning/arm_isro/arm_ws/install/isro_arm_moveit/share/isro_arm_moveit/config/joint_limits.yaml
[0.197s] -- Up-to-date symlink: /home/hyperdimensional/Learning/arm_isro/arm_ws/install/isro_arm_moveit/share/isro_arm_moveit/config/kinematics.yaml
[0.198s] -- Up-to-date symlink: /home/hyperdimensional/Learning/arm_isro/arm_ws/install/isro_arm_moveit/share/isro_arm_moveit/config/moveit.rviz
[0.198s] -- Up-to-date symlink: /home/hyperdimensional/Learning/arm_isro/arm_ws/install/isro_arm_moveit/share/isro_arm_moveit/config/moveit_controllers.yaml
[0.198s] -- Up-to-date symlink: /home/hyperdimensional/Learning/arm_isro/arm_ws/install/isro_arm_moveit/share/isro_arm_moveit/config/pilz_cartesian_limits.yaml
[0.198s] -- Up-to-date symlink: /home/hyperdimensional/Learning/arm_isro/arm_ws/install/isro_arm_moveit/share/ament_index/resource_index/package_run_dependencies/isro_arm_moveit
[0.199s] -- Up-to-date symlink: /home/hyperdimensional/Learning/arm_isro/arm_ws/install/isro_arm_moveit/share/ament_index/resource_index/parent_prefix_path/isro_arm_moveit
[0.199s] -- Up-to-date symlink: /home/hyperdimensional/Learning/arm_isro/arm_ws/install/isro_arm_moveit/share/isro_arm_moveit/environment/ament_prefix_path.sh
[0.199s] -- Up-to-date symlink: /home/hyperdimensional/Learning/arm_isro/arm_ws/install/isro_arm_moveit/share/isro_arm_moveit/environment/ament_prefix_path.dsv
[0.200s] -- Up-to-date symlink: /home/hyperdimensional/Learning/arm_isro/arm_ws/install/isro_arm_moveit/share/isro_arm_moveit/environment/path.sh
[0.200s] -- Up-to-date symlink: /home/hyperdimensional/Learning/arm_isro/arm_ws/install/isro_arm_moveit/share/isro_arm_moveit/environment/path.dsv
[0.200s] -- Up-to-date symlink: /home/hyperdimensional/Learning/arm_isro/arm_ws/install/isro_arm_moveit/share/isro_arm_moveit/local_setup.bash
[0.201s] -- Up-to-date symlink: /home/hyperdimensional/Learning/arm_isro/arm_ws/install/isro_arm_moveit/share/isro_arm_moveit/local_setup.sh
[0.201s] -- Up-to-date symlink: /home/hyperdimensional/Learning/arm_isro/arm_ws/install/isro_arm_moveit/share/isro_arm_moveit/local_setup.zsh
[0.201s] -- Up-to-date symlink: /home/hyperdimensional/Learning/arm_isro/arm_ws/install/isro_arm_moveit/share/isro_arm_moveit/local_setup.dsv
[0.201s] -- Symlinking: /home/hyperdimensional/Learning/arm_isro/arm_ws/install/isro_arm_moveit/share/isro_arm_moveit/package.dsv
[0.222s] -- Up-to-date symlink: /home/hyperdimensional/Learning/arm_isro/arm_ws/install/isro_arm_moveit/share/ament_index/resource_index/packages/isro_arm_moveit
[0.222s] -- Up-to-date symlink: /home/hyperdimensional/Learning/arm_isro/arm_ws/install/isro_arm_moveit/share/isro_arm_moveit/cmake/isro_arm_moveitConfig.cmake
[0.223s] -- Up-to-date symlink: /home/hyperdimensional/Learning/arm_isro/arm_ws/install/isro_arm_moveit/share/isro_arm_moveit/cmake/isro_arm_moveitConfig-version.cmake
[0.224s] -- Up-to-date symlink: /home/hyperdimensional/Learning/arm_isro/arm_ws/install/isro_arm_moveit/share/isro_arm_moveit/package.xml
[0.248s] Invoked command in '/home/hyperdimensional/Learning/arm_isro/arm_ws/build/isro_arm_moveit' returned '0': CMAKE_PREFIX_PATH=/opt/ros/humble /usr/bin/cmake --install /home/hyperdimensional/Learning/arm_isro/arm_ws/build/isro_arm_moveit
