[0.031s] Invoking command in '/home/hyperdimensional/Learning/arm_isro/arm_ws/build/arm_description': CMAKE_PREFIX_PATH=/opt/ros/humble /usr/bin/cmake /home/hyperdimensional/Learning/arm_isro/arm_ws/src/arm_description -DAMENT_CMAKE_SYMLINK_INSTALL=1 -DCMAKE_INSTALL_PREFIX=/home/hyperdimensional/Learning/arm_isro/arm_ws/install/arm_description
[0.066s] -- Found ament_cmake: 1.3.8 (/opt/ros/humble/share/ament_cmake/cmake)
[0.278s] -- Override CMake install command with custom implementation using symlinks instead of copying resources
[0.289s] -- Found ament_lint_auto: 0.12.10 (/opt/ros/humble/share/ament_lint_auto/cmake)
[0.434s] -- Added test 'flake8' to check Python code syntax and style conventions
[0.437s] -- Added test 'lint_cmake' to check CMake code style
[0.438s] -- Added test 'pep257' to check Python code against some of the docstring style conventions in PEP 257
[0.451s] -- Added test 'xmllint' to check XML markup files
[0.452s] -- Configuring done
[0.459s] -- Generating done
[0.462s] -- Build files have been written to: /home/hyperdimensional/Learning/arm_isro/arm_ws/build/arm_description
[0.471s] Invoked command in '/home/hyperdimensional/Learning/arm_isro/arm_ws/build/arm_description' returned '0': CMAKE_PREFIX_PATH=/opt/ros/humble /usr/bin/cmake /home/hyperdimensional/Learning/arm_isro/arm_ws/src/arm_description -DAMENT_CMAKE_SYMLINK_INSTALL=1 -DCMAKE_INSTALL_PREFIX=/home/hyperdimensional/Learning/arm_isro/arm_ws/install/arm_description
[0.475s] Invoking command in '/home/hyperdimensional/Learning/arm_isro/arm_ws/build/arm_description': CMAKE_PREFIX_PATH=/opt/ros/humble /usr/bin/cmake --build /home/hyperdimensional/Learning/arm_isro/arm_ws/build/arm_description -- -j16 -l16
[0.570s] Invoked command in '/home/hyperdimensional/Learning/arm_isro/arm_ws/build/arm_description' returned '0': CMAKE_PREFIX_PATH=/opt/ros/humble /usr/bin/cmake --build /home/hyperdimensional/Learning/arm_isro/arm_ws/build/arm_description -- -j16 -l16
[0.613s] Invoking command in '/home/hyperdimensional/Learning/arm_isro/arm_ws/build/arm_description': CMAKE_PREFIX_PATH=/opt/ros/humble /usr/bin/cmake --install /home/hyperdimensional/Learning/arm_isro/arm_ws/build/arm_description
[0.624s] -- Install configuration: ""
[0.625s] -- Execute custom install script
[0.625s] -- Up-to-date symlink: /home/hyperdimensional/Learning/arm_isro/arm_ws/install/arm_description/share/arm_description/meshes/320link.STL
[0.626s] -- Up-to-date symlink: /home/hyperdimensional/Learning/arm_isro/arm_ws/install/arm_description/share/arm_description/meshes/Part3.STL
[0.626s] -- Up-to-date symlink: /home/hyperdimensional/Learning/arm_isro/arm_ws/install/arm_description/share/arm_description/meshes/URDFCAD1.STL
[0.626s] -- Up-to-date symlink: /home/hyperdimensional/Learning/arm_isro/arm_ws/install/arm_description/share/arm_description/meshes/base.STL
[0.626s] -- Up-to-date symlink: /home/hyperdimensional/Learning/arm_isro/arm_ws/install/arm_description/share/arm_description/meshes/correctendeffectorsupport.STL
[0.627s] -- Up-to-date symlink: /home/hyperdimensional/Learning/arm_isro/arm_ws/install/arm_description/share/arm_description/meshes/left_finger.STL
[0.627s] -- Up-to-date symlink: /home/hyperdimensional/Learning/arm_isro/arm_ws/install/arm_description/share/arm_description/meshes/link.STL
[0.627s] -- Up-to-date symlink: /home/hyperdimensional/Learning/arm_isro/arm_ws/install/arm_description/share/arm_description/meshes/right_finger.STL
[0.627s] -- Up-to-date symlink: /home/hyperdimensional/Learning/arm_isro/arm_ws/install/arm_description/share/arm_description/meshes/solidworkszero300link.STL
[0.627s] -- Up-to-date symlink: /home/hyperdimensional/Learning/arm_isro/arm_ws/install/arm_description/share/arm_description/meshes/solidworkszeroendeffectormount.STL
[0.627s] -- Up-to-date symlink: /home/hyperdimensional/Learning/arm_isro/arm_ws/install/arm_description/share/arm_description/meshes/solidworkszerowrist.STL
[0.628s] -- Up-to-date symlink: /home/hyperdimensional/Learning/arm_isro/arm_ws/install/arm_description/share/arm_description/urdf/arm.urdf.xacro
[0.628s] -- Up-to-date symlink: /home/hyperdimensional/Learning/arm_isro/arm_ws/install/arm_description/share/arm_description/urdf/arm_gazebo.xacro
[0.628s] -- Up-to-date symlink: /home/hyperdimensional/Learning/arm_isro/arm_ws/install/arm_description/share/arm_description/urdf/arm_ros2_control.xacro
[0.628s] -- Up-to-date symlink: /home/hyperdimensional/Learning/arm_isro/arm_ws/install/arm_description/share/arm_description/launch/display.launch.py
[0.628s] -- Up-to-date symlink: /home/hyperdimensional/Learning/arm_isro/arm_ws/install/arm_description/share/arm_description/launch/gazebo.launch.py
[0.628s] -- Up-to-date symlink: /home/hyperdimensional/Learning/arm_isro/arm_ws/install/arm_description/share/arm_description/rviz/display.rviz
[0.629s] -- Up-to-date symlink: /home/hyperdimensional/Learning/arm_isro/arm_ws/install/arm_description/share/arm_description/models/ground_plane/model-1_2.sdf
[0.629s] -- Up-to-date symlink: /home/hyperdimensional/Learning/arm_isro/arm_ws/install/arm_description/share/arm_description/models/ground_plane/model-1_3.sdf
[0.629s] -- Up-to-date symlink: /home/hyperdimensional/Learning/arm_isro/arm_ws/install/arm_description/share/arm_description/models/ground_plane/model-1_4.sdf
[0.629s] -- Up-to-date symlink: /home/hyperdimensional/Learning/arm_isro/arm_ws/install/arm_description/share/arm_description/models/ground_plane/model.config
[0.630s] -- Up-to-date symlink: /home/hyperdimensional/Learning/arm_isro/arm_ws/install/arm_description/share/arm_description/models/ground_plane/model.sdf
[0.630s] -- Up-to-date symlink: /home/hyperdimensional/Learning/arm_isro/arm_ws/install/arm_description/share/arm_description/models/sun/model-1_2.sdf
[0.630s] -- Up-to-date symlink: /home/hyperdimensional/Learning/arm_isro/arm_ws/install/arm_description/share/arm_description/models/sun/model-1_3.sdf
[0.630s] -- Up-to-date symlink: /home/hyperdimensional/Learning/arm_isro/arm_ws/install/arm_description/share/arm_description/models/sun/model-1_4.sdf
[0.630s] -- Up-to-date symlink: /home/hyperdimensional/Learning/arm_isro/arm_ws/install/arm_description/share/arm_description/models/sun/model.config
[0.631s] -- Up-to-date symlink: /home/hyperdimensional/Learning/arm_isro/arm_ws/install/arm_description/share/arm_description/models/sun/model.sdf
[0.631s] -- Up-to-date symlink: /home/hyperdimensional/Learning/arm_isro/arm_ws/install/arm_description/share/ament_index/resource_index/package_run_dependencies/arm_description
[0.631s] -- Up-to-date symlink: /home/hyperdimensional/Learning/arm_isro/arm_ws/install/arm_description/share/ament_index/resource_index/parent_prefix_path/arm_description
[0.631s] -- Up-to-date symlink: /home/hyperdimensional/Learning/arm_isro/arm_ws/install/arm_description/share/arm_description/environment/ament_prefix_path.sh
[0.632s] -- Up-to-date symlink: /home/hyperdimensional/Learning/arm_isro/arm_ws/install/arm_description/share/arm_description/environment/ament_prefix_path.dsv
[0.632s] -- Up-to-date symlink: /home/hyperdimensional/Learning/arm_isro/arm_ws/install/arm_description/share/arm_description/environment/path.sh
[0.632s] -- Up-to-date symlink: /home/hyperdimensional/Learning/arm_isro/arm_ws/install/arm_description/share/arm_description/environment/path.dsv
[0.633s] -- Up-to-date symlink: /home/hyperdimensional/Learning/arm_isro/arm_ws/install/arm_description/share/arm_description/local_setup.bash
[0.633s] -- Up-to-date symlink: /home/hyperdimensional/Learning/arm_isro/arm_ws/install/arm_description/share/arm_description/local_setup.sh
[0.633s] -- Up-to-date symlink: /home/hyperdimensional/Learning/arm_isro/arm_ws/install/arm_description/share/arm_description/local_setup.zsh
[0.634s] -- Up-to-date symlink: /home/hyperdimensional/Learning/arm_isro/arm_ws/install/arm_description/share/arm_description/local_setup.dsv
[0.634s] -- Symlinking: /home/hyperdimensional/Learning/arm_isro/arm_ws/install/arm_description/share/arm_description/package.dsv
[0.653s] -- Up-to-date symlink: /home/hyperdimensional/Learning/arm_isro/arm_ws/install/arm_description/share/ament_index/resource_index/packages/arm_description
[0.654s] -- Up-to-date symlink: /home/hyperdimensional/Learning/arm_isro/arm_ws/install/arm_description/share/arm_description/cmake/arm_descriptionConfig.cmake
[0.654s] -- Up-to-date symlink: /home/hyperdimensional/Learning/arm_isro/arm_ws/install/arm_description/share/arm_description/cmake/arm_descriptionConfig-version.cmake
[0.654s] -- Up-to-date symlink: /home/hyperdimensional/Learning/arm_isro/arm_ws/install/arm_description/share/arm_description/package.xml
[0.685s] Invoked command in '/home/hyperdimensional/Learning/arm_isro/arm_ws/build/arm_description' returned '0': CMAKE_PREFIX_PATH=/opt/ros/humble /usr/bin/cmake --install /home/hyperdimensional/Learning/arm_isro/arm_ws/build/arm_description
