[0.014s] Invoking command in '/home/hyperdimensional/Learning/arm_isro/arm_ws/build/arm_controller': CMAKE_PREFIX_PATH=${CMAKE_PREFIX_PATH}:/opt/ros/humble /usr/bin/cmake --build /home/hyperdimensional/Learning/arm_isro/arm_ws/build/arm_controller -- -j16 -l16
[0.052s] -- Found ament_cmake: 1.3.8 (/opt/ros/humble/share/ament_cmake/cmake)
[0.268s] -- Found ament_lint_auto: 0.12.10 (/opt/ros/humble/share/ament_lint_auto/cmake)
[0.376s] -- Added test 'lint_cmake' to check CMake code style
[0.379s] -- Added test 'xmllint' to check XML markup files
[0.381s] -- Configuring done
[0.389s] -- Generating done
[0.392s] -- Build files have been written to: /home/hyperdimensional/Learning/arm_isro/arm_ws/build/arm_controller
[0.434s] Invoked command in '/home/hyperdimensional/Learning/arm_isro/arm_ws/build/arm_controller' returned '0': CMAKE_PREFIX_PATH=${CMAKE_PREFIX_PATH}:/opt/ros/humble /usr/bin/cmake --build /home/hyperdimensional/Learning/arm_isro/arm_ws/build/arm_controller -- -j16 -l16
[0.486s] Invoking command in '/home/hyperdimensional/Learning/arm_isro/arm_ws/build/arm_controller': CMAKE_PREFIX_PATH=${CMAKE_PREFIX_PATH}:/opt/ros/humble /usr/bin/cmake --install /home/hyperdimensional/Learning/arm_isro/arm_ws/build/arm_controller
[0.502s] -- Install configuration: ""
[0.502s] -- Installing: /home/hyperdimensional/Learning/arm_isro/arm_ws/install/arm_controller/share/arm_controller/config
[0.502s] -- Installing: /home/hyperdimensional/Learning/arm_isro/arm_ws/install/arm_controller/share/arm_controller/config/arm_controllers.yaml
[0.502s] -- Up-to-date: /home/hyperdimensional/Learning/arm_isro/arm_ws/install/arm_controller/share/ament_index/resource_index/package_run_dependencies/arm_controller
[0.502s] -- Up-to-date: /home/hyperdimensional/Learning/arm_isro/arm_ws/install/arm_controller/share/ament_index/resource_index/parent_prefix_path/arm_controller
[0.502s] -- Up-to-date: /home/hyperdimensional/Learning/arm_isro/arm_ws/install/arm_controller/share/arm_controller/environment/ament_prefix_path.sh
[0.503s] -- Installing: /home/hyperdimensional/Learning/arm_isro/arm_ws/install/arm_controller/share/arm_controller/environment/ament_prefix_path.dsv
[0.503s] -- Up-to-date: /home/hyperdimensional/Learning/arm_isro/arm_ws/install/arm_controller/share/arm_controller/environment/path.sh
[0.503s] -- Installing: /home/hyperdimensional/Learning/arm_isro/arm_ws/install/arm_controller/share/arm_controller/environment/path.dsv
[0.503s] -- Up-to-date: /home/hyperdimensional/Learning/arm_isro/arm_ws/install/arm_controller/share/arm_controller/local_setup.bash
[0.503s] -- Up-to-date: /home/hyperdimensional/Learning/arm_isro/arm_ws/install/arm_controller/share/arm_controller/local_setup.sh
[0.503s] -- Up-to-date: /home/hyperdimensional/Learning/arm_isro/arm_ws/install/arm_controller/share/arm_controller/local_setup.zsh
[0.504s] -- Installing: /home/hyperdimensional/Learning/arm_isro/arm_ws/install/arm_controller/share/arm_controller/local_setup.dsv
[0.504s] -- Installing: /home/hyperdimensional/Learning/arm_isro/arm_ws/install/arm_controller/share/arm_controller/package.dsv
[0.504s] -- Up-to-date: /home/hyperdimensional/Learning/arm_isro/arm_ws/install/arm_controller/share/ament_index/resource_index/packages/arm_controller
[0.504s] -- Up-to-date: /home/hyperdimensional/Learning/arm_isro/arm_ws/install/arm_controller/share/arm_controller/cmake/arm_controllerConfig.cmake
[0.504s] -- Up-to-date: /home/hyperdimensional/Learning/arm_isro/arm_ws/install/arm_controller/share/arm_controller/cmake/arm_controllerConfig-version.cmake
[0.504s] -- Up-to-date: /home/hyperdimensional/Learning/arm_isro/arm_ws/install/arm_controller/share/arm_controller/package.xml
[0.509s] Invoked command in '/home/hyperdimensional/Learning/arm_isro/arm_ws/build/arm_controller' returned '0': CMAKE_PREFIX_PATH=${CMAKE_PREFIX_PATH}:/opt/ros/humble /usr/bin/cmake --install /home/hyperdimensional/Learning/arm_isro/arm_ws/build/arm_controller
