[0.142s] DEBUG:colcon:Command line arguments: ['/usr/bin/colcon', 'build', '--symlink-install']
[0.143s] DEBUG:colcon:Parsed command line arguments: Namespace(log_base=None, log_level=None, verb_name='build', build_base='build', install_base='install', merge_install=False, symlink_install=True, test_result_base=None, continue_on_error=False, executor='parallel', parallel_workers=16, event_handlers=None, ignore_user_meta=False, metas=['./colcon.meta'], base_paths=['.'], packages_ignore=None, packages_ignore_regex=None, paths=None, packages_up_to=None, packages_up_to_regex=None, packages_above=None, packages_above_and_dependencies=None, packages_above_depth=None, packages_select_by_dep=None, packages_skip_by_dep=None, packages_skip_up_to=None, packages_select_build_failed=False, packages_skip_build_finished=False, packages_select_test_failures=False, packages_skip_test_passed=False, packages_select=None, packages_skip=None, packages_select_regex=None, packages_skip_regex=None, packages_start=None, packages_end=None, allow_overriding=[], cmake_args=None, cmake_target=None, cmake_target_skip_unavailable=False, cmake_clean_cache=False, cmake_clean_first=False, cmake_force_configure=False, ament_cmake_args=None, catkin_cmake_args=None, catkin_skip_building_tests=False, mixin_files=None, mixin=None, verb_parser=<colcon_mixin.mixin.mixin_argument.MixinArgumentDecorator object at 0x7e86b6645750>, verb_extension=<colcon_core.verb.build.BuildVerb object at 0x7e86b675a650>, main=<bound method BuildVerb.main of <colcon_core.verb.build.BuildVerb object at 0x7e86b675a650>>, mixin_verb=('build',))
[0.372s] Level 1:colcon.colcon_core.package_discovery:discover_packages(colcon_meta) check parameters
[0.372s] Level 1:colcon.colcon_core.package_discovery:discover_packages(recursive) check parameters
[0.372s] Level 1:colcon.colcon_core.package_discovery:discover_packages(ignore) check parameters
[0.372s] Level 1:colcon.colcon_core.package_discovery:discover_packages(path) check parameters
[0.372s] Level 1:colcon.colcon_core.package_discovery:discover_packages(colcon_meta) discover
[0.372s] Level 1:colcon.colcon_core.package_discovery:discover_packages(recursive) discover
[0.372s] INFO:colcon.colcon_core.package_discovery:Crawling recursively for packages in '/home/hyperdimensional/Learning/arm_isro/arm_ws'
[0.373s] Level 1:colcon.colcon_core.package_identification:_identify(.) by extensions ['ignore', 'ignore_ament_install']
[0.373s] Level 1:colcon.colcon_core.package_identification:_identify(.) by extension 'ignore'
[0.373s] Level 1:colcon.colcon_core.package_identification:_identify(.) by extension 'ignore_ament_install'
[0.373s] Level 1:colcon.colcon_core.package_identification:_identify(.) by extensions ['colcon_pkg']
[0.373s] Level 1:colcon.colcon_core.package_identification:_identify(.) by extension 'colcon_pkg'
[0.373s] Level 1:colcon.colcon_core.package_identification:_identify(.) by extensions ['colcon_meta']
[0.373s] Level 1:colcon.colcon_core.package_identification:_identify(.) by extension 'colcon_meta'
[0.373s] Level 1:colcon.colcon_core.package_identification:_identify(.) by extensions ['ros']
[0.373s] Level 1:colcon.colcon_core.package_identification:_identify(.) by extension 'ros'
[0.388s] Level 1:colcon.colcon_core.package_identification:_identify(.) by extensions ['cmake', 'python']
[0.389s] Level 1:colcon.colcon_core.package_identification:_identify(.) by extension 'cmake'
[0.389s] Level 1:colcon.colcon_core.package_identification:_identify(.) by extension 'python'
[0.389s] Level 1:colcon.colcon_core.package_identification:_identify(.) by extensions ['python_setup_py']
[0.389s] Level 1:colcon.colcon_core.package_identification:_identify(.) by extension 'python_setup_py'
[0.389s] Level 1:colcon.colcon_core.package_identification:_identify(build) by extensions ['ignore', 'ignore_ament_install']
[0.389s] Level 1:colcon.colcon_core.package_identification:_identify(build) by extension 'ignore'
[0.389s] Level 1:colcon.colcon_core.package_identification:_identify(build) ignored
[0.389s] Level 1:colcon.colcon_core.package_identification:_identify(install) by extensions ['ignore', 'ignore_ament_install']
[0.389s] Level 1:colcon.colcon_core.package_identification:_identify(install) by extension 'ignore'
[0.390s] Level 1:colcon.colcon_core.package_identification:_identify(install) ignored
[0.391s] Level 1:colcon.colcon_core.package_identification:_identify(log) by extensions ['ignore', 'ignore_ament_install']
[0.391s] Level 1:colcon.colcon_core.package_identification:_identify(log) by extension 'ignore'
[0.391s] Level 1:colcon.colcon_core.package_identification:_identify(log) ignored
[0.391s] Level 1:colcon.colcon_core.package_identification:_identify(src) by extensions ['ignore', 'ignore_ament_install']
[0.391s] Level 1:colcon.colcon_core.package_identification:_identify(src) by extension 'ignore'
[0.391s] Level 1:colcon.colcon_core.package_identification:_identify(src) by extension 'ignore_ament_install'
[0.391s] Level 1:colcon.colcon_core.package_identification:_identify(src) by extensions ['colcon_pkg']
[0.391s] Level 1:colcon.colcon_core.package_identification:_identify(src) by extension 'colcon_pkg'
[0.391s] Level 1:colcon.colcon_core.package_identification:_identify(src) by extensions ['colcon_meta']
[0.392s] Level 1:colcon.colcon_core.package_identification:_identify(src) by extension 'colcon_meta'
[0.392s] Level 1:colcon.colcon_core.package_identification:_identify(src) by extensions ['ros']
[0.392s] Level 1:colcon.colcon_core.package_identification:_identify(src) by extension 'ros'
[0.392s] Level 1:colcon.colcon_core.package_identification:_identify(src) by extensions ['cmake', 'python']
[0.392s] Level 1:colcon.colcon_core.package_identification:_identify(src) by extension 'cmake'
[0.392s] Level 1:colcon.colcon_core.package_identification:_identify(src) by extension 'python'
[0.392s] Level 1:colcon.colcon_core.package_identification:_identify(src) by extensions ['python_setup_py']
[0.392s] Level 1:colcon.colcon_core.package_identification:_identify(src) by extension 'python_setup_py'
[0.392s] Level 1:colcon.colcon_core.package_identification:_identify(src/arm_description) by extensions ['ignore', 'ignore_ament_install']
[0.392s] Level 1:colcon.colcon_core.package_identification:_identify(src/arm_description) by extension 'ignore'
[0.392s] Level 1:colcon.colcon_core.package_identification:_identify(src/arm_description) by extension 'ignore_ament_install'
[0.392s] Level 1:colcon.colcon_core.package_identification:_identify(src/arm_description) by extensions ['colcon_pkg']
[0.392s] Level 1:colcon.colcon_core.package_identification:_identify(src/arm_description) by extension 'colcon_pkg'
[0.392s] Level 1:colcon.colcon_core.package_identification:_identify(src/arm_description) by extensions ['colcon_meta']
[0.392s] Level 1:colcon.colcon_core.package_identification:_identify(src/arm_description) by extension 'colcon_meta'
[0.393s] Level 1:colcon.colcon_core.package_identification:_identify(src/arm_description) by extensions ['ros']
[0.393s] Level 1:colcon.colcon_core.package_identification:_identify(src/arm_description) by extension 'ros'
[0.396s] DEBUG:colcon.colcon_core.package_identification:Package 'src/arm_description' with type 'ros.ament_cmake' and name 'arm_description'
[0.396s] Level 1:colcon.colcon_core.package_identification:_identify(src/isro_arm_controller) by extensions ['ignore', 'ignore_ament_install']
[0.396s] Level 1:colcon.colcon_core.package_identification:_identify(src/isro_arm_controller) by extension 'ignore'
[0.396s] Level 1:colcon.colcon_core.package_identification:_identify(src/isro_arm_controller) by extension 'ignore_ament_install'
[0.396s] Level 1:colcon.colcon_core.package_identification:_identify(src/isro_arm_controller) by extensions ['colcon_pkg']
[0.396s] Level 1:colcon.colcon_core.package_identification:_identify(src/isro_arm_controller) by extension 'colcon_pkg'
[0.396s] Level 1:colcon.colcon_core.package_identification:_identify(src/isro_arm_controller) by extensions ['colcon_meta']
[0.397s] Level 1:colcon.colcon_core.package_identification:_identify(src/isro_arm_controller) by extension 'colcon_meta'
[0.397s] Level 1:colcon.colcon_core.package_identification:_identify(src/isro_arm_controller) by extensions ['ros']
[0.397s] Level 1:colcon.colcon_core.package_identification:_identify(src/isro_arm_controller) by extension 'ros'
[0.397s] DEBUG:colcon.colcon_core.package_identification:Package 'src/isro_arm_controller' with type 'ros.ament_cmake' and name 'isro_arm_controller'
[0.398s] Level 1:colcon.colcon_core.package_identification:_identify(src/isro_arm_moveit) by extensions ['ignore', 'ignore_ament_install']
[0.398s] Level 1:colcon.colcon_core.package_identification:_identify(src/isro_arm_moveit) by extension 'ignore'
[0.398s] Level 1:colcon.colcon_core.package_identification:_identify(src/isro_arm_moveit) by extension 'ignore_ament_install'
[0.398s] Level 1:colcon.colcon_core.package_identification:_identify(src/isro_arm_moveit) by extensions ['colcon_pkg']
[0.398s] Level 1:colcon.colcon_core.package_identification:_identify(src/isro_arm_moveit) by extension 'colcon_pkg'
[0.398s] Level 1:colcon.colcon_core.package_identification:_identify(src/isro_arm_moveit) by extensions ['colcon_meta']
[0.398s] Level 1:colcon.colcon_core.package_identification:_identify(src/isro_arm_moveit) by extension 'colcon_meta'
[0.398s] Level 1:colcon.colcon_core.package_identification:_identify(src/isro_arm_moveit) by extensions ['ros']
[0.398s] Level 1:colcon.colcon_core.package_identification:_identify(src/isro_arm_moveit) by extension 'ros'
[0.399s] DEBUG:colcon.colcon_core.package_identification:Package 'src/isro_arm_moveit' with type 'ros.ament_cmake' and name 'isro_arm_moveit'
[0.399s] Level 1:colcon.colcon_core.package_discovery:discover_packages(recursive) using defaults
[0.399s] Level 1:colcon.colcon_core.package_discovery:discover_packages(ignore) discover
[0.399s] Level 1:colcon.colcon_core.package_discovery:discover_packages(ignore) using defaults
[0.399s] Level 1:colcon.colcon_core.package_discovery:discover_packages(path) discover
[0.399s] Level 1:colcon.colcon_core.package_discovery:discover_packages(path) using defaults
[0.460s] Level 1:colcon.colcon_core.package_discovery:discover_packages(prefix_path) check parameters
[0.460s] Level 1:colcon.colcon_core.package_discovery:discover_packages(prefix_path) discover
[0.464s] DEBUG:colcon.colcon_installed_package_information.package_discovery:Found 365 installed packages in /opt/ros/humble
[0.466s] Level 1:colcon.colcon_core.package_discovery:discover_packages(prefix_path) using defaults
[0.528s] Level 5:colcon.colcon_core.verb:set package 'arm_description' build argument 'cmake_args' from command line to 'None'
[0.528s] Level 5:colcon.colcon_core.verb:set package 'arm_description' build argument 'cmake_target' from command line to 'None'
[0.528s] Level 5:colcon.colcon_core.verb:set package 'arm_description' build argument 'cmake_target_skip_unavailable' from command line to 'False'
[0.528s] Level 5:colcon.colcon_core.verb:set package 'arm_description' build argument 'cmake_clean_cache' from command line to 'False'
[0.528s] Level 5:colcon.colcon_core.verb:set package 'arm_description' build argument 'cmake_clean_first' from command line to 'False'
[0.528s] Level 5:colcon.colcon_core.verb:set package 'arm_description' build argument 'cmake_force_configure' from command line to 'False'
[0.528s] Level 5:colcon.colcon_core.verb:set package 'arm_description' build argument 'ament_cmake_args' from command line to 'None'
[0.528s] Level 5:colcon.colcon_core.verb:set package 'arm_description' build argument 'catkin_cmake_args' from command line to 'None'
[0.529s] Level 5:colcon.colcon_core.verb:set package 'arm_description' build argument 'catkin_skip_building_tests' from command line to 'False'
[0.529s] DEBUG:colcon.colcon_core.verb:Building package 'arm_description' with the following arguments: {'ament_cmake_args': None, 'build_base': '/home/hyperdimensional/Learning/arm_isro/arm_ws/build/arm_description', 'catkin_cmake_args': None, 'catkin_skip_building_tests': False, 'cmake_args': None, 'cmake_clean_cache': False, 'cmake_clean_first': False, 'cmake_force_configure': False, 'cmake_target': None, 'cmake_target_skip_unavailable': False, 'install_base': '/home/hyperdimensional/Learning/arm_isro/arm_ws/install/arm_description', 'merge_install': False, 'path': '/home/hyperdimensional/Learning/arm_isro/arm_ws/src/arm_description', 'symlink_install': True, 'test_result_base': None}
[0.529s] Level 5:colcon.colcon_core.verb:set package 'isro_arm_controller' build argument 'cmake_args' from command line to 'None'
[0.529s] Level 5:colcon.colcon_core.verb:set package 'isro_arm_controller' build argument 'cmake_target' from command line to 'None'
[0.529s] Level 5:colcon.colcon_core.verb:set package 'isro_arm_controller' build argument 'cmake_target_skip_unavailable' from command line to 'False'
[0.529s] Level 5:colcon.colcon_core.verb:set package 'isro_arm_controller' build argument 'cmake_clean_cache' from command line to 'False'
[0.529s] Level 5:colcon.colcon_core.verb:set package 'isro_arm_controller' build argument 'cmake_clean_first' from command line to 'False'
[0.529s] Level 5:colcon.colcon_core.verb:set package 'isro_arm_controller' build argument 'cmake_force_configure' from command line to 'False'
[0.529s] Level 5:colcon.colcon_core.verb:set package 'isro_arm_controller' build argument 'ament_cmake_args' from command line to 'None'
[0.529s] Level 5:colcon.colcon_core.verb:set package 'isro_arm_controller' build argument 'catkin_cmake_args' from command line to 'None'
[0.529s] Level 5:colcon.colcon_core.verb:set package 'isro_arm_controller' build argument 'catkin_skip_building_tests' from command line to 'False'
[0.529s] DEBUG:colcon.colcon_core.verb:Building package 'isro_arm_controller' with the following arguments: {'ament_cmake_args': None, 'build_base': '/home/hyperdimensional/Learning/arm_isro/arm_ws/build/isro_arm_controller', 'catkin_cmake_args': None, 'catkin_skip_building_tests': False, 'cmake_args': None, 'cmake_clean_cache': False, 'cmake_clean_first': False, 'cmake_force_configure': False, 'cmake_target': None, 'cmake_target_skip_unavailable': False, 'install_base': '/home/hyperdimensional/Learning/arm_isro/arm_ws/install/isro_arm_controller', 'merge_install': False, 'path': '/home/hyperdimensional/Learning/arm_isro/arm_ws/src/isro_arm_controller', 'symlink_install': True, 'test_result_base': None}
[0.530s] Level 5:colcon.colcon_core.verb:set package 'isro_arm_moveit' build argument 'cmake_args' from command line to 'None'
[0.530s] Level 5:colcon.colcon_core.verb:set package 'isro_arm_moveit' build argument 'cmake_target' from command line to 'None'
[0.530s] Level 5:colcon.colcon_core.verb:set package 'isro_arm_moveit' build argument 'cmake_target_skip_unavailable' from command line to 'False'
[0.530s] Level 5:colcon.colcon_core.verb:set package 'isro_arm_moveit' build argument 'cmake_clean_cache' from command line to 'False'
[0.530s] Level 5:colcon.colcon_core.verb:set package 'isro_arm_moveit' build argument 'cmake_clean_first' from command line to 'False'
[0.530s] Level 5:colcon.colcon_core.verb:set package 'isro_arm_moveit' build argument 'cmake_force_configure' from command line to 'False'
[0.530s] Level 5:colcon.colcon_core.verb:set package 'isro_arm_moveit' build argument 'ament_cmake_args' from command line to 'None'
[0.530s] Level 5:colcon.colcon_core.verb:set package 'isro_arm_moveit' build argument 'catkin_cmake_args' from command line to 'None'
[0.530s] Level 5:colcon.colcon_core.verb:set package 'isro_arm_moveit' build argument 'catkin_skip_building_tests' from command line to 'False'
[0.530s] DEBUG:colcon.colcon_core.verb:Building package 'isro_arm_moveit' with the following arguments: {'ament_cmake_args': None, 'build_base': '/home/hyperdimensional/Learning/arm_isro/arm_ws/build/isro_arm_moveit', 'catkin_cmake_args': None, 'catkin_skip_building_tests': False, 'cmake_args': None, 'cmake_clean_cache': False, 'cmake_clean_first': False, 'cmake_force_configure': False, 'cmake_target': None, 'cmake_target_skip_unavailable': False, 'install_base': '/home/hyperdimensional/Learning/arm_isro/arm_ws/install/isro_arm_moveit', 'merge_install': False, 'path': '/home/hyperdimensional/Learning/arm_isro/arm_ws/src/isro_arm_moveit', 'symlink_install': True, 'test_result_base': None}
[0.530s] INFO:colcon.colcon_core.executor:Executing jobs using 'parallel' executor
[0.532s] DEBUG:colcon.colcon_parallel_executor.executor.parallel:run_until_complete
[0.533s] INFO:colcon.colcon_ros.task.ament_cmake.build:Building ROS package in '/home/hyperdimensional/Learning/arm_isro/arm_ws/src/arm_description' with build type 'ament_cmake'
[0.533s] INFO:colcon.colcon_cmake.task.cmake.build:Building CMake package in '/home/hyperdimensional/Learning/arm_isro/arm_ws/src/arm_description'
[0.535s] INFO:colcon.colcon_core.plugin_system:Skipping extension 'colcon_core.shell.bat': Not used on non-Windows systems
[0.536s] INFO:colcon.colcon_core.shell:Skip shell extension 'powershell' for command environment: Not usable outside of PowerShell
[0.536s] DEBUG:colcon.colcon_core.shell:Skip shell extension 'dsv' for command environment
[0.541s] INFO:colcon.colcon_ros.task.ament_cmake.build:Building ROS package in '/home/hyperdimensional/Learning/arm_isro/arm_ws/src/isro_arm_controller' with build type 'ament_cmake'
[0.541s] INFO:colcon.colcon_cmake.task.cmake.build:Building CMake package in '/home/hyperdimensional/Learning/arm_isro/arm_ws/src/isro_arm_controller'
[0.542s] INFO:colcon.colcon_core.shell:Skip shell extension 'powershell' for command environment: Not usable outside of PowerShell
[0.542s] DEBUG:colcon.colcon_core.shell:Skip shell extension 'dsv' for command environment
[0.547s] INFO:colcon.colcon_ros.task.ament_cmake.build:Building ROS package in '/home/hyperdimensional/Learning/arm_isro/arm_ws/src/isro_arm_moveit' with build type 'ament_cmake'
[0.547s] INFO:colcon.colcon_cmake.task.cmake.build:Building CMake package in '/home/hyperdimensional/Learning/arm_isro/arm_ws/src/isro_arm_moveit'
[0.548s] INFO:colcon.colcon_core.shell:Skip shell extension 'powershell' for command environment: Not usable outside of PowerShell
[0.548s] DEBUG:colcon.colcon_core.shell:Skip shell extension 'dsv' for command environment
[0.560s] DEBUG:colcon.colcon_core.event_handler.log_command:Invoking command in '/home/hyperdimensional/Learning/arm_isro/arm_ws/build/arm_description': CMAKE_PREFIX_PATH=/opt/ros/humble /usr/bin/cmake --build /home/hyperdimensional/Learning/arm_isro/arm_ws/build/arm_description -- -j16 -l16
[0.567s] DEBUG:colcon.colcon_core.event_handler.log_command:Invoking command in '/home/hyperdimensional/Learning/arm_isro/arm_ws/build/isro_arm_controller': CMAKE_PREFIX_PATH=/opt/ros/humble /usr/bin/cmake --build /home/hyperdimensional/Learning/arm_isro/arm_ws/build/isro_arm_controller -- -j16 -l16
[0.572s] DEBUG:colcon.colcon_core.event_handler.log_command:Invoking command in '/home/hyperdimensional/Learning/arm_isro/arm_ws/build/isro_arm_moveit': CMAKE_PREFIX_PATH=/opt/ros/humble /usr/bin/cmake --build /home/hyperdimensional/Learning/arm_isro/arm_ws/build/isro_arm_moveit -- -j16 -l16
[0.632s] DEBUG:colcon.colcon_core.event_handler.log_command:Invoked command in '/home/hyperdimensional/Learning/arm_isro/arm_ws/build/arm_description' returned '0': CMAKE_PREFIX_PATH=/opt/ros/humble /usr/bin/cmake --build /home/hyperdimensional/Learning/arm_isro/arm_ws/build/arm_description -- -j16 -l16
[0.636s] DEBUG:colcon.colcon_core.event_handler.log_command:Invoked command in '/home/hyperdimensional/Learning/arm_isro/arm_ws/build/isro_arm_moveit' returned '0': CMAKE_PREFIX_PATH=/opt/ros/humble /usr/bin/cmake --build /home/hyperdimensional/Learning/arm_isro/arm_ws/build/isro_arm_moveit -- -j16 -l16
[0.640s] DEBUG:colcon.colcon_core.event_handler.log_command:Invoked command in '/home/hyperdimensional/Learning/arm_isro/arm_ws/build/isro_arm_controller' returned '0': CMAKE_PREFIX_PATH=/opt/ros/humble /usr/bin/cmake --build /home/hyperdimensional/Learning/arm_isro/arm_ws/build/isro_arm_controller -- -j16 -l16
[0.688s] DEBUG:colcon.colcon_core.event_handler.log_command:Invoking command in '/home/hyperdimensional/Learning/arm_isro/arm_ws/build/arm_description': CMAKE_PREFIX_PATH=/opt/ros/humble /usr/bin/cmake --install /home/hyperdimensional/Learning/arm_isro/arm_ws/build/arm_description
[0.691s] DEBUG:colcon.colcon_core.event_handler.log_command:Invoking command in '/home/hyperdimensional/Learning/arm_isro/arm_ws/build/isro_arm_moveit': CMAKE_PREFIX_PATH=/opt/ros/humble /usr/bin/cmake --install /home/hyperdimensional/Learning/arm_isro/arm_ws/build/isro_arm_moveit
[0.694s] DEBUG:colcon.colcon_core.event_handler.log_command:Invoking command in '/home/hyperdimensional/Learning/arm_isro/arm_ws/build/isro_arm_controller': CMAKE_PREFIX_PATH=/opt/ros/humble /usr/bin/cmake --install /home/hyperdimensional/Learning/arm_isro/arm_ws/build/isro_arm_controller
[0.731s] Level 1:colcon.colcon_core.environment:create_environment_scripts_only(arm_description)
[0.733s] DEBUG:colcon.colcon_core.event_handler.log_command:Invoked command in '/home/hyperdimensional/Learning/arm_isro/arm_ws/build/arm_description' returned '0': CMAKE_PREFIX_PATH=/opt/ros/humble /usr/bin/cmake --install /home/hyperdimensional/Learning/arm_isro/arm_ws/build/arm_description
[0.736s] Level 1:colcon.colcon_core.environment:checking '/home/hyperdimensional/Learning/arm_isro/arm_ws/install/arm_description' for CMake module files
[0.737s] Level 1:colcon.colcon_core.environment:checking '/home/hyperdimensional/Learning/arm_isro/arm_ws/install/arm_description' for CMake config files
[0.738s] Level 1:colcon.colcon_core.shell:create_environment_hook('arm_description', 'cmake_prefix_path')
[0.738s] INFO:colcon.colcon_core.shell:Creating environment hook '/home/hyperdimensional/Learning/arm_isro/arm_ws/install/arm_description/share/arm_description/hook/cmake_prefix_path.ps1'
[0.740s] INFO:colcon.colcon_core.shell:Creating environment descriptor '/home/hyperdimensional/Learning/arm_isro/arm_ws/install/arm_description/share/arm_description/hook/cmake_prefix_path.dsv'
[0.741s] INFO:colcon.colcon_core.shell:Creating environment hook '/home/hyperdimensional/Learning/arm_isro/arm_ws/install/arm_description/share/arm_description/hook/cmake_prefix_path.sh'
[0.742s] Level 1:colcon.colcon_core.environment:checking '/home/hyperdimensional/Learning/arm_isro/arm_ws/install/arm_description/bin'
[0.742s] Level 1:colcon.colcon_core.environment:checking '/home/hyperdimensional/Learning/arm_isro/arm_ws/install/arm_description/lib/pkgconfig/arm_description.pc'
[0.743s] Level 1:colcon.colcon_core.environment:checking '/home/hyperdimensional/Learning/arm_isro/arm_ws/install/arm_description/lib/python3.10/site-packages'
[0.743s] Level 1:colcon.colcon_core.environment:checking '/home/hyperdimensional/Learning/arm_isro/arm_ws/install/arm_description/bin'
[0.744s] INFO:colcon.colcon_core.shell:Creating package script '/home/hyperdimensional/Learning/arm_isro/arm_ws/install/arm_description/share/arm_description/package.ps1'
[0.745s] INFO:colcon.colcon_core.shell:Creating package descriptor '/home/hyperdimensional/Learning/arm_isro/arm_ws/install/arm_description/share/arm_description/package.dsv'
[0.746s] INFO:colcon.colcon_core.shell:Creating package script '/home/hyperdimensional/Learning/arm_isro/arm_ws/install/arm_description/share/arm_description/package.sh'
[0.747s] INFO:colcon.colcon_core.shell:Creating package script '/home/hyperdimensional/Learning/arm_isro/arm_ws/install/arm_description/share/arm_description/package.bash'
[0.749s] INFO:colcon.colcon_core.shell:Creating package script '/home/hyperdimensional/Learning/arm_isro/arm_ws/install/arm_description/share/arm_description/package.zsh'
[0.750s] Level 1:colcon.colcon_core.environment:create_file_with_runtime_dependencies(/home/hyperdimensional/Learning/arm_isro/arm_ws/install/arm_description/share/colcon-core/packages/arm_description)
[0.754s] Level 1:colcon.colcon_core.environment:create_environment_scripts_only(isro_arm_moveit)
[0.755s] Level 1:colcon.colcon_core.environment:checking '/home/hyperdimensional/Learning/arm_isro/arm_ws/install/isro_arm_moveit' for CMake module files
[0.756s] DEBUG:colcon.colcon_core.event_handler.log_command:Invoked command in '/home/hyperdimensional/Learning/arm_isro/arm_ws/build/isro_arm_moveit' returned '0': CMAKE_PREFIX_PATH=/opt/ros/humble /usr/bin/cmake --install /home/hyperdimensional/Learning/arm_isro/arm_ws/build/isro_arm_moveit
[0.756s] Level 1:colcon.colcon_core.environment:checking '/home/hyperdimensional/Learning/arm_isro/arm_ws/install/isro_arm_moveit' for CMake config files
[0.757s] Level 1:colcon.colcon_core.shell:create_environment_hook('isro_arm_moveit', 'cmake_prefix_path')
[0.757s] INFO:colcon.colcon_core.shell:Creating environment hook '/home/hyperdimensional/Learning/arm_isro/arm_ws/install/isro_arm_moveit/share/isro_arm_moveit/hook/cmake_prefix_path.ps1'
[0.758s] INFO:colcon.colcon_core.shell:Creating environment descriptor '/home/hyperdimensional/Learning/arm_isro/arm_ws/install/isro_arm_moveit/share/isro_arm_moveit/hook/cmake_prefix_path.dsv'
[0.759s] INFO:colcon.colcon_core.shell:Creating environment hook '/home/hyperdimensional/Learning/arm_isro/arm_ws/install/isro_arm_moveit/share/isro_arm_moveit/hook/cmake_prefix_path.sh'
[0.759s] Level 1:colcon.colcon_core.environment:checking '/home/hyperdimensional/Learning/arm_isro/arm_ws/install/isro_arm_moveit/bin'
[0.759s] Level 1:colcon.colcon_core.environment:checking '/home/hyperdimensional/Learning/arm_isro/arm_ws/install/isro_arm_moveit/lib/pkgconfig/isro_arm_moveit.pc'
[0.760s] Level 1:colcon.colcon_core.environment:checking '/home/hyperdimensional/Learning/arm_isro/arm_ws/install/isro_arm_moveit/lib/python3.10/site-packages'
[0.760s] Level 1:colcon.colcon_core.environment:checking '/home/hyperdimensional/Learning/arm_isro/arm_ws/install/isro_arm_moveit/bin'
[0.760s] INFO:colcon.colcon_core.shell:Creating package script '/home/hyperdimensional/Learning/arm_isro/arm_ws/install/isro_arm_moveit/share/isro_arm_moveit/package.ps1'
[0.761s] INFO:colcon.colcon_core.shell:Creating package descriptor '/home/hyperdimensional/Learning/arm_isro/arm_ws/install/isro_arm_moveit/share/isro_arm_moveit/package.dsv'
[0.762s] INFO:colcon.colcon_core.shell:Creating package script '/home/hyperdimensional/Learning/arm_isro/arm_ws/install/isro_arm_moveit/share/isro_arm_moveit/package.sh'
[0.762s] INFO:colcon.colcon_core.shell:Creating package script '/home/hyperdimensional/Learning/arm_isro/arm_ws/install/isro_arm_moveit/share/isro_arm_moveit/package.bash'
[0.763s] INFO:colcon.colcon_core.shell:Creating package script '/home/hyperdimensional/Learning/arm_isro/arm_ws/install/isro_arm_moveit/share/isro_arm_moveit/package.zsh'
[0.764s] Level 1:colcon.colcon_core.environment:create_file_with_runtime_dependencies(/home/hyperdimensional/Learning/arm_isro/arm_ws/install/isro_arm_moveit/share/colcon-core/packages/isro_arm_moveit)
[0.765s] Level 1:colcon.colcon_core.environment:create_environment_scripts_only(isro_arm_controller)
[0.766s] Level 1:colcon.colcon_core.environment:checking '/home/hyperdimensional/Learning/arm_isro/arm_ws/install/isro_arm_controller' for CMake module files
[0.767s] DEBUG:colcon.colcon_core.event_handler.log_command:Invoked command in '/home/hyperdimensional/Learning/arm_isro/arm_ws/build/isro_arm_controller' returned '0': CMAKE_PREFIX_PATH=/opt/ros/humble /usr/bin/cmake --install /home/hyperdimensional/Learning/arm_isro/arm_ws/build/isro_arm_controller
[0.767s] Level 1:colcon.colcon_core.environment:checking '/home/hyperdimensional/Learning/arm_isro/arm_ws/install/isro_arm_controller' for CMake config files
[0.768s] Level 1:colcon.colcon_core.shell:create_environment_hook('isro_arm_controller', 'cmake_prefix_path')
[0.768s] INFO:colcon.colcon_core.shell:Creating environment hook '/home/hyperdimensional/Learning/arm_isro/arm_ws/install/isro_arm_controller/share/isro_arm_controller/hook/cmake_prefix_path.ps1'
[0.769s] INFO:colcon.colcon_core.shell:Creating environment descriptor '/home/hyperdimensional/Learning/arm_isro/arm_ws/install/isro_arm_controller/share/isro_arm_controller/hook/cmake_prefix_path.dsv'
[0.769s] INFO:colcon.colcon_core.shell:Creating environment hook '/home/hyperdimensional/Learning/arm_isro/arm_ws/install/isro_arm_controller/share/isro_arm_controller/hook/cmake_prefix_path.sh'
[0.770s] Level 1:colcon.colcon_core.environment:checking '/home/hyperdimensional/Learning/arm_isro/arm_ws/install/isro_arm_controller/bin'
[0.770s] Level 1:colcon.colcon_core.environment:checking '/home/hyperdimensional/Learning/arm_isro/arm_ws/install/isro_arm_controller/lib/pkgconfig/isro_arm_controller.pc'
[0.771s] Level 1:colcon.colcon_core.environment:checking '/home/hyperdimensional/Learning/arm_isro/arm_ws/install/isro_arm_controller/lib/python3.10/site-packages'
[0.771s] Level 1:colcon.colcon_core.environment:checking '/home/hyperdimensional/Learning/arm_isro/arm_ws/install/isro_arm_controller/bin'
[0.771s] INFO:colcon.colcon_core.shell:Creating package script '/home/hyperdimensional/Learning/arm_isro/arm_ws/install/isro_arm_controller/share/isro_arm_controller/package.ps1'
[0.772s] INFO:colcon.colcon_core.shell:Creating package descriptor '/home/hyperdimensional/Learning/arm_isro/arm_ws/install/isro_arm_controller/share/isro_arm_controller/package.dsv'
[0.773s] INFO:colcon.colcon_core.shell:Creating package script '/home/hyperdimensional/Learning/arm_isro/arm_ws/install/isro_arm_controller/share/isro_arm_controller/package.sh'
[0.773s] INFO:colcon.colcon_core.shell:Creating package script '/home/hyperdimensional/Learning/arm_isro/arm_ws/install/isro_arm_controller/share/isro_arm_controller/package.bash'
[0.774s] INFO:colcon.colcon_core.shell:Creating package script '/home/hyperdimensional/Learning/arm_isro/arm_ws/install/isro_arm_controller/share/isro_arm_controller/package.zsh'
[0.775s] Level 1:colcon.colcon_core.environment:create_file_with_runtime_dependencies(/home/hyperdimensional/Learning/arm_isro/arm_ws/install/isro_arm_controller/share/colcon-core/packages/isro_arm_controller)
[0.799s] Level 1:colcon.colcon_core.environment:create_environment_scripts_only(arm_description)
[0.800s] Level 1:colcon.colcon_core.environment:checking '/home/hyperdimensional/Learning/arm_isro/arm_ws/install/arm_description' for CMake module files
[0.800s] Level 1:colcon.colcon_core.environment:checking '/home/hyperdimensional/Learning/arm_isro/arm_ws/install/arm_description' for CMake config files
[0.801s] Level 1:colcon.colcon_core.shell:create_environment_hook('arm_description', 'cmake_prefix_path')
[0.801s] INFO:colcon.colcon_core.shell:Creating environment hook '/home/hyperdimensional/Learning/arm_isro/arm_ws/install/arm_description/share/arm_description/hook/cmake_prefix_path.ps1'
[0.802s] INFO:colcon.colcon_core.shell:Creating environment descriptor '/home/hyperdimensional/Learning/arm_isro/arm_ws/install/arm_description/share/arm_description/hook/cmake_prefix_path.dsv'
[0.802s] INFO:colcon.colcon_core.shell:Creating environment hook '/home/hyperdimensional/Learning/arm_isro/arm_ws/install/arm_description/share/arm_description/hook/cmake_prefix_path.sh'
[0.803s] Level 1:colcon.colcon_core.environment:checking '/home/hyperdimensional/Learning/arm_isro/arm_ws/install/arm_description/bin'
[0.803s] Level 1:colcon.colcon_core.environment:checking '/home/hyperdimensional/Learning/arm_isro/arm_ws/install/arm_description/lib/pkgconfig/arm_description.pc'
[0.804s] Level 1:colcon.colcon_core.environment:checking '/home/hyperdimensional/Learning/arm_isro/arm_ws/install/arm_description/lib/python3.10/site-packages'
[0.804s] Level 1:colcon.colcon_core.environment:checking '/home/hyperdimensional/Learning/arm_isro/arm_ws/install/arm_description/bin'
[0.804s] INFO:colcon.colcon_core.shell:Creating package script '/home/hyperdimensional/Learning/arm_isro/arm_ws/install/arm_description/share/arm_description/package.ps1'
[0.805s] INFO:colcon.colcon_core.shell:Creating package descriptor '/home/hyperdimensional/Learning/arm_isro/arm_ws/install/arm_description/share/arm_description/package.dsv'
[0.806s] INFO:colcon.colcon_core.shell:Creating package script '/home/hyperdimensional/Learning/arm_isro/arm_ws/install/arm_description/share/arm_description/package.sh'
[0.806s] INFO:colcon.colcon_core.shell:Creating package script '/home/hyperdimensional/Learning/arm_isro/arm_ws/install/arm_description/share/arm_description/package.bash'
[0.807s] INFO:colcon.colcon_core.shell:Creating package script '/home/hyperdimensional/Learning/arm_isro/arm_ws/install/arm_description/share/arm_description/package.zsh'
[0.807s] Level 1:colcon.colcon_core.environment:create_file_with_runtime_dependencies(/home/hyperdimensional/Learning/arm_isro/arm_ws/install/arm_description/share/colcon-core/packages/arm_description)
[0.809s] Level 1:colcon.colcon_core.environment:create_environment_scripts_only(isro_arm_moveit)
[0.809s] Level 1:colcon.colcon_core.environment:checking '/home/hyperdimensional/Learning/arm_isro/arm_ws/install/isro_arm_moveit' for CMake module files
[0.810s] Level 1:colcon.colcon_core.environment:checking '/home/hyperdimensional/Learning/arm_isro/arm_ws/install/isro_arm_moveit' for CMake config files
[0.811s] Level 1:colcon.colcon_core.shell:create_environment_hook('isro_arm_moveit', 'cmake_prefix_path')
[0.812s] INFO:colcon.colcon_core.shell:Creating environment hook '/home/hyperdimensional/Learning/arm_isro/arm_ws/install/isro_arm_moveit/share/isro_arm_moveit/hook/cmake_prefix_path.ps1'
[0.812s] INFO:colcon.colcon_core.shell:Creating environment descriptor '/home/hyperdimensional/Learning/arm_isro/arm_ws/install/isro_arm_moveit/share/isro_arm_moveit/hook/cmake_prefix_path.dsv'
[0.813s] INFO:colcon.colcon_core.shell:Creating environment hook '/home/hyperdimensional/Learning/arm_isro/arm_ws/install/isro_arm_moveit/share/isro_arm_moveit/hook/cmake_prefix_path.sh'
[0.814s] Level 1:colcon.colcon_core.environment:checking '/home/hyperdimensional/Learning/arm_isro/arm_ws/install/isro_arm_moveit/bin'
[0.814s] Level 1:colcon.colcon_core.environment:checking '/home/hyperdimensional/Learning/arm_isro/arm_ws/install/isro_arm_moveit/lib/pkgconfig/isro_arm_moveit.pc'
[0.814s] Level 1:colcon.colcon_core.environment:checking '/home/hyperdimensional/Learning/arm_isro/arm_ws/install/isro_arm_moveit/lib/python3.10/site-packages'
[0.814s] Level 1:colcon.colcon_core.environment:checking '/home/hyperdimensional/Learning/arm_isro/arm_ws/install/isro_arm_moveit/bin'
[0.815s] INFO:colcon.colcon_core.shell:Creating package script '/home/hyperdimensional/Learning/arm_isro/arm_ws/install/isro_arm_moveit/share/isro_arm_moveit/package.ps1'
[0.815s] INFO:colcon.colcon_core.shell:Creating package descriptor '/home/hyperdimensional/Learning/arm_isro/arm_ws/install/isro_arm_moveit/share/isro_arm_moveit/package.dsv'
[0.816s] INFO:colcon.colcon_core.shell:Creating package script '/home/hyperdimensional/Learning/arm_isro/arm_ws/install/isro_arm_moveit/share/isro_arm_moveit/package.sh'
[0.817s] INFO:colcon.colcon_core.shell:Creating package script '/home/hyperdimensional/Learning/arm_isro/arm_ws/install/isro_arm_moveit/share/isro_arm_moveit/package.bash'
[0.817s] INFO:colcon.colcon_core.shell:Creating package script '/home/hyperdimensional/Learning/arm_isro/arm_ws/install/isro_arm_moveit/share/isro_arm_moveit/package.zsh'
[0.818s] Level 1:colcon.colcon_core.environment:create_file_with_runtime_dependencies(/home/hyperdimensional/Learning/arm_isro/arm_ws/install/isro_arm_moveit/share/colcon-core/packages/isro_arm_moveit)
[0.819s] Level 1:colcon.colcon_core.environment:create_environment_scripts_only(isro_arm_controller)
[0.820s] Level 1:colcon.colcon_core.environment:checking '/home/hyperdimensional/Learning/arm_isro/arm_ws/install/isro_arm_controller' for CMake module files
[0.820s] Level 1:colcon.colcon_core.environment:checking '/home/hyperdimensional/Learning/arm_isro/arm_ws/install/isro_arm_controller' for CMake config files
[0.821s] Level 1:colcon.colcon_core.shell:create_environment_hook('isro_arm_controller', 'cmake_prefix_path')
[0.821s] INFO:colcon.colcon_core.shell:Creating environment hook '/home/hyperdimensional/Learning/arm_isro/arm_ws/install/isro_arm_controller/share/isro_arm_controller/hook/cmake_prefix_path.ps1'
[0.822s] INFO:colcon.colcon_core.shell:Creating environment descriptor '/home/hyperdimensional/Learning/arm_isro/arm_ws/install/isro_arm_controller/share/isro_arm_controller/hook/cmake_prefix_path.dsv'
[0.823s] INFO:colcon.colcon_core.shell:Creating environment hook '/home/hyperdimensional/Learning/arm_isro/arm_ws/install/isro_arm_controller/share/isro_arm_controller/hook/cmake_prefix_path.sh'
[0.824s] Level 1:colcon.colcon_core.environment:checking '/home/hyperdimensional/Learning/arm_isro/arm_ws/install/isro_arm_controller/bin'
[0.824s] Level 1:colcon.colcon_core.environment:checking '/home/hyperdimensional/Learning/arm_isro/arm_ws/install/isro_arm_controller/lib/pkgconfig/isro_arm_controller.pc'
[0.825s] Level 1:colcon.colcon_core.environment:checking '/home/hyperdimensional/Learning/arm_isro/arm_ws/install/isro_arm_controller/lib/python3.10/site-packages'
[0.825s] Level 1:colcon.colcon_core.environment:checking '/home/hyperdimensional/Learning/arm_isro/arm_ws/install/isro_arm_controller/bin'
[0.826s] INFO:colcon.colcon_core.shell:Creating package script '/home/hyperdimensional/Learning/arm_isro/arm_ws/install/isro_arm_controller/share/isro_arm_controller/package.ps1'
[0.827s] INFO:colcon.colcon_core.shell:Creating package descriptor '/home/hyperdimensional/Learning/arm_isro/arm_ws/install/isro_arm_controller/share/isro_arm_controller/package.dsv'
[0.827s] INFO:colcon.colcon_core.shell:Creating package script '/home/hyperdimensional/Learning/arm_isro/arm_ws/install/isro_arm_controller/share/isro_arm_controller/package.sh'
[0.828s] INFO:colcon.colcon_core.shell:Creating package script '/home/hyperdimensional/Learning/arm_isro/arm_ws/install/isro_arm_controller/share/isro_arm_controller/package.bash'
[0.828s] INFO:colcon.colcon_core.shell:Creating package script '/home/hyperdimensional/Learning/arm_isro/arm_ws/install/isro_arm_controller/share/isro_arm_controller/package.zsh'
[0.829s] Level 1:colcon.colcon_core.environment:create_file_with_runtime_dependencies(/home/hyperdimensional/Learning/arm_isro/arm_ws/install/isro_arm_controller/share/colcon-core/packages/isro_arm_controller)
[0.830s] DEBUG:colcon.colcon_parallel_executor.executor.parallel:closing loop
[0.830s] DEBUG:colcon.colcon_parallel_executor.executor.parallel:loop closed
[0.830s] DEBUG:colcon.colcon_parallel_executor.executor.parallel:run_until_complete finished with '0'
[0.830s] DEBUG:colcon.colcon_core.event_reactor:joining thread
[0.839s] INFO:colcon.colcon_core.plugin_system:Skipping extension 'colcon_notification.desktop_notification.terminal_notifier': Not used on non-Darwin systems
[0.839s] INFO:colcon.colcon_core.plugin_system:Skipping extension 'colcon_notification.desktop_notification.win32': Not used on non-Windows systems
[0.839s] INFO:colcon.colcon_notification.desktop_notification:Sending desktop notification using 'notify2'
[0.853s] DEBUG:colcon.colcon_core.event_reactor:joined thread
[0.853s] INFO:colcon.colcon_core.shell:Creating prefix script '/home/hyperdimensional/Learning/arm_isro/arm_ws/install/local_setup.ps1'
[0.855s] INFO:colcon.colcon_core.shell:Creating prefix util module '/home/hyperdimensional/Learning/arm_isro/arm_ws/install/_local_setup_util_ps1.py'
[0.857s] INFO:colcon.colcon_core.shell:Creating prefix chain script '/home/hyperdimensional/Learning/arm_isro/arm_ws/install/setup.ps1'
[0.858s] INFO:colcon.colcon_core.shell:Creating prefix script '/home/hyperdimensional/Learning/arm_isro/arm_ws/install/local_setup.sh'
[0.859s] INFO:colcon.colcon_core.shell:Creating prefix util module '/home/hyperdimensional/Learning/arm_isro/arm_ws/install/_local_setup_util_sh.py'
[0.859s] INFO:colcon.colcon_core.shell:Creating prefix chain script '/home/hyperdimensional/Learning/arm_isro/arm_ws/install/setup.sh'
[0.861s] INFO:colcon.colcon_core.shell:Creating prefix script '/home/hyperdimensional/Learning/arm_isro/arm_ws/install/local_setup.bash'
[0.862s] INFO:colcon.colcon_core.shell:Creating prefix chain script '/home/hyperdimensional/Learning/arm_isro/arm_ws/install/setup.bash'
[0.863s] INFO:colcon.colcon_core.shell:Creating prefix script '/home/hyperdimensional/Learning/arm_isro/arm_ws/install/local_setup.zsh'
[0.863s] INFO:colcon.colcon_core.shell:Creating prefix chain script '/home/hyperdimensional/Learning/arm_isro/arm_ws/install/setup.zsh'
