-- Install configuration: ""
-- Up-to-date: /home/hyperdimensional/Learning/arm_isro/arm_ws/install/arm_description/share/arm_description/meshes
-- Up-to-date: /home/hyperdimensional/Learning/arm_isro/arm_ws/install/arm_description/share/arm_description/meshes/correctendeffectorsupport.STL
-- Up-to-date: /home/hyperdimensional/Learning/arm_isro/arm_ws/install/arm_description/share/arm_description/meshes/link.STL
-- Up-to-date: /home/hyperdimensional/Learning/arm_isro/arm_ws/install/arm_description/share/arm_description/meshes/base.STL
-- Up-to-date: /home/hyperdimensional/Learning/arm_isro/arm_ws/install/arm_description/share/arm_description/meshes/solidworkszeroendeffectormount.STL
-- Up-to-date: /home/hyperdimensional/Learning/arm_isro/arm_ws/install/arm_description/share/arm_description/meshes/320link.STL
-- Up-to-date: /home/hyperdimensional/Learning/arm_isro/arm_ws/install/arm_description/share/arm_description/meshes/solidworkszerowrist.STL
-- Up-to-date: /home/hyperdimensional/Learning/arm_isro/arm_ws/install/arm_description/share/arm_description/meshes/solidworkszero300link.STL
-- Up-to-date: /home/hyperdimensional/Learning/arm_isro/arm_ws/install/arm_description/share/arm_description/meshes/Part3.STL
-- Up-to-date: /home/hyperdimensional/Learning/arm_isro/arm_ws/install/arm_description/share/arm_description/meshes/URDFCAD1.STL
-- Up-to-date: /home/hyperdimensional/Learning/arm_isro/arm_ws/install/arm_description/share/arm_description/meshes/left_finger.STL
-- Up-to-date: /home/hyperdimensional/Learning/arm_isro/arm_ws/install/arm_description/share/arm_description/meshes/right_finger.STL
-- Up-to-date: /home/hyperdimensional/Learning/arm_isro/arm_ws/install/arm_description/share/arm_description/urdf
-- Up-to-date: /home/hyperdimensional/Learning/arm_isro/arm_ws/install/arm_description/share/arm_description/urdf/arm.urdf.xacro
-- Up-to-date: /home/hyperdimensional/Learning/arm_isro/arm_ws/install/arm_description/share/arm_description/urdf/arm_gazebo.xacro
-- Up-to-date: /home/hyperdimensional/Learning/arm_isro/arm_ws/install/arm_description/share/arm_description/urdf/arm_ros2_control.xacro
-- Up-to-date: /home/hyperdimensional/Learning/arm_isro/arm_ws/install/arm_description/share/arm_description/launch
-- Up-to-date: /home/hyperdimensional/Learning/arm_isro/arm_ws/install/arm_description/share/arm_description/launch/display.launch.py
-- Up-to-date: /home/hyperdimensional/Learning/arm_isro/arm_ws/install/arm_description/share/arm_description/launch/gazebo.launch.py
-- Up-to-date: /home/hyperdimensional/Learning/arm_isro/arm_ws/install/arm_description/share/arm_description/rviz
-- Up-to-date: /home/hyperdimensional/Learning/arm_isro/arm_ws/install/arm_description/share/arm_description/rviz/display.rviz
-- Up-to-date: /home/hyperdimensional/Learning/arm_isro/arm_ws/install/arm_description/share/arm_description/models
-- Up-to-date: /home/hyperdimensional/Learning/arm_isro/arm_ws/install/arm_description/share/arm_description/models/sun
-- Up-to-date: /home/hyperdimensional/Learning/arm_isro/arm_ws/install/arm_description/share/arm_description/models/sun/model-1_3.sdf
-- Up-to-date: /home/hyperdimensional/Learning/arm_isro/arm_ws/install/arm_description/share/arm_description/models/sun/model-1_4.sdf
-- Up-to-date: /home/hyperdimensional/Learning/arm_isro/arm_ws/install/arm_description/share/arm_description/models/sun/model.sdf
-- Up-to-date: /home/hyperdimensional/Learning/arm_isro/arm_ws/install/arm_description/share/arm_description/models/sun/model.config
-- Up-to-date: /home/hyperdimensional/Learning/arm_isro/arm_ws/install/arm_description/share/arm_description/models/sun/model-1_2.sdf
-- Up-to-date: /home/hyperdimensional/Learning/arm_isro/arm_ws/install/arm_description/share/arm_description/models/ground_plane
-- Up-to-date: /home/hyperdimensional/Learning/arm_isro/arm_ws/install/arm_description/share/arm_description/models/ground_plane/model-1_3.sdf
-- Up-to-date: /home/hyperdimensional/Learning/arm_isro/arm_ws/install/arm_description/share/arm_description/models/ground_plane/model-1_4.sdf
-- Up-to-date: /home/hyperdimensional/Learning/arm_isro/arm_ws/install/arm_description/share/arm_description/models/ground_plane/model.sdf
-- Up-to-date: /home/hyperdimensional/Learning/arm_isro/arm_ws/install/arm_description/share/arm_description/models/ground_plane/model.config
-- Up-to-date: /home/hyperdimensional/Learning/arm_isro/arm_ws/install/arm_description/share/arm_description/models/ground_plane/model-1_2.sdf
-- Up-to-date: /home/hyperdimensional/Learning/arm_isro/arm_ws/install/arm_description/share/ament_index/resource_index/package_run_dependencies/arm_description
-- Up-to-date: /home/hyperdimensional/Learning/arm_isro/arm_ws/install/arm_description/share/ament_index/resource_index/parent_prefix_path/arm_description
-- Up-to-date: /home/hyperdimensional/Learning/arm_isro/arm_ws/install/arm_description/share/arm_description/environment/ament_prefix_path.sh
-- Up-to-date: /home/hyperdimensional/Learning/arm_isro/arm_ws/install/arm_description/share/arm_description/environment/ament_prefix_path.dsv
-- Up-to-date: /home/hyperdimensional/Learning/arm_isro/arm_ws/install/arm_description/share/arm_description/environment/path.sh
-- Up-to-date: /home/hyperdimensional/Learning/arm_isro/arm_ws/install/arm_description/share/arm_description/environment/path.dsv
-- Up-to-date: /home/hyperdimensional/Learning/arm_isro/arm_ws/install/arm_description/share/arm_description/local_setup.bash
-- Up-to-date: /home/hyperdimensional/Learning/arm_isro/arm_ws/install/arm_description/share/arm_description/local_setup.sh
-- Up-to-date: /home/hyperdimensional/Learning/arm_isro/arm_ws/install/arm_description/share/arm_description/local_setup.zsh
-- Up-to-date: /home/hyperdimensional/Learning/arm_isro/arm_ws/install/arm_description/share/arm_description/local_setup.dsv
-- Installing: /home/hyperdimensional/Learning/arm_isro/arm_ws/install/arm_description/share/arm_description/package.dsv
-- Up-to-date: /home/hyperdimensional/Learning/arm_isro/arm_ws/install/arm_description/share/ament_index/resource_index/packages/arm_description
-- Up-to-date: /home/hyperdimensional/Learning/arm_isro/arm_ws/install/arm_description/share/arm_description/cmake/arm_descriptionConfig.cmake
-- Up-to-date: /home/hyperdimensional/Learning/arm_isro/arm_ws/install/arm_description/share/arm_description/cmake/arm_descriptionConfig-version.cmake
-- Up-to-date: /home/hyperdimensional/Learning/arm_isro/arm_ws/install/arm_description/share/arm_description/package.xml
