[0.016s] Invoking command in '/home/hyperdimensional/Learning/arm_isro/arm_ws/build/arm_controller': CMAKE_PREFIX_PATH=${CMAKE_PREFIX_PATH}:/opt/ros/humble /usr/bin/cmake /home/hyperdimensional/Learning/arm_isro/arm_ws/src/arm_controller -DCMAKE_INSTALL_PREFIX=/home/hyperdimensional/Learning/arm_isro/arm_ws/install/arm_controller
[0.072s] -- The C compiler identification is GNU 11.4.0
[0.179s] -- The CXX compiler identification is GNU 11.4.0
[0.187s] -- Detecting C compiler ABI info
[0.287s] -- Detecting C compiler ABI info - done
[0.306s] -- Check for working C compiler: /usr/bin/cc - skipped
[0.306s] -- Detecting C compile features
[0.307s] -- Detecting C compile features - done
[0.314s] -- Detecting CXX compiler ABI info
[0.441s] -- Detecting CXX compiler ABI info - done
[0.458s] -- Check for working CXX compiler: /usr/bin/c++ - skipped
[0.459s] -- Detecting CXX compile features
[0.459s] -- Detecting CXX compile features - done
[0.466s] -- Found ament_cmake: 1.3.8 (/opt/ros/humble/share/ament_cmake/cmake)
[0.704s] -- Found Python3: /usr/bin/python3 (found version "3.10.12") found components: Interpreter 
[0.866s] -- Found ament_lint_auto: 0.12.10 (/opt/ros/humble/share/ament_lint_auto/cmake)
[0.984s] -- Added test 'lint_cmake' to check CMake code style
[0.987s] -- Added test 'xmllint' to check XML markup files
[0.991s] -- Configuring done
[0.999s] -- Generating done
[1.001s] -- Build files have been written to: /home/hyperdimensional/Learning/arm_isro/arm_ws/build/arm_controller
[1.007s] Invoked command in '/home/hyperdimensional/Learning/arm_isro/arm_ws/build/arm_controller' returned '0': CMAKE_PREFIX_PATH=${CMAKE_PREFIX_PATH}:/opt/ros/humble /usr/bin/cmake /home/hyperdimensional/Learning/arm_isro/arm_ws/src/arm_controller -DCMAKE_INSTALL_PREFIX=/home/hyperdimensional/Learning/arm_isro/arm_ws/install/arm_controller
[1.008s] Invoking command in '/home/hyperdimensional/Learning/arm_isro/arm_ws/build/arm_controller': CMAKE_PREFIX_PATH=${CMAKE_PREFIX_PATH}:/opt/ros/humble /usr/bin/cmake --build /home/hyperdimensional/Learning/arm_isro/arm_ws/build/arm_controller -- -j16 -l16
[1.090s] Invoked command in '/home/hyperdimensional/Learning/arm_isro/arm_ws/build/arm_controller' returned '0': CMAKE_PREFIX_PATH=${CMAKE_PREFIX_PATH}:/opt/ros/humble /usr/bin/cmake --build /home/hyperdimensional/Learning/arm_isro/arm_ws/build/arm_controller -- -j16 -l16
[1.145s] Invoking command in '/home/hyperdimensional/Learning/arm_isro/arm_ws/build/arm_controller': CMAKE_PREFIX_PATH=${CMAKE_PREFIX_PATH}:/opt/ros/humble /usr/bin/cmake --install /home/hyperdimensional/Learning/arm_isro/arm_ws/build/arm_controller
[1.152s] -- Install configuration: ""
[1.152s] -- Installing: /home/hyperdimensional/Learning/arm_isro/arm_ws/install/arm_controller/share/ament_index/resource_index/package_run_dependencies/arm_controller
[1.153s] -- Installing: /home/hyperdimensional/Learning/arm_isro/arm_ws/install/arm_controller/share/ament_index/resource_index/parent_prefix_path/arm_controller
[1.153s] -- Installing: /home/hyperdimensional/Learning/arm_isro/arm_ws/install/arm_controller/share/arm_controller/environment/ament_prefix_path.sh
[1.153s] -- Installing: /home/hyperdimensional/Learning/arm_isro/arm_ws/install/arm_controller/share/arm_controller/environment/ament_prefix_path.dsv
[1.153s] -- Installing: /home/hyperdimensional/Learning/arm_isro/arm_ws/install/arm_controller/share/arm_controller/environment/path.sh
[1.154s] -- Installing: /home/hyperdimensional/Learning/arm_isro/arm_ws/install/arm_controller/share/arm_controller/environment/path.dsv
[1.154s] -- Installing: /home/hyperdimensional/Learning/arm_isro/arm_ws/install/arm_controller/share/arm_controller/local_setup.bash
[1.154s] -- Installing: /home/hyperdimensional/Learning/arm_isro/arm_ws/install/arm_controller/share/arm_controller/local_setup.sh
[1.154s] -- Installing: /home/hyperdimensional/Learning/arm_isro/arm_ws/install/arm_controller/share/arm_controller/local_setup.zsh
[1.154s] -- Installing: /home/hyperdimensional/Learning/arm_isro/arm_ws/install/arm_controller/share/arm_controller/local_setup.dsv
[1.154s] -- Installing: /home/hyperdimensional/Learning/arm_isro/arm_ws/install/arm_controller/share/arm_controller/package.dsv
[1.155s] -- Installing: /home/hyperdimensional/Learning/arm_isro/arm_ws/install/arm_controller/share/ament_index/resource_index/packages/arm_controller
[1.155s] -- Installing: /home/hyperdimensional/Learning/arm_isro/arm_ws/install/arm_controller/share/arm_controller/cmake/arm_controllerConfig.cmake
[1.155s] -- Installing: /home/hyperdimensional/Learning/arm_isro/arm_ws/install/arm_controller/share/arm_controller/cmake/arm_controllerConfig-version.cmake
[1.155s] -- Installing: /home/hyperdimensional/Learning/arm_isro/arm_ws/install/arm_controller/share/arm_controller/package.xml
[1.158s] Invoked command in '/home/hyperdimensional/Learning/arm_isro/arm_ws/build/arm_controller' returned '0': CMAKE_PREFIX_PATH=${CMAKE_PREFIX_PATH}:/opt/ros/humble /usr/bin/cmake --install /home/hyperdimensional/Learning/arm_isro/arm_ws/build/arm_controller
