[0.022s] Invoking command in '/home/hyperdimensional/Learning/arm_isro/arm_ws/build/isro_arm_controller': CMAKE_PREFIX_PATH=${CMAKE_PREFIX_PATH}:/opt/ros/humble /usr/bin/cmake --build /home/hyperdimensional/Learning/arm_isro/arm_ws/build/isro_arm_controller -- -j16 -l16
[0.129s] Invoked command in '/home/hyperdimensional/Learning/arm_isro/arm_ws/build/isro_arm_controller' returned '0': CMAKE_PREFIX_PATH=${CMAKE_PREFIX_PATH}:/opt/ros/humble /usr/bin/cmake --build /home/hyperdimensional/Learning/arm_isro/arm_ws/build/isro_arm_controller -- -j16 -l16
[0.194s] Invoking command in '/home/hyperdimensional/Learning/arm_isro/arm_ws/build/isro_arm_controller': CMAKE_PREFIX_PATH=${CMAKE_PREFIX_PATH}:/opt/ros/humble /usr/bin/cmake --install /home/hyperdimensional/Learning/arm_isro/arm_ws/build/isro_arm_controller
[0.213s] -- Install configuration: ""
[0.214s] -- Execute custom install script
[0.215s] -- Up-to-date symlink: /home/hyperdimensional/Learning/arm_isro/arm_ws/install/isro_arm_controller/share/isro_arm_controller/config/isro_arm_controllers.yaml
[0.216s] -- Up-to-date symlink: /home/hyperdimensional/Learning/arm_isro/arm_ws/install/isro_arm_controller/share/isro_arm_controller/launch/controller.launch.py
[0.217s] -- Up-to-date symlink: /home/hyperdimensional/Learning/arm_isro/arm_ws/install/isro_arm_controller/share/ament_index/resource_index/package_run_dependencies/isro_arm_controller
[0.218s] -- Up-to-date symlink: /home/hyperdimensional/Learning/arm_isro/arm_ws/install/isro_arm_controller/share/ament_index/resource_index/parent_prefix_path/isro_arm_controller
[0.219s] -- Up-to-date symlink: /home/hyperdimensional/Learning/arm_isro/arm_ws/install/isro_arm_controller/share/isro_arm_controller/environment/ament_prefix_path.sh
[0.219s] -- Up-to-date symlink: /home/hyperdimensional/Learning/arm_isro/arm_ws/install/isro_arm_controller/share/isro_arm_controller/environment/ament_prefix_path.dsv
[0.220s] -- Up-to-date symlink: /home/hyperdimensional/Learning/arm_isro/arm_ws/install/isro_arm_controller/share/isro_arm_controller/environment/path.sh
[0.220s] -- Up-to-date symlink: /home/hyperdimensional/Learning/arm_isro/arm_ws/install/isro_arm_controller/share/isro_arm_controller/environment/path.dsv
[0.221s] -- Up-to-date symlink: /home/hyperdimensional/Learning/arm_isro/arm_ws/install/isro_arm_controller/share/isro_arm_controller/local_setup.bash
[0.224s] -- Up-to-date symlink: /home/hyperdimensional/Learning/arm_isro/arm_ws/install/isro_arm_controller/share/isro_arm_controller/local_setup.sh
[0.225s] -- Up-to-date symlink: /home/hyperdimensional/Learning/arm_isro/arm_ws/install/isro_arm_controller/share/isro_arm_controller/local_setup.zsh
[0.226s] -- Up-to-date symlink: /home/hyperdimensional/Learning/arm_isro/arm_ws/install/isro_arm_controller/share/isro_arm_controller/local_setup.dsv
[0.226s] -- Symlinking: /home/hyperdimensional/Learning/arm_isro/arm_ws/install/isro_arm_controller/share/isro_arm_controller/package.dsv
[0.248s] -- Up-to-date symlink: /home/hyperdimensional/Learning/arm_isro/arm_ws/install/isro_arm_controller/share/ament_index/resource_index/packages/isro_arm_controller
[0.249s] -- Up-to-date symlink: /home/hyperdimensional/Learning/arm_isro/arm_ws/install/isro_arm_controller/share/isro_arm_controller/cmake/isro_arm_controllerConfig.cmake
[0.249s] -- Up-to-date symlink: /home/hyperdimensional/Learning/arm_isro/arm_ws/install/isro_arm_controller/share/isro_arm_controller/cmake/isro_arm_controllerConfig-version.cmake
[0.249s] -- Up-to-date symlink: /home/hyperdimensional/Learning/arm_isro/arm_ws/install/isro_arm_controller/share/isro_arm_controller/package.xml
[0.253s] Invoked command in '/home/hyperdimensional/Learning/arm_isro/arm_ws/build/isro_arm_controller' returned '0': CMAKE_PREFIX_PATH=${CMAKE_PREFIX_PATH}:/opt/ros/humble /usr/bin/cmake --install /home/hyperdimensional/Learning/arm_isro/arm_ws/build/isro_arm_controller
