[0.334s] [34mcolcon[0m [1;30mDEBUG[0m [32mCommand line arguments: ['/usr/bin/colcon', 'build'][0m
[0.334s] [34mcolcon[0m [1;30mDEBUG[0m [32mParsed command line arguments: Namespace(log_base=None, log_level=None, verb_name='build', build_base='build', install_base='install', merge_install=False, symlink_install=False, test_result_base=None, continue_on_error=False, executor='parallel', parallel_workers=16, event_handlers=None, ignore_user_meta=False, metas=['./colcon.meta'], base_paths=['.'], packages_ignore=None, packages_ignore_regex=None, paths=None, packages_up_to=None, packages_up_to_regex=None, packages_above=None, packages_above_and_dependencies=None, packages_above_depth=None, packages_select_by_dep=None, packages_skip_by_dep=None, packages_skip_up_to=None, packages_select_build_failed=False, packages_skip_build_finished=False, packages_select_test_failures=False, packages_skip_test_passed=False, packages_select=None, packages_skip=None, packages_select_regex=None, packages_skip_regex=None, packages_start=None, packages_end=None, allow_overriding=[], cmake_args=None, cmake_target=None, cmake_target_skip_unavailable=False, cmake_clean_cache=False, cmake_clean_first=False, cmake_force_configure=False, ament_cmake_args=None, catkin_cmake_args=None, catkin_skip_building_tests=False, verb_parser=<colcon_defaults.argument_parser.defaults.DefaultArgumentsDecorator object at 0x7d48ffe200d0>, verb_extension=<colcon_core.verb.build.BuildVerb object at 0x7d48fff95f30>, main=<bound method BuildVerb.main of <colcon_core.verb.build.BuildVerb object at 0x7d48fff95f30>>)[0m
[0.683s] [34mcolcon.colcon_core.package_discovery[0m [1;30mLevel 1[0m discover_packages(colcon_meta) check parameters
[0.684s] [34mcolcon.colcon_core.package_discovery[0m [1;30mLevel 1[0m discover_packages(recursive) check parameters
[0.684s] [34mcolcon.colcon_core.package_discovery[0m [1;30mLevel 1[0m discover_packages(ignore) check parameters
[0.684s] [34mcolcon.colcon_core.package_discovery[0m [1;30mLevel 1[0m discover_packages(path) check parameters
[0.684s] [34mcolcon.colcon_core.package_discovery[0m [1;30mLevel 1[0m discover_packages(colcon_meta) discover
[0.684s] [34mcolcon.colcon_core.package_discovery[0m [1;30mLevel 1[0m discover_packages(recursive) discover
[0.684s] [34mcolcon.colcon_core.package_discovery[0m [1;30mINFO[0m Crawling recursively for packages in '/home/hyperdimensional/Learning/arm_isro/arm_ws'
[0.684s] [34mcolcon.colcon_core.package_identification[0m [1;30mLevel 1[0m _identify(.) by extensions ['ignore', 'ignore_ament_install']
[0.685s] [34mcolcon.colcon_core.package_identification[0m [1;30mLevel 1[0m _identify(.) by extension 'ignore'
[0.685s] [34mcolcon.colcon_core.package_identification[0m [1;30mLevel 1[0m _identify(.) by extension 'ignore_ament_install'
[0.685s] [34mcolcon.colcon_core.package_identification[0m [1;30mLevel 1[0m _identify(.) by extensions ['colcon_pkg']
[0.685s] [34mcolcon.colcon_core.package_identification[0m [1;30mLevel 1[0m _identify(.) by extension 'colcon_pkg'
[0.685s] [34mcolcon.colcon_core.package_identification[0m [1;30mLevel 1[0m _identify(.) by extensions ['colcon_meta']
[0.685s] [34mcolcon.colcon_core.package_identification[0m [1;30mLevel 1[0m _identify(.) by extension 'colcon_meta'
[0.685s] [34mcolcon.colcon_core.package_identification[0m [1;30mLevel 1[0m _identify(.) by extensions ['ros']
[0.685s] [34mcolcon.colcon_core.package_identification[0m [1;30mLevel 1[0m _identify(.) by extension 'ros'
[0.732s] [34mcolcon.colcon_core.package_identification[0m [1;30mLevel 1[0m _identify(.) by extensions ['cmake', 'python']
[0.733s] [34mcolcon.colcon_core.package_identification[0m [1;30mLevel 1[0m _identify(.) by extension 'cmake'
[0.733s] [34mcolcon.colcon_core.package_identification[0m [1;30mLevel 1[0m _identify(.) by extension 'python'
[0.733s] [34mcolcon.colcon_core.package_identification[0m [1;30mLevel 1[0m _identify(.) by extensions ['python_setup_py']
[0.733s] [34mcolcon.colcon_core.package_identification[0m [1;30mLevel 1[0m _identify(.) by extension 'python_setup_py'
[0.733s] [34mcolcon.colcon_core.package_identification[0m [1;30mLevel 1[0m _identify(build) by extensions ['ignore', 'ignore_ament_install']
[0.733s] [34mcolcon.colcon_core.package_identification[0m [1;30mLevel 1[0m _identify(build) by extension 'ignore'
[0.733s] [34mcolcon.colcon_core.package_identification[0m [1;30mLevel 1[0m _identify(build) ignored
[0.734s] [34mcolcon.colcon_core.package_identification[0m [1;30mLevel 1[0m _identify(install) by extensions ['ignore', 'ignore_ament_install']
[0.734s] [34mcolcon.colcon_core.package_identification[0m [1;30mLevel 1[0m _identify(install) by extension 'ignore'
[0.734s] [34mcolcon.colcon_core.package_identification[0m [1;30mLevel 1[0m _identify(install) ignored
[0.736s] [34mcolcon.colcon_core.package_identification[0m [1;30mLevel 1[0m _identify(log) by extensions ['ignore', 'ignore_ament_install']
[0.736s] [34mcolcon.colcon_core.package_identification[0m [1;30mLevel 1[0m _identify(log) by extension 'ignore'
[0.736s] [34mcolcon.colcon_core.package_identification[0m [1;30mLevel 1[0m _identify(log) ignored
[0.736s] [34mcolcon.colcon_core.package_identification[0m [1;30mLevel 1[0m _identify(src) by extensions ['ignore', 'ignore_ament_install']
[0.736s] [34mcolcon.colcon_core.package_identification[0m [1;30mLevel 1[0m _identify(src) by extension 'ignore'
[0.736s] [34mcolcon.colcon_core.package_identification[0m [1;30mLevel 1[0m _identify(src) by extension 'ignore_ament_install'
[0.737s] [34mcolcon.colcon_core.package_identification[0m [1;30mLevel 1[0m _identify(src) by extensions ['colcon_pkg']
[0.737s] [34mcolcon.colcon_core.package_identification[0m [1;30mLevel 1[0m _identify(src) by extension 'colcon_pkg'
[0.737s] [34mcolcon.colcon_core.package_identification[0m [1;30mLevel 1[0m _identify(src) by extensions ['colcon_meta']
[0.737s] [34mcolcon.colcon_core.package_identification[0m [1;30mLevel 1[0m _identify(src) by extension 'colcon_meta'
[0.737s] [34mcolcon.colcon_core.package_identification[0m [1;30mLevel 1[0m _identify(src) by extensions ['ros']
[0.737s] [34mcolcon.colcon_core.package_identification[0m [1;30mLevel 1[0m _identify(src) by extension 'ros'
[0.737s] [34mcolcon.colcon_core.package_identification[0m [1;30mLevel 1[0m _identify(src) by extensions ['cmake', 'python']
[0.737s] [34mcolcon.colcon_core.package_identification[0m [1;30mLevel 1[0m _identify(src) by extension 'cmake'
[0.737s] [34mcolcon.colcon_core.package_identification[0m [1;30mLevel 1[0m _identify(src) by extension 'python'
[0.737s] [34mcolcon.colcon_core.package_identification[0m [1;30mLevel 1[0m _identify(src) by extensions ['python_setup_py']
[0.737s] [34mcolcon.colcon_core.package_identification[0m [1;30mLevel 1[0m _identify(src) by extension 'python_setup_py'
[0.738s] [34mcolcon.colcon_core.package_identification[0m [1;30mLevel 1[0m _identify(src/arm_controller) by extensions ['ignore', 'ignore_ament_install']
[0.738s] [34mcolcon.colcon_core.package_identification[0m [1;30mLevel 1[0m _identify(src/arm_controller) by extension 'ignore'
[0.738s] [34mcolcon.colcon_core.package_identification[0m [1;30mLevel 1[0m _identify(src/arm_controller) by extension 'ignore_ament_install'
[0.738s] [34mcolcon.colcon_core.package_identification[0m [1;30mLevel 1[0m _identify(src/arm_controller) by extensions ['colcon_pkg']
[0.738s] [34mcolcon.colcon_core.package_identification[0m [1;30mLevel 1[0m _identify(src/arm_controller) by extension 'colcon_pkg'
[0.738s] [34mcolcon.colcon_core.package_identification[0m [1;30mLevel 1[0m _identify(src/arm_controller) by extensions ['colcon_meta']
[0.738s] [34mcolcon.colcon_core.package_identification[0m [1;30mLevel 1[0m _identify(src/arm_controller) by extension 'colcon_meta'
[0.739s] [34mcolcon.colcon_core.package_identification[0m [1;30mLevel 1[0m _identify(src/arm_controller) by extensions ['ros']
[0.739s] [34mcolcon.colcon_core.package_identification[0m [1;30mLevel 1[0m _identify(src/arm_controller) by extension 'ros'
[0.743s] [34mcolcon.colcon_core.package_identification[0m [1;30mDEBUG[0m [32mPackage 'src/arm_controller' with type 'ros.ament_cmake' and name 'arm_controller'[0m
[0.743s] [34mcolcon.colcon_core.package_identification[0m [1;30mLevel 1[0m _identify(src/arm_description) by extensions ['ignore', 'ignore_ament_install']
[0.743s] [34mcolcon.colcon_core.package_identification[0m [1;30mLevel 1[0m _identify(src/arm_description) by extension 'ignore'
[0.743s] [34mcolcon.colcon_core.package_identification[0m [1;30mLevel 1[0m _identify(src/arm_description) by extension 'ignore_ament_install'
[0.743s] [34mcolcon.colcon_core.package_identification[0m [1;30mLevel 1[0m _identify(src/arm_description) by extensions ['colcon_pkg']
[0.743s] [34mcolcon.colcon_core.package_identification[0m [1;30mLevel 1[0m _identify(src/arm_description) by extension 'colcon_pkg'
[0.743s] [34mcolcon.colcon_core.package_identification[0m [1;30mLevel 1[0m _identify(src/arm_description) by extensions ['colcon_meta']
[0.743s] [34mcolcon.colcon_core.package_identification[0m [1;30mLevel 1[0m _identify(src/arm_description) by extension 'colcon_meta'
[0.743s] [34mcolcon.colcon_core.package_identification[0m [1;30mLevel 1[0m _identify(src/arm_description) by extensions ['ros']
[0.743s] [34mcolcon.colcon_core.package_identification[0m [1;30mLevel 1[0m _identify(src/arm_description) by extension 'ros'
[0.744s] [34mcolcon.colcon_core.package_identification[0m [1;30mDEBUG[0m [32mPackage 'src/arm_description' with type 'ros.ament_cmake' and name 'arm_description'[0m
[0.744s] [34mcolcon.colcon_core.package_identification[0m [1;30mLevel 1[0m _identify(src/isro_arm_controller) by extensions ['ignore', 'ignore_ament_install']
[0.744s] [34mcolcon.colcon_core.package_identification[0m [1;30mLevel 1[0m _identify(src/isro_arm_controller) by extension 'ignore'
[0.744s] [34mcolcon.colcon_core.package_identification[0m [1;30mLevel 1[0m _identify(src/isro_arm_controller) by extension 'ignore_ament_install'
[0.744s] [34mcolcon.colcon_core.package_identification[0m [1;30mLevel 1[0m _identify(src/isro_arm_controller) by extensions ['colcon_pkg']
[0.744s] [34mcolcon.colcon_core.package_identification[0m [1;30mLevel 1[0m _identify(src/isro_arm_controller) by extension 'colcon_pkg'
[0.744s] [34mcolcon.colcon_core.package_identification[0m [1;30mLevel 1[0m _identify(src/isro_arm_controller) by extensions ['colcon_meta']
[0.744s] [34mcolcon.colcon_core.package_identification[0m [1;30mLevel 1[0m _identify(src/isro_arm_controller) by extension 'colcon_meta'
[0.744s] [34mcolcon.colcon_core.package_identification[0m [1;30mLevel 1[0m _identify(src/isro_arm_controller) by extensions ['ros']
[0.744s] [34mcolcon.colcon_core.package_identification[0m [1;30mLevel 1[0m _identify(src/isro_arm_controller) by extension 'ros'
[0.745s] [34mcolcon.colcon_core.package_identification[0m [1;30mDEBUG[0m [32mPackage 'src/isro_arm_controller' with type 'ros.ament_cmake' and name 'isro_arm_controller'[0m
[0.745s] [34mcolcon.colcon_core.package_discovery[0m [1;30mLevel 1[0m discover_packages(recursive) using defaults
[0.745s] [34mcolcon.colcon_core.package_discovery[0m [1;30mLevel 1[0m discover_packages(ignore) discover
[0.745s] [34mcolcon.colcon_core.package_discovery[0m [1;30mLevel 1[0m discover_packages(ignore) using defaults
[0.745s] [34mcolcon.colcon_core.package_discovery[0m [1;30mLevel 1[0m discover_packages(path) discover
[0.745s] [34mcolcon.colcon_core.package_discovery[0m [1;30mLevel 1[0m discover_packages(path) using defaults
[0.766s] [34mcolcon.colcon_core.package_discovery[0m [1;30mLevel 1[0m discover_packages(prefix_path) check parameters
[0.766s] [34mcolcon.colcon_core.package_discovery[0m [1;30mLevel 1[0m discover_packages(prefix_path) discover
[0.771s] [34mcolcon.colcon_installed_package_information.package_discovery[0m [1;30mDEBUG[0m [32mFound 3 installed packages in /home/hyperdimensional/Learning/arm_isro/arm_ws/install[0m
[0.775s] [34mcolcon.colcon_installed_package_information.package_discovery[0m [1;30mDEBUG[0m [32mFound 415 installed packages in /opt/ros/humble[0m
[0.777s] [34mcolcon.colcon_core.package_discovery[0m [1;30mLevel 1[0m discover_packages(prefix_path) using defaults
[0.884s] [34mcolcon.colcon_core.verb[0m [1;30mLevel 5[0m set package 'arm_controller' build argument 'cmake_args' from command line to 'None'
[0.884s] [34mcolcon.colcon_core.verb[0m [1;30mLevel 5[0m set package 'arm_controller' build argument 'cmake_target' from command line to 'None'
[0.884s] [34mcolcon.colcon_core.verb[0m [1;30mLevel 5[0m set package 'arm_controller' build argument 'cmake_target_skip_unavailable' from command line to 'False'
[0.884s] [34mcolcon.colcon_core.verb[0m [1;30mLevel 5[0m set package 'arm_controller' build argument 'cmake_clean_cache' from command line to 'False'
[0.884s] [34mcolcon.colcon_core.verb[0m [1;30mLevel 5[0m set package 'arm_controller' build argument 'cmake_clean_first' from command line to 'False'
[0.884s] [34mcolcon.colcon_core.verb[0m [1;30mLevel 5[0m set package 'arm_controller' build argument 'cmake_force_configure' from command line to 'False'
[0.884s] [34mcolcon.colcon_core.verb[0m [1;30mLevel 5[0m set package 'arm_controller' build argument 'ament_cmake_args' from command line to 'None'
[0.884s] [34mcolcon.colcon_core.verb[0m [1;30mLevel 5[0m set package 'arm_controller' build argument 'catkin_cmake_args' from command line to 'None'
[0.884s] [34mcolcon.colcon_core.verb[0m [1;30mLevel 5[0m set package 'arm_controller' build argument 'catkin_skip_building_tests' from command line to 'False'
[0.884s] [34mcolcon.colcon_core.verb[0m [1;30mDEBUG[0m [32mBuilding package 'arm_controller' with the following arguments: {'ament_cmake_args': None, 'build_base': '/home/hyperdimensional/Learning/arm_isro/arm_ws/build/arm_controller', 'catkin_cmake_args': None, 'catkin_skip_building_tests': False, 'cmake_args': None, 'cmake_clean_cache': False, 'cmake_clean_first': False, 'cmake_force_configure': False, 'cmake_target': None, 'cmake_target_skip_unavailable': False, 'install_base': '/home/hyperdimensional/Learning/arm_isro/arm_ws/install/arm_controller', 'merge_install': False, 'path': '/home/hyperdimensional/Learning/arm_isro/arm_ws/src/arm_controller', 'symlink_install': False, 'test_result_base': None}[0m
[0.884s] [34mcolcon.colcon_core.verb[0m [1;30mLevel 5[0m set package 'arm_description' build argument 'cmake_args' from command line to 'None'
[0.884s] [34mcolcon.colcon_core.verb[0m [1;30mLevel 5[0m set package 'arm_description' build argument 'cmake_target' from command line to 'None'
[0.884s] [34mcolcon.colcon_core.verb[0m [1;30mLevel 5[0m set package 'arm_description' build argument 'cmake_target_skip_unavailable' from command line to 'False'
[0.884s] [34mcolcon.colcon_core.verb[0m [1;30mLevel 5[0m set package 'arm_description' build argument 'cmake_clean_cache' from command line to 'False'
[0.884s] [34mcolcon.colcon_core.verb[0m [1;30mLevel 5[0m set package 'arm_description' build argument 'cmake_clean_first' from command line to 'False'
[0.884s] [34mcolcon.colcon_core.verb[0m [1;30mLevel 5[0m set package 'arm_description' build argument 'cmake_force_configure' from command line to 'False'
[0.884s] [34mcolcon.colcon_core.verb[0m [1;30mLevel 5[0m set package 'arm_description' build argument 'ament_cmake_args' from command line to 'None'
[0.884s] [34mcolcon.colcon_core.verb[0m [1;30mLevel 5[0m set package 'arm_description' build argument 'catkin_cmake_args' from command line to 'None'
[0.884s] [34mcolcon.colcon_core.verb[0m [1;30mLevel 5[0m set package 'arm_description' build argument 'catkin_skip_building_tests' from command line to 'False'
[0.884s] [34mcolcon.colcon_core.verb[0m [1;30mDEBUG[0m [32mBuilding package 'arm_description' with the following arguments: {'ament_cmake_args': None, 'build_base': '/home/hyperdimensional/Learning/arm_isro/arm_ws/build/arm_description', 'catkin_cmake_args': None, 'catkin_skip_building_tests': False, 'cmake_args': None, 'cmake_clean_cache': False, 'cmake_clean_first': False, 'cmake_force_configure': False, 'cmake_target': None, 'cmake_target_skip_unavailable': False, 'install_base': '/home/hyperdimensional/Learning/arm_isro/arm_ws/install/arm_description', 'merge_install': False, 'path': '/home/hyperdimensional/Learning/arm_isro/arm_ws/src/arm_description', 'symlink_install': False, 'test_result_base': None}[0m
[0.885s] [34mcolcon.colcon_core.verb[0m [1;30mLevel 5[0m set package 'isro_arm_controller' build argument 'cmake_args' from command line to 'None'
[0.885s] [34mcolcon.colcon_core.verb[0m [1;30mLevel 5[0m set package 'isro_arm_controller' build argument 'cmake_target' from command line to 'None'
[0.885s] [34mcolcon.colcon_core.verb[0m [1;30mLevel 5[0m set package 'isro_arm_controller' build argument 'cmake_target_skip_unavailable' from command line to 'False'
[0.885s] [34mcolcon.colcon_core.verb[0m [1;30mLevel 5[0m set package 'isro_arm_controller' build argument 'cmake_clean_cache' from command line to 'False'
[0.885s] [34mcolcon.colcon_core.verb[0m [1;30mLevel 5[0m set package 'isro_arm_controller' build argument 'cmake_clean_first' from command line to 'False'
[0.885s] [34mcolcon.colcon_core.verb[0m [1;30mLevel 5[0m set package 'isro_arm_controller' build argument 'cmake_force_configure' from command line to 'False'
[0.885s] [34mcolcon.colcon_core.verb[0m [1;30mLevel 5[0m set package 'isro_arm_controller' build argument 'ament_cmake_args' from command line to 'None'
[0.885s] [34mcolcon.colcon_core.verb[0m [1;30mLevel 5[0m set package 'isro_arm_controller' build argument 'catkin_cmake_args' from command line to 'None'
[0.885s] [34mcolcon.colcon_core.verb[0m [1;30mLevel 5[0m set package 'isro_arm_controller' build argument 'catkin_skip_building_tests' from command line to 'False'
[0.885s] [34mcolcon.colcon_core.verb[0m [1;30mDEBUG[0m [32mBuilding package 'isro_arm_controller' with the following arguments: {'ament_cmake_args': None, 'build_base': '/home/hyperdimensional/Learning/arm_isro/arm_ws/build/isro_arm_controller', 'catkin_cmake_args': None, 'catkin_skip_building_tests': False, 'cmake_args': None, 'cmake_clean_cache': False, 'cmake_clean_first': False, 'cmake_force_configure': False, 'cmake_target': None, 'cmake_target_skip_unavailable': False, 'install_base': '/home/hyperdimensional/Learning/arm_isro/arm_ws/install/isro_arm_controller', 'merge_install': False, 'path': '/home/hyperdimensional/Learning/arm_isro/arm_ws/src/isro_arm_controller', 'symlink_install': False, 'test_result_base': None}[0m
[0.885s] [34mcolcon.colcon_core.executor[0m [1;30mINFO[0m Executing jobs using 'parallel' executor
[0.886s] [34mcolcon.colcon_parallel_executor.executor.parallel[0m [1;30mDEBUG[0m [32mrun_until_complete[0m
[0.886s] [34mcolcon.colcon_ros.task.ament_cmake.build[0m [1;30mINFO[0m Building ROS package in '/home/hyperdimensional/Learning/arm_isro/arm_ws/src/arm_controller' with build type 'ament_cmake'
[0.886s] [34mcolcon.colcon_cmake.task.cmake.build[0m [1;30mINFO[0m Building CMake package in '/home/hyperdimensional/Learning/arm_isro/arm_ws/src/arm_controller'
[0.892s] [34mcolcon.colcon_core.plugin_system[0m [1;30mINFO[0m Skipping extension 'colcon_core.shell.bat': Not used on non-Windows systems
[0.892s] [34mcolcon.colcon_core.shell[0m [1;30mINFO[0m Skip shell extension 'powershell' for command environment: Not usable outside of PowerShell
[0.892s] [34mcolcon.colcon_core.shell[0m [1;30mDEBUG[0m [32mSkip shell extension 'dsv' for command environment[0m
[0.896s] [34mcolcon.colcon_ros.task.ament_cmake.build[0m [1;30mINFO[0m Building ROS package in '/home/hyperdimensional/Learning/arm_isro/arm_ws/src/arm_description' with build type 'ament_cmake'
[0.896s] [34mcolcon.colcon_cmake.task.cmake.build[0m [1;30mINFO[0m Building CMake package in '/home/hyperdimensional/Learning/arm_isro/arm_ws/src/arm_description'
[0.897s] [34mcolcon.colcon_core.shell[0m [1;30mINFO[0m Skip shell extension 'powershell' for command environment: Not usable outside of PowerShell
[0.897s] [34mcolcon.colcon_core.shell[0m [1;30mDEBUG[0m [32mSkip shell extension 'dsv' for command environment[0m
[0.901s] [34mcolcon.colcon_ros.task.ament_cmake.build[0m [1;30mINFO[0m Building ROS package in '/home/hyperdimensional/Learning/arm_isro/arm_ws/src/isro_arm_controller' with build type 'ament_cmake'
[0.901s] [34mcolcon.colcon_cmake.task.cmake.build[0m [1;30mINFO[0m Building CMake package in '/home/hyperdimensional/Learning/arm_isro/arm_ws/src/isro_arm_controller'
[0.902s] [34mcolcon.colcon_core.shell[0m [1;30mINFO[0m Skip shell extension 'powershell' for command environment: Not usable outside of PowerShell
[0.902s] [34mcolcon.colcon_core.shell[0m [1;30mDEBUG[0m [32mSkip shell extension 'dsv' for command environment[0m
[0.909s] [34mcolcon.colcon_core.event_handler.log_command[0m [1;30mDEBUG[0m [32mInvoking command in '/home/hyperdimensional/Learning/arm_isro/arm_ws/build/arm_controller': CMAKE_PREFIX_PATH=${CMAKE_PREFIX_PATH}:/opt/ros/humble /usr/bin/cmake --build /home/hyperdimensional/Learning/arm_isro/arm_ws/build/arm_controller -- -j16 -l16[0m
[0.917s] [34mcolcon.colcon_core.event_handler.log_command[0m [1;30mDEBUG[0m [32mInvoking command in '/home/hyperdimensional/Learning/arm_isro/arm_ws/build/arm_description': CMAKE_PREFIX_PATH=${CMAKE_PREFIX_PATH}:/opt/ros/humble /usr/bin/cmake --build /home/hyperdimensional/Learning/arm_isro/arm_ws/build/arm_description -- -j16 -l16[0m
[0.922s] [34mcolcon.colcon_core.event_handler.log_command[0m [1;30mDEBUG[0m [32mInvoking command in '/home/hyperdimensional/Learning/arm_isro/arm_ws/build/isro_arm_controller': CMAKE_PREFIX_PATH=${CMAKE_PREFIX_PATH}:/opt/ros/humble /usr/bin/cmake --build /home/hyperdimensional/Learning/arm_isro/arm_ws/build/isro_arm_controller -- -j16 -l16[0m
[1.025s] [34mcolcon.colcon_core.event_handler.log_command[0m [1;30mDEBUG[0m [32mInvoked command in '/home/hyperdimensional/Learning/arm_isro/arm_ws/build/arm_controller' returned '0': CMAKE_PREFIX_PATH=${CMAKE_PREFIX_PATH}:/opt/ros/humble /usr/bin/cmake --build /home/hyperdimensional/Learning/arm_isro/arm_ws/build/arm_controller -- -j16 -l16[0m
[1.027s] [34mcolcon.colcon_core.event_handler.log_command[0m [1;30mDEBUG[0m [32mInvoked command in '/home/hyperdimensional/Learning/arm_isro/arm_ws/build/isro_arm_controller' returned '0': CMAKE_PREFIX_PATH=${CMAKE_PREFIX_PATH}:/opt/ros/humble /usr/bin/cmake --build /home/hyperdimensional/Learning/arm_isro/arm_ws/build/isro_arm_controller -- -j16 -l16[0m
[1.032s] [34mcolcon.colcon_core.event_handler.log_command[0m [1;30mDEBUG[0m [32mInvoked command in '/home/hyperdimensional/Learning/arm_isro/arm_ws/build/arm_description' returned '0': CMAKE_PREFIX_PATH=${CMAKE_PREFIX_PATH}:/opt/ros/humble /usr/bin/cmake --build /home/hyperdimensional/Learning/arm_isro/arm_ws/build/arm_description -- -j16 -l16[0m
[1.062s] [34mcolcon.colcon_core.event_handler.log_command[0m [1;30mDEBUG[0m [32mInvoking command in '/home/hyperdimensional/Learning/arm_isro/arm_ws/build/arm_controller': CMAKE_PREFIX_PATH=${CMAKE_PREFIX_PATH}:/opt/ros/humble /usr/bin/cmake --install /home/hyperdimensional/Learning/arm_isro/arm_ws/build/arm_controller[0m
[1.065s] [34mcolcon.colcon_core.event_handler.log_command[0m [1;30mDEBUG[0m [32mInvoking command in '/home/hyperdimensional/Learning/arm_isro/arm_ws/build/isro_arm_controller': CMAKE_PREFIX_PATH=${CMAKE_PREFIX_PATH}:/opt/ros/humble /usr/bin/cmake --install /home/hyperdimensional/Learning/arm_isro/arm_ws/build/isro_arm_controller[0m
[1.067s] [34mcolcon.colcon_core.event_handler.log_command[0m [1;30mDEBUG[0m [32mInvoking command in '/home/hyperdimensional/Learning/arm_isro/arm_ws/build/arm_description': CMAKE_PREFIX_PATH=${CMAKE_PREFIX_PATH}:/opt/ros/humble /usr/bin/cmake --install /home/hyperdimensional/Learning/arm_isro/arm_ws/build/arm_description[0m
[1.079s] [34mcolcon.colcon_core.environment[0m [1;30mLevel 1[0m create_environment_scripts_only(isro_arm_controller)
[1.082s] [34mcolcon.colcon_core.event_handler.log_command[0m [1;30mDEBUG[0m [32mInvoked command in '/home/hyperdimensional/Learning/arm_isro/arm_ws/build/isro_arm_controller' returned '0': CMAKE_PREFIX_PATH=${CMAKE_PREFIX_PATH}:/opt/ros/humble /usr/bin/cmake --install /home/hyperdimensional/Learning/arm_isro/arm_ws/build/isro_arm_controller[0m
[1.089s] [34mcolcon.colcon_core.environment[0m [1;30mLevel 1[0m checking '/home/hyperdimensional/Learning/arm_isro/arm_ws/install/isro_arm_controller' for CMake module files
[1.089s] [34mcolcon.colcon_core.environment[0m [1;30mLevel 1[0m checking '/home/hyperdimensional/Learning/arm_isro/arm_ws/install/isro_arm_controller' for CMake config files
[1.089s] [34mcolcon.colcon_core.shell[0m [1;30mLevel 1[0m create_environment_hook('isro_arm_controller', 'cmake_prefix_path')
[1.089s] [34mcolcon.colcon_core.shell[0m [1;30mINFO[0m Creating environment hook '/home/hyperdimensional/Learning/arm_isro/arm_ws/install/isro_arm_controller/share/isro_arm_controller/hook/cmake_prefix_path.ps1'
[1.090s] [34mcolcon.colcon_core.shell[0m [1;30mINFO[0m Creating environment descriptor '/home/hyperdimensional/Learning/arm_isro/arm_ws/install/isro_arm_controller/share/isro_arm_controller/hook/cmake_prefix_path.dsv'
[1.091s] [34mcolcon.colcon_core.shell[0m [1;30mINFO[0m Creating environment hook '/home/hyperdimensional/Learning/arm_isro/arm_ws/install/isro_arm_controller/share/isro_arm_controller/hook/cmake_prefix_path.sh'
[1.092s] [34mcolcon.colcon_core.environment[0m [1;30mLevel 1[0m checking '/home/hyperdimensional/Learning/arm_isro/arm_ws/install/isro_arm_controller/bin'
[1.092s] [34mcolcon.colcon_core.environment[0m [1;30mLevel 1[0m checking '/home/hyperdimensional/Learning/arm_isro/arm_ws/install/isro_arm_controller/lib/pkgconfig/isro_arm_controller.pc'
[1.092s] [34mcolcon.colcon_core.environment[0m [1;30mLevel 1[0m checking '/home/hyperdimensional/Learning/arm_isro/arm_ws/install/isro_arm_controller/lib/python3.10/site-packages'
[1.092s] [34mcolcon.colcon_core.environment[0m [1;30mLevel 1[0m checking '/home/hyperdimensional/Learning/arm_isro/arm_ws/install/isro_arm_controller/bin'
[1.092s] [34mcolcon.colcon_core.shell[0m [1;30mINFO[0m Creating package script '/home/hyperdimensional/Learning/arm_isro/arm_ws/install/isro_arm_controller/share/isro_arm_controller/package.ps1'
[1.093s] [34mcolcon.colcon_core.shell[0m [1;30mINFO[0m Creating package descriptor '/home/hyperdimensional/Learning/arm_isro/arm_ws/install/isro_arm_controller/share/isro_arm_controller/package.dsv'
[1.094s] [34mcolcon.colcon_core.shell[0m [1;30mINFO[0m Creating package script '/home/hyperdimensional/Learning/arm_isro/arm_ws/install/isro_arm_controller/share/isro_arm_controller/package.sh'
[1.094s] [34mcolcon.colcon_core.shell[0m [1;30mINFO[0m Creating package script '/home/hyperdimensional/Learning/arm_isro/arm_ws/install/isro_arm_controller/share/isro_arm_controller/package.bash'
[1.095s] [34mcolcon.colcon_core.shell[0m [1;30mINFO[0m Creating package script '/home/hyperdimensional/Learning/arm_isro/arm_ws/install/isro_arm_controller/share/isro_arm_controller/package.zsh'
[1.096s] [34mcolcon.colcon_core.environment[0m [1;30mLevel 1[0m create_file_with_runtime_dependencies(/home/hyperdimensional/Learning/arm_isro/arm_ws/install/isro_arm_controller/share/colcon-core/packages/isro_arm_controller)
[1.097s] [34mcolcon.colcon_core.environment[0m [1;30mLevel 1[0m create_environment_scripts_only(arm_controller)
[1.098s] [34mcolcon.colcon_core.environment[0m [1;30mLevel 1[0m checking '/home/hyperdimensional/Learning/arm_isro/arm_ws/install/arm_controller' for CMake module files
[1.098s] [34mcolcon.colcon_core.event_handler.log_command[0m [1;30mDEBUG[0m [32mInvoked command in '/home/hyperdimensional/Learning/arm_isro/arm_ws/build/arm_controller' returned '0': CMAKE_PREFIX_PATH=${CMAKE_PREFIX_PATH}:/opt/ros/humble /usr/bin/cmake --install /home/hyperdimensional/Learning/arm_isro/arm_ws/build/arm_controller[0m
[1.099s] [34mcolcon.colcon_core.environment[0m [1;30mLevel 1[0m checking '/home/hyperdimensional/Learning/arm_isro/arm_ws/install/arm_controller' for CMake config files
[1.099s] [34mcolcon.colcon_core.shell[0m [1;30mLevel 1[0m create_environment_hook('arm_controller', 'cmake_prefix_path')
[1.099s] [34mcolcon.colcon_core.shell[0m [1;30mINFO[0m Creating environment hook '/home/hyperdimensional/Learning/arm_isro/arm_ws/install/arm_controller/share/arm_controller/hook/cmake_prefix_path.ps1'
[1.100s] [34mcolcon.colcon_core.shell[0m [1;30mINFO[0m Creating environment descriptor '/home/hyperdimensional/Learning/arm_isro/arm_ws/install/arm_controller/share/arm_controller/hook/cmake_prefix_path.dsv'
[1.100s] [34mcolcon.colcon_core.shell[0m [1;30mINFO[0m Creating environment hook '/home/hyperdimensional/Learning/arm_isro/arm_ws/install/arm_controller/share/arm_controller/hook/cmake_prefix_path.sh'
[1.101s] [34mcolcon.colcon_core.environment[0m [1;30mLevel 1[0m checking '/home/hyperdimensional/Learning/arm_isro/arm_ws/install/arm_controller/bin'
[1.101s] [34mcolcon.colcon_core.environment[0m [1;30mLevel 1[0m checking '/home/hyperdimensional/Learning/arm_isro/arm_ws/install/arm_controller/lib/pkgconfig/arm_controller.pc'
[1.101s] [34mcolcon.colcon_core.environment[0m [1;30mLevel 1[0m checking '/home/hyperdimensional/Learning/arm_isro/arm_ws/install/arm_controller/lib/python3.10/site-packages'
[1.101s] [34mcolcon.colcon_core.environment[0m [1;30mLevel 1[0m checking '/home/hyperdimensional/Learning/arm_isro/arm_ws/install/arm_controller/bin'
[1.102s] [34mcolcon.colcon_core.shell[0m [1;30mINFO[0m Creating package script '/home/hyperdimensional/Learning/arm_isro/arm_ws/install/arm_controller/share/arm_controller/package.ps1'
[1.102s] [34mcolcon.colcon_core.shell[0m [1;30mINFO[0m Creating package descriptor '/home/hyperdimensional/Learning/arm_isro/arm_ws/install/arm_controller/share/arm_controller/package.dsv'
[1.103s] [34mcolcon.colcon_core.shell[0m [1;30mINFO[0m Creating package script '/home/hyperdimensional/Learning/arm_isro/arm_ws/install/arm_controller/share/arm_controller/package.sh'
[1.103s] [34mcolcon.colcon_core.shell[0m [1;30mINFO[0m Creating package script '/home/hyperdimensional/Learning/arm_isro/arm_ws/install/arm_controller/share/arm_controller/package.bash'
[1.103s] [34mcolcon.colcon_core.shell[0m [1;30mINFO[0m Creating package script '/home/hyperdimensional/Learning/arm_isro/arm_ws/install/arm_controller/share/arm_controller/package.zsh'
[1.104s] [34mcolcon.colcon_core.environment[0m [1;30mLevel 1[0m create_file_with_runtime_dependencies(/home/hyperdimensional/Learning/arm_isro/arm_ws/install/arm_controller/share/colcon-core/packages/arm_controller)
[1.105s] [34mcolcon.colcon_core.environment[0m [1;30mLevel 1[0m create_environment_scripts_only(arm_description)
[1.106s] [34mcolcon.colcon_core.environment[0m [1;30mLevel 1[0m checking '/home/hyperdimensional/Learning/arm_isro/arm_ws/install/arm_description' for CMake module files
[1.106s] [34mcolcon.colcon_core.event_handler.log_command[0m [1;30mDEBUG[0m [32mInvoked command in '/home/hyperdimensional/Learning/arm_isro/arm_ws/build/arm_description' returned '0': CMAKE_PREFIX_PATH=${CMAKE_PREFIX_PATH}:/opt/ros/humble /usr/bin/cmake --install /home/hyperdimensional/Learning/arm_isro/arm_ws/build/arm_description[0m
[1.106s] [34mcolcon.colcon_core.environment[0m [1;30mLevel 1[0m checking '/home/hyperdimensional/Learning/arm_isro/arm_ws/install/arm_description' for CMake config files
[1.107s] [34mcolcon.colcon_core.shell[0m [1;30mLevel 1[0m create_environment_hook('arm_description', 'cmake_prefix_path')
[1.107s] [34mcolcon.colcon_core.shell[0m [1;30mINFO[0m Creating environment hook '/home/hyperdimensional/Learning/arm_isro/arm_ws/install/arm_description/share/arm_description/hook/cmake_prefix_path.ps1'
[1.108s] [34mcolcon.colcon_core.shell[0m [1;30mINFO[0m Creating environment descriptor '/home/hyperdimensional/Learning/arm_isro/arm_ws/install/arm_description/share/arm_description/hook/cmake_prefix_path.dsv'
[1.108s] [34mcolcon.colcon_core.shell[0m [1;30mINFO[0m Creating environment hook '/home/hyperdimensional/Learning/arm_isro/arm_ws/install/arm_description/share/arm_description/hook/cmake_prefix_path.sh'
[1.109s] [34mcolcon.colcon_core.environment[0m [1;30mLevel 1[0m checking '/home/hyperdimensional/Learning/arm_isro/arm_ws/install/arm_description/bin'
[1.109s] [34mcolcon.colcon_core.environment[0m [1;30mLevel 1[0m checking '/home/hyperdimensional/Learning/arm_isro/arm_ws/install/arm_description/lib/pkgconfig/arm_description.pc'
[1.109s] [34mcolcon.colcon_core.environment[0m [1;30mLevel 1[0m checking '/home/hyperdimensional/Learning/arm_isro/arm_ws/install/arm_description/lib/python3.10/site-packages'
[1.109s] [34mcolcon.colcon_core.environment[0m [1;30mLevel 1[0m checking '/home/hyperdimensional/Learning/arm_isro/arm_ws/install/arm_description/bin'
[1.109s] [34mcolcon.colcon_core.shell[0m [1;30mINFO[0m Creating package script '/home/hyperdimensional/Learning/arm_isro/arm_ws/install/arm_description/share/arm_description/package.ps1'
[1.110s] [34mcolcon.colcon_core.shell[0m [1;30mINFO[0m Creating package descriptor '/home/hyperdimensional/Learning/arm_isro/arm_ws/install/arm_description/share/arm_description/package.dsv'
[1.110s] [34mcolcon.colcon_core.shell[0m [1;30mINFO[0m Creating package script '/home/hyperdimensional/Learning/arm_isro/arm_ws/install/arm_description/share/arm_description/package.sh'
[1.110s] [34mcolcon.colcon_core.shell[0m [1;30mINFO[0m Creating package script '/home/hyperdimensional/Learning/arm_isro/arm_ws/install/arm_description/share/arm_description/package.bash'
[1.110s] [34mcolcon.colcon_core.shell[0m [1;30mINFO[0m Creating package script '/home/hyperdimensional/Learning/arm_isro/arm_ws/install/arm_description/share/arm_description/package.zsh'
[1.111s] [34mcolcon.colcon_core.environment[0m [1;30mLevel 1[0m create_file_with_runtime_dependencies(/home/hyperdimensional/Learning/arm_isro/arm_ws/install/arm_description/share/colcon-core/packages/arm_description)
[1.124s] [34mcolcon.colcon_core.environment[0m [1;30mLevel 1[0m create_environment_scripts_only(isro_arm_controller)
[1.125s] [34mcolcon.colcon_core.environment[0m [1;30mLevel 1[0m checking '/home/hyperdimensional/Learning/arm_isro/arm_ws/install/isro_arm_controller' for CMake module files
[1.125s] [34mcolcon.colcon_core.environment[0m [1;30mLevel 1[0m checking '/home/hyperdimensional/Learning/arm_isro/arm_ws/install/isro_arm_controller' for CMake config files
[1.125s] [34mcolcon.colcon_core.shell[0m [1;30mLevel 1[0m create_environment_hook('isro_arm_controller', 'cmake_prefix_path')
[1.125s] [34mcolcon.colcon_core.shell[0m [1;30mINFO[0m Creating environment hook '/home/hyperdimensional/Learning/arm_isro/arm_ws/install/isro_arm_controller/share/isro_arm_controller/hook/cmake_prefix_path.ps1'
[1.126s] [34mcolcon.colcon_core.shell[0m [1;30mINFO[0m Creating environment descriptor '/home/hyperdimensional/Learning/arm_isro/arm_ws/install/isro_arm_controller/share/isro_arm_controller/hook/cmake_prefix_path.dsv'
[1.126s] [34mcolcon.colcon_core.shell[0m [1;30mINFO[0m Creating environment hook '/home/hyperdimensional/Learning/arm_isro/arm_ws/install/isro_arm_controller/share/isro_arm_controller/hook/cmake_prefix_path.sh'
[1.126s] [34mcolcon.colcon_core.environment[0m [1;30mLevel 1[0m checking '/home/hyperdimensional/Learning/arm_isro/arm_ws/install/isro_arm_controller/bin'
[1.126s] [34mcolcon.colcon_core.environment[0m [1;30mLevel 1[0m checking '/home/hyperdimensional/Learning/arm_isro/arm_ws/install/isro_arm_controller/lib/pkgconfig/isro_arm_controller.pc'
[1.127s] [34mcolcon.colcon_core.environment[0m [1;30mLevel 1[0m checking '/home/hyperdimensional/Learning/arm_isro/arm_ws/install/isro_arm_controller/lib/python3.10/site-packages'
[1.127s] [34mcolcon.colcon_core.environment[0m [1;30mLevel 1[0m checking '/home/hyperdimensional/Learning/arm_isro/arm_ws/install/isro_arm_controller/bin'
[1.127s] [34mcolcon.colcon_core.shell[0m [1;30mINFO[0m Creating package script '/home/hyperdimensional/Learning/arm_isro/arm_ws/install/isro_arm_controller/share/isro_arm_controller/package.ps1'
[1.127s] [34mcolcon.colcon_core.shell[0m [1;30mINFO[0m Creating package descriptor '/home/hyperdimensional/Learning/arm_isro/arm_ws/install/isro_arm_controller/share/isro_arm_controller/package.dsv'
[1.128s] [34mcolcon.colcon_core.shell[0m [1;30mINFO[0m Creating package script '/home/hyperdimensional/Learning/arm_isro/arm_ws/install/isro_arm_controller/share/isro_arm_controller/package.sh'
[1.128s] [34mcolcon.colcon_core.shell[0m [1;30mINFO[0m Creating package script '/home/hyperdimensional/Learning/arm_isro/arm_ws/install/isro_arm_controller/share/isro_arm_controller/package.bash'
[1.128s] [34mcolcon.colcon_core.shell[0m [1;30mINFO[0m Creating package script '/home/hyperdimensional/Learning/arm_isro/arm_ws/install/isro_arm_controller/share/isro_arm_controller/package.zsh'
[1.129s] [34mcolcon.colcon_core.environment[0m [1;30mLevel 1[0m create_file_with_runtime_dependencies(/home/hyperdimensional/Learning/arm_isro/arm_ws/install/isro_arm_controller/share/colcon-core/packages/isro_arm_controller)
[1.130s] [34mcolcon.colcon_core.environment[0m [1;30mLevel 1[0m create_environment_scripts_only(arm_controller)
[1.130s] [34mcolcon.colcon_core.environment[0m [1;30mLevel 1[0m checking '/home/hyperdimensional/Learning/arm_isro/arm_ws/install/arm_controller' for CMake module files
[1.131s] [34mcolcon.colcon_core.environment[0m [1;30mLevel 1[0m checking '/home/hyperdimensional/Learning/arm_isro/arm_ws/install/arm_controller' for CMake config files
[1.131s] [34mcolcon.colcon_core.shell[0m [1;30mLevel 1[0m create_environment_hook('arm_controller', 'cmake_prefix_path')
[1.131s] [34mcolcon.colcon_core.shell[0m [1;30mINFO[0m Creating environment hook '/home/hyperdimensional/Learning/arm_isro/arm_ws/install/arm_controller/share/arm_controller/hook/cmake_prefix_path.ps1'
[1.132s] [34mcolcon.colcon_core.shell[0m [1;30mINFO[0m Creating environment descriptor '/home/hyperdimensional/Learning/arm_isro/arm_ws/install/arm_controller/share/arm_controller/hook/cmake_prefix_path.dsv'
[1.132s] [34mcolcon.colcon_core.shell[0m [1;30mINFO[0m Creating environment hook '/home/hyperdimensional/Learning/arm_isro/arm_ws/install/arm_controller/share/arm_controller/hook/cmake_prefix_path.sh'
[1.132s] [34mcolcon.colcon_core.environment[0m [1;30mLevel 1[0m checking '/home/hyperdimensional/Learning/arm_isro/arm_ws/install/arm_controller/bin'
[1.132s] [34mcolcon.colcon_core.environment[0m [1;30mLevel 1[0m checking '/home/hyperdimensional/Learning/arm_isro/arm_ws/install/arm_controller/lib/pkgconfig/arm_controller.pc'
[1.133s] [34mcolcon.colcon_core.environment[0m [1;30mLevel 1[0m checking '/home/hyperdimensional/Learning/arm_isro/arm_ws/install/arm_controller/lib/python3.10/site-packages'
[1.133s] [34mcolcon.colcon_core.environment[0m [1;30mLevel 1[0m checking '/home/hyperdimensional/Learning/arm_isro/arm_ws/install/arm_controller/bin'
[1.133s] [34mcolcon.colcon_core.shell[0m [1;30mINFO[0m Creating package script '/home/hyperdimensional/Learning/arm_isro/arm_ws/install/arm_controller/share/arm_controller/package.ps1'
[1.133s] [34mcolcon.colcon_core.shell[0m [1;30mINFO[0m Creating package descriptor '/home/hyperdimensional/Learning/arm_isro/arm_ws/install/arm_controller/share/arm_controller/package.dsv'
[1.134s] [34mcolcon.colcon_core.shell[0m [1;30mINFO[0m Creating package script '/home/hyperdimensional/Learning/arm_isro/arm_ws/install/arm_controller/share/arm_controller/package.sh'
[1.134s] [34mcolcon.colcon_core.shell[0m [1;30mINFO[0m Creating package script '/home/hyperdimensional/Learning/arm_isro/arm_ws/install/arm_controller/share/arm_controller/package.bash'
[1.134s] [34mcolcon.colcon_core.shell[0m [1;30mINFO[0m Creating package script '/home/hyperdimensional/Learning/arm_isro/arm_ws/install/arm_controller/share/arm_controller/package.zsh'
[1.135s] [34mcolcon.colcon_core.environment[0m [1;30mLevel 1[0m create_file_with_runtime_dependencies(/home/hyperdimensional/Learning/arm_isro/arm_ws/install/arm_controller/share/colcon-core/packages/arm_controller)
[1.136s] [34mcolcon.colcon_core.environment[0m [1;30mLevel 1[0m create_environment_scripts_only(arm_description)
[1.136s] [34mcolcon.colcon_core.environment[0m [1;30mLevel 1[0m checking '/home/hyperdimensional/Learning/arm_isro/arm_ws/install/arm_description' for CMake module files
[1.137s] [34mcolcon.colcon_core.environment[0m [1;30mLevel 1[0m checking '/home/hyperdimensional/Learning/arm_isro/arm_ws/install/arm_description' for CMake config files
[1.137s] [34mcolcon.colcon_core.shell[0m [1;30mLevel 1[0m create_environment_hook('arm_description', 'cmake_prefix_path')
[1.138s] [34mcolcon.colcon_core.shell[0m [1;30mINFO[0m Creating environment hook '/home/hyperdimensional/Learning/arm_isro/arm_ws/install/arm_description/share/arm_description/hook/cmake_prefix_path.ps1'
[1.138s] [34mcolcon.colcon_core.shell[0m [1;30mINFO[0m Creating environment descriptor '/home/hyperdimensional/Learning/arm_isro/arm_ws/install/arm_description/share/arm_description/hook/cmake_prefix_path.dsv'
[1.138s] [34mcolcon.colcon_core.shell[0m [1;30mINFO[0m Creating environment hook '/home/hyperdimensional/Learning/arm_isro/arm_ws/install/arm_description/share/arm_description/hook/cmake_prefix_path.sh'
[1.139s] [34mcolcon.colcon_core.environment[0m [1;30mLevel 1[0m checking '/home/hyperdimensional/Learning/arm_isro/arm_ws/install/arm_description/bin'
[1.139s] [34mcolcon.colcon_core.environment[0m [1;30mLevel 1[0m checking '/home/hyperdimensional/Learning/arm_isro/arm_ws/install/arm_description/lib/pkgconfig/arm_description.pc'
[1.139s] [34mcolcon.colcon_core.environment[0m [1;30mLevel 1[0m checking '/home/hyperdimensional/Learning/arm_isro/arm_ws/install/arm_description/lib/python3.10/site-packages'
[1.139s] [34mcolcon.colcon_core.environment[0m [1;30mLevel 1[0m checking '/home/hyperdimensional/Learning/arm_isro/arm_ws/install/arm_description/bin'
[1.139s] [34mcolcon.colcon_core.shell[0m [1;30mINFO[0m Creating package script '/home/hyperdimensional/Learning/arm_isro/arm_ws/install/arm_description/share/arm_description/package.ps1'
[1.140s] [34mcolcon.colcon_core.shell[0m [1;30mINFO[0m Creating package descriptor '/home/hyperdimensional/Learning/arm_isro/arm_ws/install/arm_description/share/arm_description/package.dsv'
[1.140s] [34mcolcon.colcon_core.shell[0m [1;30mINFO[0m Creating package script '/home/hyperdimensional/Learning/arm_isro/arm_ws/install/arm_description/share/arm_description/package.sh'
[1.140s] [34mcolcon.colcon_core.shell[0m [1;30mINFO[0m Creating package script '/home/hyperdimensional/Learning/arm_isro/arm_ws/install/arm_description/share/arm_description/package.bash'
[1.141s] [34mcolcon.colcon_core.shell[0m [1;30mINFO[0m Creating package script '/home/hyperdimensional/Learning/arm_isro/arm_ws/install/arm_description/share/arm_description/package.zsh'
[1.141s] [34mcolcon.colcon_core.environment[0m [1;30mLevel 1[0m create_file_with_runtime_dependencies(/home/hyperdimensional/Learning/arm_isro/arm_ws/install/arm_description/share/colcon-core/packages/arm_description)
[1.141s] [34mcolcon.colcon_parallel_executor.executor.parallel[0m [1;30mDEBUG[0m [32mclosing loop[0m
[1.142s] [34mcolcon.colcon_parallel_executor.executor.parallel[0m [1;30mDEBUG[0m [32mloop closed[0m
[1.142s] [34mcolcon.colcon_parallel_executor.executor.parallel[0m [1;30mDEBUG[0m [32mrun_until_complete finished with '0'[0m
[1.142s] [34mcolcon.colcon_core.event_reactor[0m [1;30mDEBUG[0m [32mjoining thread[0m
[1.149s] [34mcolcon.colcon_core.plugin_system[0m [1;30mINFO[0m Skipping extension 'colcon_notification.desktop_notification.terminal_notifier': Not used on non-Darwin systems
[1.150s] [34mcolcon.colcon_core.plugin_system[0m [1;30mINFO[0m Skipping extension 'colcon_notification.desktop_notification.win32': Not used on non-Windows systems
[1.150s] [34mcolcon.colcon_notification.desktop_notification[0m [1;30mINFO[0m Sending desktop notification using 'notify2'
[1.257s] [34mcolcon.colcon_core.event_reactor[0m [1;30mDEBUG[0m [32mjoined thread[0m
[1.257s] [34mcolcon.colcon_core.shell[0m [1;30mINFO[0m Creating prefix script '/home/hyperdimensional/Learning/arm_isro/arm_ws/install/local_setup.ps1'
[1.260s] [34mcolcon.colcon_core.shell[0m [1;30mINFO[0m Creating prefix util module '/home/hyperdimensional/Learning/arm_isro/arm_ws/install/_local_setup_util_ps1.py'
[1.263s] [34mcolcon.colcon_core.shell[0m [1;30mINFO[0m Creating prefix chain script '/home/hyperdimensional/Learning/arm_isro/arm_ws/install/setup.ps1'
[1.265s] [34mcolcon.colcon_core.shell[0m [1;30mINFO[0m Creating prefix script '/home/hyperdimensional/Learning/arm_isro/arm_ws/install/local_setup.sh'
[1.267s] [34mcolcon.colcon_core.shell[0m [1;30mINFO[0m Creating prefix util module '/home/hyperdimensional/Learning/arm_isro/arm_ws/install/_local_setup_util_sh.py'
[1.268s] [34mcolcon.colcon_core.shell[0m [1;30mINFO[0m Creating prefix chain script '/home/hyperdimensional/Learning/arm_isro/arm_ws/install/setup.sh'
[1.271s] [34mcolcon.colcon_core.shell[0m [1;30mINFO[0m Creating prefix script '/home/hyperdimensional/Learning/arm_isro/arm_ws/install/local_setup.bash'
[1.272s] [34mcolcon.colcon_core.shell[0m [1;30mINFO[0m Creating prefix chain script '/home/hyperdimensional/Learning/arm_isro/arm_ws/install/setup.bash'
[1.274s] [34mcolcon.colcon_core.shell[0m [1;30mINFO[0m Creating prefix script '/home/hyperdimensional/Learning/arm_isro/arm_ws/install/local_setup.zsh'
[1.275s] [34mcolcon.colcon_core.shell[0m [1;30mINFO[0m Creating prefix chain script '/home/hyperdimensional/Learning/arm_isro/arm_ws/install/setup.zsh'
