[0.085s] DEBUG:colcon:Command line arguments: ['/usr/bin/colcon', 'build', '--symlink-install']
[0.085s] DEBUG:colcon:Parsed command line arguments: Namespace(log_base=None, log_level=None, verb_name='build', build_base='build', install_base='install', merge_install=False, symlink_install=True, test_result_base=None, continue_on_error=False, executor='parallel', parallel_workers=16, event_handlers=None, ignore_user_meta=False, metas=['./colcon.meta'], base_paths=['.'], packages_ignore=None, packages_ignore_regex=None, paths=None, packages_up_to=None, packages_up_to_regex=None, packages_above=None, packages_above_and_dependencies=None, packages_above_depth=None, packages_select_by_dep=None, packages_skip_by_dep=None, packages_skip_up_to=None, packages_select_build_failed=False, packages_skip_build_finished=False, packages_select_test_failures=False, packages_skip_test_passed=False, packages_select=None, packages_skip=None, packages_select_regex=None, packages_skip_regex=None, packages_start=None, packages_end=None, allow_overriding=[], cmake_args=None, cmake_target=None, cmake_target_skip_unavailable=False, cmake_clean_cache=False, cmake_clean_first=False, cmake_force_configure=False, ament_cmake_args=None, catkin_cmake_args=None, catkin_skip_building_tests=False, mixin_files=None, mixin=None, verb_parser=<colcon_mixin.mixin.mixin_argument.MixinArgumentDecorator object at 0x72001bd41750>, verb_extension=<colcon_core.verb.build.BuildVerb object at 0x72001be56650>, main=<bound method BuildVerb.main of <colcon_core.verb.build.BuildVerb object at 0x72001be56650>>, mixin_verb=('build',))
[0.215s] Level 1:colcon.colcon_core.package_discovery:discover_packages(colcon_meta) check parameters
[0.215s] Level 1:colcon.colcon_core.package_discovery:discover_packages(recursive) check parameters
[0.215s] Level 1:colcon.colcon_core.package_discovery:discover_packages(ignore) check parameters
[0.215s] Level 1:colcon.colcon_core.package_discovery:discover_packages(path) check parameters
[0.215s] Level 1:colcon.colcon_core.package_discovery:discover_packages(colcon_meta) discover
[0.215s] Level 1:colcon.colcon_core.package_discovery:discover_packages(recursive) discover
[0.215s] INFO:colcon.colcon_core.package_discovery:Crawling recursively for packages in '/home/hyperdimensional/Learning/arm_isro/arm_ws'
[0.216s] Level 1:colcon.colcon_core.package_identification:_identify(.) by extensions ['ignore', 'ignore_ament_install']
[0.216s] Level 1:colcon.colcon_core.package_identification:_identify(.) by extension 'ignore'
[0.216s] Level 1:colcon.colcon_core.package_identification:_identify(.) by extension 'ignore_ament_install'
[0.216s] Level 1:colcon.colcon_core.package_identification:_identify(.) by extensions ['colcon_pkg']
[0.216s] Level 1:colcon.colcon_core.package_identification:_identify(.) by extension 'colcon_pkg'
[0.216s] Level 1:colcon.colcon_core.package_identification:_identify(.) by extensions ['colcon_meta']
[0.216s] Level 1:colcon.colcon_core.package_identification:_identify(.) by extension 'colcon_meta'
[0.216s] Level 1:colcon.colcon_core.package_identification:_identify(.) by extensions ['ros']
[0.216s] Level 1:colcon.colcon_core.package_identification:_identify(.) by extension 'ros'
[0.224s] Level 1:colcon.colcon_core.package_identification:_identify(.) by extensions ['cmake', 'python']
[0.224s] Level 1:colcon.colcon_core.package_identification:_identify(.) by extension 'cmake'
[0.224s] Level 1:colcon.colcon_core.package_identification:_identify(.) by extension 'python'
[0.224s] Level 1:colcon.colcon_core.package_identification:_identify(.) by extensions ['python_setup_py']
[0.224s] Level 1:colcon.colcon_core.package_identification:_identify(.) by extension 'python_setup_py'
[0.225s] Level 1:colcon.colcon_core.package_identification:_identify(build) by extensions ['ignore', 'ignore_ament_install']
[0.225s] Level 1:colcon.colcon_core.package_identification:_identify(build) by extension 'ignore'
[0.225s] Level 1:colcon.colcon_core.package_identification:_identify(build) ignored
[0.225s] Level 1:colcon.colcon_core.package_identification:_identify(install) by extensions ['ignore', 'ignore_ament_install']
[0.225s] Level 1:colcon.colcon_core.package_identification:_identify(install) by extension 'ignore'
[0.225s] Level 1:colcon.colcon_core.package_identification:_identify(install) ignored
[0.226s] Level 1:colcon.colcon_core.package_identification:_identify(log) by extensions ['ignore', 'ignore_ament_install']
[0.226s] Level 1:colcon.colcon_core.package_identification:_identify(log) by extension 'ignore'
[0.226s] Level 1:colcon.colcon_core.package_identification:_identify(log) ignored
[0.226s] Level 1:colcon.colcon_core.package_identification:_identify(src) by extensions ['ignore', 'ignore_ament_install']
[0.226s] Level 1:colcon.colcon_core.package_identification:_identify(src) by extension 'ignore'
[0.226s] Level 1:colcon.colcon_core.package_identification:_identify(src) by extension 'ignore_ament_install'
[0.226s] Level 1:colcon.colcon_core.package_identification:_identify(src) by extensions ['colcon_pkg']
[0.226s] Level 1:colcon.colcon_core.package_identification:_identify(src) by extension 'colcon_pkg'
[0.226s] Level 1:colcon.colcon_core.package_identification:_identify(src) by extensions ['colcon_meta']
[0.226s] Level 1:colcon.colcon_core.package_identification:_identify(src) by extension 'colcon_meta'
[0.226s] Level 1:colcon.colcon_core.package_identification:_identify(src) by extensions ['ros']
[0.226s] Level 1:colcon.colcon_core.package_identification:_identify(src) by extension 'ros'
[0.226s] Level 1:colcon.colcon_core.package_identification:_identify(src) by extensions ['cmake', 'python']
[0.226s] Level 1:colcon.colcon_core.package_identification:_identify(src) by extension 'cmake'
[0.226s] Level 1:colcon.colcon_core.package_identification:_identify(src) by extension 'python'
[0.226s] Level 1:colcon.colcon_core.package_identification:_identify(src) by extensions ['python_setup_py']
[0.226s] Level 1:colcon.colcon_core.package_identification:_identify(src) by extension 'python_setup_py'
[0.226s] Level 1:colcon.colcon_core.package_identification:_identify(src/arm_description) by extensions ['ignore', 'ignore_ament_install']
[0.226s] Level 1:colcon.colcon_core.package_identification:_identify(src/arm_description) by extension 'ignore'
[0.226s] Level 1:colcon.colcon_core.package_identification:_identify(src/arm_description) by extension 'ignore_ament_install'
[0.226s] Level 1:colcon.colcon_core.package_identification:_identify(src/arm_description) by extensions ['colcon_pkg']
[0.226s] Level 1:colcon.colcon_core.package_identification:_identify(src/arm_description) by extension 'colcon_pkg'
[0.226s] Level 1:colcon.colcon_core.package_identification:_identify(src/arm_description) by extensions ['colcon_meta']
[0.226s] Level 1:colcon.colcon_core.package_identification:_identify(src/arm_description) by extension 'colcon_meta'
[0.226s] Level 1:colcon.colcon_core.package_identification:_identify(src/arm_description) by extensions ['ros']
[0.227s] Level 1:colcon.colcon_core.package_identification:_identify(src/arm_description) by extension 'ros'
[0.228s] DEBUG:colcon.colcon_core.package_identification:Package 'src/arm_description' with type 'ros.ament_cmake' and name 'arm_description'
[0.228s] Level 1:colcon.colcon_core.package_identification:_identify(src/isro_arm_controller) by extensions ['ignore', 'ignore_ament_install']
[0.229s] Level 1:colcon.colcon_core.package_identification:_identify(src/isro_arm_controller) by extension 'ignore'
[0.229s] Level 1:colcon.colcon_core.package_identification:_identify(src/isro_arm_controller) by extension 'ignore_ament_install'
[0.229s] Level 1:colcon.colcon_core.package_identification:_identify(src/isro_arm_controller) by extensions ['colcon_pkg']
[0.229s] Level 1:colcon.colcon_core.package_identification:_identify(src/isro_arm_controller) by extension 'colcon_pkg'
[0.229s] Level 1:colcon.colcon_core.package_identification:_identify(src/isro_arm_controller) by extensions ['colcon_meta']
[0.229s] Level 1:colcon.colcon_core.package_identification:_identify(src/isro_arm_controller) by extension 'colcon_meta'
[0.229s] Level 1:colcon.colcon_core.package_identification:_identify(src/isro_arm_controller) by extensions ['ros']
[0.229s] Level 1:colcon.colcon_core.package_identification:_identify(src/isro_arm_controller) by extension 'ros'
[0.229s] DEBUG:colcon.colcon_core.package_identification:Package 'src/isro_arm_controller' with type 'ros.ament_cmake' and name 'isro_arm_controller'
[0.229s] Level 1:colcon.colcon_core.package_identification:_identify(src/isro_arm_moveit) by extensions ['ignore', 'ignore_ament_install']
[0.229s] Level 1:colcon.colcon_core.package_identification:_identify(src/isro_arm_moveit) by extension 'ignore'
[0.229s] Level 1:colcon.colcon_core.package_identification:_identify(src/isro_arm_moveit) by extension 'ignore_ament_install'
[0.229s] Level 1:colcon.colcon_core.package_identification:_identify(src/isro_arm_moveit) by extensions ['colcon_pkg']
[0.229s] Level 1:colcon.colcon_core.package_identification:_identify(src/isro_arm_moveit) by extension 'colcon_pkg'
[0.230s] Level 1:colcon.colcon_core.package_identification:_identify(src/isro_arm_moveit) by extensions ['colcon_meta']
[0.230s] Level 1:colcon.colcon_core.package_identification:_identify(src/isro_arm_moveit) by extension 'colcon_meta'
[0.230s] Level 1:colcon.colcon_core.package_identification:_identify(src/isro_arm_moveit) by extensions ['ros']
[0.230s] Level 1:colcon.colcon_core.package_identification:_identify(src/isro_arm_moveit) by extension 'ros'
[0.230s] DEBUG:colcon.colcon_core.package_identification:Package 'src/isro_arm_moveit' with type 'ros.ament_cmake' and name 'isro_arm_moveit'
[0.230s] Level 1:colcon.colcon_core.package_discovery:discover_packages(recursive) using defaults
[0.230s] Level 1:colcon.colcon_core.package_discovery:discover_packages(ignore) discover
[0.230s] Level 1:colcon.colcon_core.package_discovery:discover_packages(ignore) using defaults
[0.230s] Level 1:colcon.colcon_core.package_discovery:discover_packages(path) discover
[0.230s] Level 1:colcon.colcon_core.package_discovery:discover_packages(path) using defaults
[0.257s] Level 1:colcon.colcon_core.package_discovery:discover_packages(prefix_path) check parameters
[0.257s] Level 1:colcon.colcon_core.package_discovery:discover_packages(prefix_path) discover
[0.260s] DEBUG:colcon.colcon_installed_package_information.package_discovery:Found 364 installed packages in /opt/ros/humble
[0.261s] Level 1:colcon.colcon_core.package_discovery:discover_packages(prefix_path) using defaults
[0.297s] Level 5:colcon.colcon_core.verb:set package 'arm_description' build argument 'cmake_args' from command line to 'None'
[0.297s] Level 5:colcon.colcon_core.verb:set package 'arm_description' build argument 'cmake_target' from command line to 'None'
[0.297s] Level 5:colcon.colcon_core.verb:set package 'arm_description' build argument 'cmake_target_skip_unavailable' from command line to 'False'
[0.297s] Level 5:colcon.colcon_core.verb:set package 'arm_description' build argument 'cmake_clean_cache' from command line to 'False'
[0.297s] Level 5:colcon.colcon_core.verb:set package 'arm_description' build argument 'cmake_clean_first' from command line to 'False'
[0.297s] Level 5:colcon.colcon_core.verb:set package 'arm_description' build argument 'cmake_force_configure' from command line to 'False'
[0.297s] Level 5:colcon.colcon_core.verb:set package 'arm_description' build argument 'ament_cmake_args' from command line to 'None'
[0.297s] Level 5:colcon.colcon_core.verb:set package 'arm_description' build argument 'catkin_cmake_args' from command line to 'None'
[0.297s] Level 5:colcon.colcon_core.verb:set package 'arm_description' build argument 'catkin_skip_building_tests' from command line to 'False'
[0.297s] DEBUG:colcon.colcon_core.verb:Building package 'arm_description' with the following arguments: {'ament_cmake_args': None, 'build_base': '/home/hyperdimensional/Learning/arm_isro/arm_ws/build/arm_description', 'catkin_cmake_args': None, 'catkin_skip_building_tests': False, 'cmake_args': None, 'cmake_clean_cache': False, 'cmake_clean_first': False, 'cmake_force_configure': False, 'cmake_target': None, 'cmake_target_skip_unavailable': False, 'install_base': '/home/hyperdimensional/Learning/arm_isro/arm_ws/install/arm_description', 'merge_install': False, 'path': '/home/hyperdimensional/Learning/arm_isro/arm_ws/src/arm_description', 'symlink_install': True, 'test_result_base': None}
[0.297s] Level 5:colcon.colcon_core.verb:set package 'isro_arm_controller' build argument 'cmake_args' from command line to 'None'
[0.297s] Level 5:colcon.colcon_core.verb:set package 'isro_arm_controller' build argument 'cmake_target' from command line to 'None'
[0.297s] Level 5:colcon.colcon_core.verb:set package 'isro_arm_controller' build argument 'cmake_target_skip_unavailable' from command line to 'False'
[0.297s] Level 5:colcon.colcon_core.verb:set package 'isro_arm_controller' build argument 'cmake_clean_cache' from command line to 'False'
[0.297s] Level 5:colcon.colcon_core.verb:set package 'isro_arm_controller' build argument 'cmake_clean_first' from command line to 'False'
[0.297s] Level 5:colcon.colcon_core.verb:set package 'isro_arm_controller' build argument 'cmake_force_configure' from command line to 'False'
[0.298s] Level 5:colcon.colcon_core.verb:set package 'isro_arm_controller' build argument 'ament_cmake_args' from command line to 'None'
[0.298s] Level 5:colcon.colcon_core.verb:set package 'isro_arm_controller' build argument 'catkin_cmake_args' from command line to 'None'
[0.298s] Level 5:colcon.colcon_core.verb:set package 'isro_arm_controller' build argument 'catkin_skip_building_tests' from command line to 'False'
[0.298s] DEBUG:colcon.colcon_core.verb:Building package 'isro_arm_controller' with the following arguments: {'ament_cmake_args': None, 'build_base': '/home/hyperdimensional/Learning/arm_isro/arm_ws/build/isro_arm_controller', 'catkin_cmake_args': None, 'catkin_skip_building_tests': False, 'cmake_args': None, 'cmake_clean_cache': False, 'cmake_clean_first': False, 'cmake_force_configure': False, 'cmake_target': None, 'cmake_target_skip_unavailable': False, 'install_base': '/home/hyperdimensional/Learning/arm_isro/arm_ws/install/isro_arm_controller', 'merge_install': False, 'path': '/home/hyperdimensional/Learning/arm_isro/arm_ws/src/isro_arm_controller', 'symlink_install': True, 'test_result_base': None}
[0.298s] Level 5:colcon.colcon_core.verb:set package 'isro_arm_moveit' build argument 'cmake_args' from command line to 'None'
[0.298s] Level 5:colcon.colcon_core.verb:set package 'isro_arm_moveit' build argument 'cmake_target' from command line to 'None'
[0.298s] Level 5:colcon.colcon_core.verb:set package 'isro_arm_moveit' build argument 'cmake_target_skip_unavailable' from command line to 'False'
[0.298s] Level 5:colcon.colcon_core.verb:set package 'isro_arm_moveit' build argument 'cmake_clean_cache' from command line to 'False'
[0.298s] Level 5:colcon.colcon_core.verb:set package 'isro_arm_moveit' build argument 'cmake_clean_first' from command line to 'False'
[0.298s] Level 5:colcon.colcon_core.verb:set package 'isro_arm_moveit' build argument 'cmake_force_configure' from command line to 'False'
[0.298s] Level 5:colcon.colcon_core.verb:set package 'isro_arm_moveit' build argument 'ament_cmake_args' from command line to 'None'
[0.298s] Level 5:colcon.colcon_core.verb:set package 'isro_arm_moveit' build argument 'catkin_cmake_args' from command line to 'None'
[0.298s] Level 5:colcon.colcon_core.verb:set package 'isro_arm_moveit' build argument 'catkin_skip_building_tests' from command line to 'False'
[0.298s] DEBUG:colcon.colcon_core.verb:Building package 'isro_arm_moveit' with the following arguments: {'ament_cmake_args': None, 'build_base': '/home/hyperdimensional/Learning/arm_isro/arm_ws/build/isro_arm_moveit', 'catkin_cmake_args': None, 'catkin_skip_building_tests': False, 'cmake_args': None, 'cmake_clean_cache': False, 'cmake_clean_first': False, 'cmake_force_configure': False, 'cmake_target': None, 'cmake_target_skip_unavailable': False, 'install_base': '/home/hyperdimensional/Learning/arm_isro/arm_ws/install/isro_arm_moveit', 'merge_install': False, 'path': '/home/hyperdimensional/Learning/arm_isro/arm_ws/src/isro_arm_moveit', 'symlink_install': True, 'test_result_base': None}
[0.298s] INFO:colcon.colcon_core.executor:Executing jobs using 'parallel' executor
[0.299s] DEBUG:colcon.colcon_parallel_executor.executor.parallel:run_until_complete
[0.299s] INFO:colcon.colcon_ros.task.ament_cmake.build:Building ROS package in '/home/hyperdimensional/Learning/arm_isro/arm_ws/src/arm_description' with build type 'ament_cmake'
[0.299s] INFO:colcon.colcon_cmake.task.cmake.build:Building CMake package in '/home/hyperdimensional/Learning/arm_isro/arm_ws/src/arm_description'
[0.301s] INFO:colcon.colcon_core.plugin_system:Skipping extension 'colcon_core.shell.bat': Not used on non-Windows systems
[0.302s] INFO:colcon.colcon_core.shell:Skip shell extension 'powershell' for command environment: Not usable outside of PowerShell
[0.302s] DEBUG:colcon.colcon_core.shell:Skip shell extension 'dsv' for command environment
[0.305s] INFO:colcon.colcon_ros.task.ament_cmake.build:Building ROS package in '/home/hyperdimensional/Learning/arm_isro/arm_ws/src/isro_arm_controller' with build type 'ament_cmake'
[0.305s] INFO:colcon.colcon_cmake.task.cmake.build:Building CMake package in '/home/hyperdimensional/Learning/arm_isro/arm_ws/src/isro_arm_controller'
[0.305s] INFO:colcon.colcon_core.shell:Skip shell extension 'powershell' for command environment: Not usable outside of PowerShell
[0.305s] DEBUG:colcon.colcon_core.shell:Skip shell extension 'dsv' for command environment
[0.308s] INFO:colcon.colcon_ros.task.ament_cmake.build:Building ROS package in '/home/hyperdimensional/Learning/arm_isro/arm_ws/src/isro_arm_moveit' with build type 'ament_cmake'
[0.308s] INFO:colcon.colcon_cmake.task.cmake.build:Building CMake package in '/home/hyperdimensional/Learning/arm_isro/arm_ws/src/isro_arm_moveit'
[0.308s] INFO:colcon.colcon_core.shell:Skip shell extension 'powershell' for command environment: Not usable outside of PowerShell
[0.308s] DEBUG:colcon.colcon_core.shell:Skip shell extension 'dsv' for command environment
[0.316s] DEBUG:colcon.colcon_core.event_handler.log_command:Invoking command in '/home/hyperdimensional/Learning/arm_isro/arm_ws/build/arm_description': CMAKE_PREFIX_PATH=/opt/ros/humble /usr/bin/cmake --build /home/hyperdimensional/Learning/arm_isro/arm_ws/build/arm_description -- -j16 -l16
[0.320s] DEBUG:colcon.colcon_core.event_handler.log_command:Invoking command in '/home/hyperdimensional/Learning/arm_isro/arm_ws/build/isro_arm_controller': CMAKE_PREFIX_PATH=/opt/ros/humble /usr/bin/cmake --build /home/hyperdimensional/Learning/arm_isro/arm_ws/build/isro_arm_controller -- -j16 -l16
[0.323s] DEBUG:colcon.colcon_core.event_handler.log_command:Invoking command in '/home/hyperdimensional/Learning/arm_isro/arm_ws/build/isro_arm_moveit': CMAKE_PREFIX_PATH=/opt/ros/humble /usr/bin/cmake --build /home/hyperdimensional/Learning/arm_isro/arm_ws/build/isro_arm_moveit -- -j16 -l16
[0.359s] DEBUG:colcon.colcon_core.event_handler.log_command:Invoked command in '/home/hyperdimensional/Learning/arm_isro/arm_ws/build/isro_arm_controller' returned '0': CMAKE_PREFIX_PATH=/opt/ros/humble /usr/bin/cmake --build /home/hyperdimensional/Learning/arm_isro/arm_ws/build/isro_arm_controller -- -j16 -l16
[0.361s] DEBUG:colcon.colcon_core.event_handler.log_command:Invoked command in '/home/hyperdimensional/Learning/arm_isro/arm_ws/build/arm_description' returned '0': CMAKE_PREFIX_PATH=/opt/ros/humble /usr/bin/cmake --build /home/hyperdimensional/Learning/arm_isro/arm_ws/build/arm_description -- -j16 -l16
[0.369s] DEBUG:colcon.colcon_core.event_handler.log_command:Invoked command in '/home/hyperdimensional/Learning/arm_isro/arm_ws/build/isro_arm_moveit' returned '0': CMAKE_PREFIX_PATH=/opt/ros/humble /usr/bin/cmake --build /home/hyperdimensional/Learning/arm_isro/arm_ws/build/isro_arm_moveit -- -j16 -l16
[0.389s] DEBUG:colcon.colcon_core.event_handler.log_command:Invoking command in '/home/hyperdimensional/Learning/arm_isro/arm_ws/build/isro_arm_controller': CMAKE_PREFIX_PATH=/opt/ros/humble /usr/bin/cmake --install /home/hyperdimensional/Learning/arm_isro/arm_ws/build/isro_arm_controller
[0.392s] DEBUG:colcon.colcon_core.event_handler.log_command:Invoking command in '/home/hyperdimensional/Learning/arm_isro/arm_ws/build/arm_description': CMAKE_PREFIX_PATH=/opt/ros/humble /usr/bin/cmake --install /home/hyperdimensional/Learning/arm_isro/arm_ws/build/arm_description
[0.392s] DEBUG:colcon.colcon_core.event_handler.log_command:Invoking command in '/home/hyperdimensional/Learning/arm_isro/arm_ws/build/isro_arm_moveit': CMAKE_PREFIX_PATH=/opt/ros/humble /usr/bin/cmake --install /home/hyperdimensional/Learning/arm_isro/arm_ws/build/isro_arm_moveit
[0.413s] Level 1:colcon.colcon_core.environment:create_environment_scripts_only(isro_arm_moveit)
[0.414s] DEBUG:colcon.colcon_core.event_handler.log_command:Invoked command in '/home/hyperdimensional/Learning/arm_isro/arm_ws/build/isro_arm_moveit' returned '0': CMAKE_PREFIX_PATH=/opt/ros/humble /usr/bin/cmake --install /home/hyperdimensional/Learning/arm_isro/arm_ws/build/isro_arm_moveit
[0.418s] Level 1:colcon.colcon_core.environment:checking '/home/hyperdimensional/Learning/arm_isro/arm_ws/install/isro_arm_moveit' for CMake module files
[0.418s] Level 1:colcon.colcon_core.environment:checking '/home/hyperdimensional/Learning/arm_isro/arm_ws/install/isro_arm_moveit' for CMake config files
[0.419s] Level 1:colcon.colcon_core.shell:create_environment_hook('isro_arm_moveit', 'cmake_prefix_path')
[0.419s] INFO:colcon.colcon_core.shell:Creating environment hook '/home/hyperdimensional/Learning/arm_isro/arm_ws/install/isro_arm_moveit/share/isro_arm_moveit/hook/cmake_prefix_path.ps1'
[0.421s] INFO:colcon.colcon_core.shell:Creating environment descriptor '/home/hyperdimensional/Learning/arm_isro/arm_ws/install/isro_arm_moveit/share/isro_arm_moveit/hook/cmake_prefix_path.dsv'
[0.421s] INFO:colcon.colcon_core.shell:Creating environment hook '/home/hyperdimensional/Learning/arm_isro/arm_ws/install/isro_arm_moveit/share/isro_arm_moveit/hook/cmake_prefix_path.sh'
[0.423s] Level 1:colcon.colcon_core.environment:checking '/home/hyperdimensional/Learning/arm_isro/arm_ws/install/isro_arm_moveit/bin'
[0.423s] Level 1:colcon.colcon_core.environment:checking '/home/hyperdimensional/Learning/arm_isro/arm_ws/install/isro_arm_moveit/lib/pkgconfig/isro_arm_moveit.pc'
[0.423s] Level 1:colcon.colcon_core.environment:checking '/home/hyperdimensional/Learning/arm_isro/arm_ws/install/isro_arm_moveit/lib/python3.10/site-packages'
[0.424s] Level 1:colcon.colcon_core.environment:checking '/home/hyperdimensional/Learning/arm_isro/arm_ws/install/isro_arm_moveit/bin'
[0.424s] INFO:colcon.colcon_core.shell:Creating package script '/home/hyperdimensional/Learning/arm_isro/arm_ws/install/isro_arm_moveit/share/isro_arm_moveit/package.ps1'
[0.425s] INFO:colcon.colcon_core.shell:Creating package descriptor '/home/hyperdimensional/Learning/arm_isro/arm_ws/install/isro_arm_moveit/share/isro_arm_moveit/package.dsv'
[0.426s] INFO:colcon.colcon_core.shell:Creating package script '/home/hyperdimensional/Learning/arm_isro/arm_ws/install/isro_arm_moveit/share/isro_arm_moveit/package.sh'
[0.428s] INFO:colcon.colcon_core.shell:Creating package script '/home/hyperdimensional/Learning/arm_isro/arm_ws/install/isro_arm_moveit/share/isro_arm_moveit/package.bash'
[0.429s] INFO:colcon.colcon_core.shell:Creating package script '/home/hyperdimensional/Learning/arm_isro/arm_ws/install/isro_arm_moveit/share/isro_arm_moveit/package.zsh'
[0.430s] Level 1:colcon.colcon_core.environment:create_file_with_runtime_dependencies(/home/hyperdimensional/Learning/arm_isro/arm_ws/install/isro_arm_moveit/share/colcon-core/packages/isro_arm_moveit)
[0.432s] Level 1:colcon.colcon_core.environment:create_environment_scripts_only(arm_description)
[0.432s] Level 1:colcon.colcon_core.environment:checking '/home/hyperdimensional/Learning/arm_isro/arm_ws/install/arm_description' for CMake module files
[0.433s] DEBUG:colcon.colcon_core.event_handler.log_command:Invoked command in '/home/hyperdimensional/Learning/arm_isro/arm_ws/build/arm_description' returned '0': CMAKE_PREFIX_PATH=/opt/ros/humble /usr/bin/cmake --install /home/hyperdimensional/Learning/arm_isro/arm_ws/build/arm_description
[0.434s] Level 1:colcon.colcon_core.environment:checking '/home/hyperdimensional/Learning/arm_isro/arm_ws/install/arm_description' for CMake config files
[0.434s] Level 1:colcon.colcon_core.shell:create_environment_hook('arm_description', 'cmake_prefix_path')
[0.434s] INFO:colcon.colcon_core.shell:Creating environment hook '/home/hyperdimensional/Learning/arm_isro/arm_ws/install/arm_description/share/arm_description/hook/cmake_prefix_path.ps1'
[0.435s] INFO:colcon.colcon_core.shell:Creating environment descriptor '/home/hyperdimensional/Learning/arm_isro/arm_ws/install/arm_description/share/arm_description/hook/cmake_prefix_path.dsv'
[0.436s] INFO:colcon.colcon_core.shell:Creating environment hook '/home/hyperdimensional/Learning/arm_isro/arm_ws/install/arm_description/share/arm_description/hook/cmake_prefix_path.sh'
[0.436s] Level 1:colcon.colcon_core.environment:checking '/home/hyperdimensional/Learning/arm_isro/arm_ws/install/arm_description/bin'
[0.437s] Level 1:colcon.colcon_core.environment:checking '/home/hyperdimensional/Learning/arm_isro/arm_ws/install/arm_description/lib/pkgconfig/arm_description.pc'
[0.437s] Level 1:colcon.colcon_core.environment:checking '/home/hyperdimensional/Learning/arm_isro/arm_ws/install/arm_description/lib/python3.10/site-packages'
[0.437s] Level 1:colcon.colcon_core.environment:checking '/home/hyperdimensional/Learning/arm_isro/arm_ws/install/arm_description/bin'
[0.438s] INFO:colcon.colcon_core.shell:Creating package script '/home/hyperdimensional/Learning/arm_isro/arm_ws/install/arm_description/share/arm_description/package.ps1'
[0.438s] INFO:colcon.colcon_core.shell:Creating package descriptor '/home/hyperdimensional/Learning/arm_isro/arm_ws/install/arm_description/share/arm_description/package.dsv'
[0.439s] INFO:colcon.colcon_core.shell:Creating package script '/home/hyperdimensional/Learning/arm_isro/arm_ws/install/arm_description/share/arm_description/package.sh'
[0.439s] INFO:colcon.colcon_core.shell:Creating package script '/home/hyperdimensional/Learning/arm_isro/arm_ws/install/arm_description/share/arm_description/package.bash'
[0.439s] INFO:colcon.colcon_core.shell:Creating package script '/home/hyperdimensional/Learning/arm_isro/arm_ws/install/arm_description/share/arm_description/package.zsh'
[0.440s] Level 1:colcon.colcon_core.environment:create_file_with_runtime_dependencies(/home/hyperdimensional/Learning/arm_isro/arm_ws/install/arm_description/share/colcon-core/packages/arm_description)
[0.442s] Level 1:colcon.colcon_core.environment:create_environment_scripts_only(isro_arm_controller)
[0.442s] Level 1:colcon.colcon_core.environment:checking '/home/hyperdimensional/Learning/arm_isro/arm_ws/install/isro_arm_controller' for CMake module files
[0.443s] DEBUG:colcon.colcon_core.event_handler.log_command:Invoked command in '/home/hyperdimensional/Learning/arm_isro/arm_ws/build/isro_arm_controller' returned '0': CMAKE_PREFIX_PATH=/opt/ros/humble /usr/bin/cmake --install /home/hyperdimensional/Learning/arm_isro/arm_ws/build/isro_arm_controller
[0.443s] Level 1:colcon.colcon_core.environment:checking '/home/hyperdimensional/Learning/arm_isro/arm_ws/install/isro_arm_controller' for CMake config files
[0.443s] Level 1:colcon.colcon_core.shell:create_environment_hook('isro_arm_controller', 'cmake_prefix_path')
[0.443s] INFO:colcon.colcon_core.shell:Creating environment hook '/home/hyperdimensional/Learning/arm_isro/arm_ws/install/isro_arm_controller/share/isro_arm_controller/hook/cmake_prefix_path.ps1'
[0.444s] INFO:colcon.colcon_core.shell:Creating environment descriptor '/home/hyperdimensional/Learning/arm_isro/arm_ws/install/isro_arm_controller/share/isro_arm_controller/hook/cmake_prefix_path.dsv'
[0.444s] INFO:colcon.colcon_core.shell:Creating environment hook '/home/hyperdimensional/Learning/arm_isro/arm_ws/install/isro_arm_controller/share/isro_arm_controller/hook/cmake_prefix_path.sh'
[0.444s] Level 1:colcon.colcon_core.environment:checking '/home/hyperdimensional/Learning/arm_isro/arm_ws/install/isro_arm_controller/bin'
[0.445s] Level 1:colcon.colcon_core.environment:checking '/home/hyperdimensional/Learning/arm_isro/arm_ws/install/isro_arm_controller/lib/pkgconfig/isro_arm_controller.pc'
[0.445s] Level 1:colcon.colcon_core.environment:checking '/home/hyperdimensional/Learning/arm_isro/arm_ws/install/isro_arm_controller/lib/python3.10/site-packages'
[0.445s] Level 1:colcon.colcon_core.environment:checking '/home/hyperdimensional/Learning/arm_isro/arm_ws/install/isro_arm_controller/bin'
[0.445s] INFO:colcon.colcon_core.shell:Creating package script '/home/hyperdimensional/Learning/arm_isro/arm_ws/install/isro_arm_controller/share/isro_arm_controller/package.ps1'
[0.445s] INFO:colcon.colcon_core.shell:Creating package descriptor '/home/hyperdimensional/Learning/arm_isro/arm_ws/install/isro_arm_controller/share/isro_arm_controller/package.dsv'
[0.446s] INFO:colcon.colcon_core.shell:Creating package script '/home/hyperdimensional/Learning/arm_isro/arm_ws/install/isro_arm_controller/share/isro_arm_controller/package.sh'
[0.446s] INFO:colcon.colcon_core.shell:Creating package script '/home/hyperdimensional/Learning/arm_isro/arm_ws/install/isro_arm_controller/share/isro_arm_controller/package.bash'
[0.446s] INFO:colcon.colcon_core.shell:Creating package script '/home/hyperdimensional/Learning/arm_isro/arm_ws/install/isro_arm_controller/share/isro_arm_controller/package.zsh'
[0.447s] Level 1:colcon.colcon_core.environment:create_file_with_runtime_dependencies(/home/hyperdimensional/Learning/arm_isro/arm_ws/install/isro_arm_controller/share/colcon-core/packages/isro_arm_controller)
[0.458s] Level 1:colcon.colcon_core.environment:create_environment_scripts_only(isro_arm_moveit)
[0.458s] Level 1:colcon.colcon_core.environment:checking '/home/hyperdimensional/Learning/arm_isro/arm_ws/install/isro_arm_moveit' for CMake module files
[0.459s] Level 1:colcon.colcon_core.environment:checking '/home/hyperdimensional/Learning/arm_isro/arm_ws/install/isro_arm_moveit' for CMake config files
[0.459s] Level 1:colcon.colcon_core.shell:create_environment_hook('isro_arm_moveit', 'cmake_prefix_path')
[0.460s] INFO:colcon.colcon_core.shell:Creating environment hook '/home/hyperdimensional/Learning/arm_isro/arm_ws/install/isro_arm_moveit/share/isro_arm_moveit/hook/cmake_prefix_path.ps1'
[0.460s] INFO:colcon.colcon_core.shell:Creating environment descriptor '/home/hyperdimensional/Learning/arm_isro/arm_ws/install/isro_arm_moveit/share/isro_arm_moveit/hook/cmake_prefix_path.dsv'
[0.461s] INFO:colcon.colcon_core.shell:Creating environment hook '/home/hyperdimensional/Learning/arm_isro/arm_ws/install/isro_arm_moveit/share/isro_arm_moveit/hook/cmake_prefix_path.sh'
[0.461s] Level 1:colcon.colcon_core.environment:checking '/home/hyperdimensional/Learning/arm_isro/arm_ws/install/isro_arm_moveit/bin'
[0.461s] Level 1:colcon.colcon_core.environment:checking '/home/hyperdimensional/Learning/arm_isro/arm_ws/install/isro_arm_moveit/lib/pkgconfig/isro_arm_moveit.pc'
[0.461s] Level 1:colcon.colcon_core.environment:checking '/home/hyperdimensional/Learning/arm_isro/arm_ws/install/isro_arm_moveit/lib/python3.10/site-packages'
[0.461s] Level 1:colcon.colcon_core.environment:checking '/home/hyperdimensional/Learning/arm_isro/arm_ws/install/isro_arm_moveit/bin'
[0.462s] INFO:colcon.colcon_core.shell:Creating package script '/home/hyperdimensional/Learning/arm_isro/arm_ws/install/isro_arm_moveit/share/isro_arm_moveit/package.ps1'
[0.462s] INFO:colcon.colcon_core.shell:Creating package descriptor '/home/hyperdimensional/Learning/arm_isro/arm_ws/install/isro_arm_moveit/share/isro_arm_moveit/package.dsv'
[0.463s] INFO:colcon.colcon_core.shell:Creating package script '/home/hyperdimensional/Learning/arm_isro/arm_ws/install/isro_arm_moveit/share/isro_arm_moveit/package.sh'
[0.463s] INFO:colcon.colcon_core.shell:Creating package script '/home/hyperdimensional/Learning/arm_isro/arm_ws/install/isro_arm_moveit/share/isro_arm_moveit/package.bash'
[0.463s] INFO:colcon.colcon_core.shell:Creating package script '/home/hyperdimensional/Learning/arm_isro/arm_ws/install/isro_arm_moveit/share/isro_arm_moveit/package.zsh'
[0.464s] Level 1:colcon.colcon_core.environment:create_file_with_runtime_dependencies(/home/hyperdimensional/Learning/arm_isro/arm_ws/install/isro_arm_moveit/share/colcon-core/packages/isro_arm_moveit)
[0.473s] Level 1:colcon.colcon_core.environment:create_environment_scripts_only(arm_description)
[0.473s] Level 1:colcon.colcon_core.environment:checking '/home/hyperdimensional/Learning/arm_isro/arm_ws/install/arm_description' for CMake module files
[0.474s] Level 1:colcon.colcon_core.environment:checking '/home/hyperdimensional/Learning/arm_isro/arm_ws/install/arm_description' for CMake config files
[0.474s] Level 1:colcon.colcon_core.shell:create_environment_hook('arm_description', 'cmake_prefix_path')
[0.474s] INFO:colcon.colcon_core.shell:Creating environment hook '/home/hyperdimensional/Learning/arm_isro/arm_ws/install/arm_description/share/arm_description/hook/cmake_prefix_path.ps1'
[0.475s] INFO:colcon.colcon_core.shell:Creating environment descriptor '/home/hyperdimensional/Learning/arm_isro/arm_ws/install/arm_description/share/arm_description/hook/cmake_prefix_path.dsv'
[0.475s] INFO:colcon.colcon_core.shell:Creating environment hook '/home/hyperdimensional/Learning/arm_isro/arm_ws/install/arm_description/share/arm_description/hook/cmake_prefix_path.sh'
[0.476s] Level 1:colcon.colcon_core.environment:checking '/home/hyperdimensional/Learning/arm_isro/arm_ws/install/arm_description/bin'
[0.476s] Level 1:colcon.colcon_core.environment:checking '/home/hyperdimensional/Learning/arm_isro/arm_ws/install/arm_description/lib/pkgconfig/arm_description.pc'
[0.476s] Level 1:colcon.colcon_core.environment:checking '/home/hyperdimensional/Learning/arm_isro/arm_ws/install/arm_description/lib/python3.10/site-packages'
[0.476s] Level 1:colcon.colcon_core.environment:checking '/home/hyperdimensional/Learning/arm_isro/arm_ws/install/arm_description/bin'
[0.476s] INFO:colcon.colcon_core.shell:Creating package script '/home/hyperdimensional/Learning/arm_isro/arm_ws/install/arm_description/share/arm_description/package.ps1'
[0.477s] INFO:colcon.colcon_core.shell:Creating package descriptor '/home/hyperdimensional/Learning/arm_isro/arm_ws/install/arm_description/share/arm_description/package.dsv'
[0.477s] INFO:colcon.colcon_core.shell:Creating package script '/home/hyperdimensional/Learning/arm_isro/arm_ws/install/arm_description/share/arm_description/package.sh'
[0.478s] INFO:colcon.colcon_core.shell:Creating package script '/home/hyperdimensional/Learning/arm_isro/arm_ws/install/arm_description/share/arm_description/package.bash'
[0.478s] INFO:colcon.colcon_core.shell:Creating package script '/home/hyperdimensional/Learning/arm_isro/arm_ws/install/arm_description/share/arm_description/package.zsh'
[0.478s] Level 1:colcon.colcon_core.environment:create_file_with_runtime_dependencies(/home/hyperdimensional/Learning/arm_isro/arm_ws/install/arm_description/share/colcon-core/packages/arm_description)
[0.479s] Level 1:colcon.colcon_core.environment:create_environment_scripts_only(isro_arm_controller)
[0.479s] Level 1:colcon.colcon_core.environment:checking '/home/hyperdimensional/Learning/arm_isro/arm_ws/install/isro_arm_controller' for CMake module files
[0.480s] Level 1:colcon.colcon_core.environment:checking '/home/hyperdimensional/Learning/arm_isro/arm_ws/install/isro_arm_controller' for CMake config files
[0.480s] Level 1:colcon.colcon_core.shell:create_environment_hook('isro_arm_controller', 'cmake_prefix_path')
[0.480s] INFO:colcon.colcon_core.shell:Creating environment hook '/home/hyperdimensional/Learning/arm_isro/arm_ws/install/isro_arm_controller/share/isro_arm_controller/hook/cmake_prefix_path.ps1'
[0.481s] INFO:colcon.colcon_core.shell:Creating environment descriptor '/home/hyperdimensional/Learning/arm_isro/arm_ws/install/isro_arm_controller/share/isro_arm_controller/hook/cmake_prefix_path.dsv'
[0.481s] INFO:colcon.colcon_core.shell:Creating environment hook '/home/hyperdimensional/Learning/arm_isro/arm_ws/install/isro_arm_controller/share/isro_arm_controller/hook/cmake_prefix_path.sh'
[0.481s] Level 1:colcon.colcon_core.environment:checking '/home/hyperdimensional/Learning/arm_isro/arm_ws/install/isro_arm_controller/bin'
[0.481s] Level 1:colcon.colcon_core.environment:checking '/home/hyperdimensional/Learning/arm_isro/arm_ws/install/isro_arm_controller/lib/pkgconfig/isro_arm_controller.pc'
[0.481s] Level 1:colcon.colcon_core.environment:checking '/home/hyperdimensional/Learning/arm_isro/arm_ws/install/isro_arm_controller/lib/python3.10/site-packages'
[0.482s] Level 1:colcon.colcon_core.environment:checking '/home/hyperdimensional/Learning/arm_isro/arm_ws/install/isro_arm_controller/bin'
[0.482s] INFO:colcon.colcon_core.shell:Creating package script '/home/hyperdimensional/Learning/arm_isro/arm_ws/install/isro_arm_controller/share/isro_arm_controller/package.ps1'
[0.482s] INFO:colcon.colcon_core.shell:Creating package descriptor '/home/hyperdimensional/Learning/arm_isro/arm_ws/install/isro_arm_controller/share/isro_arm_controller/package.dsv'
[0.483s] INFO:colcon.colcon_core.shell:Creating package script '/home/hyperdimensional/Learning/arm_isro/arm_ws/install/isro_arm_controller/share/isro_arm_controller/package.sh'
[0.483s] INFO:colcon.colcon_core.shell:Creating package script '/home/hyperdimensional/Learning/arm_isro/arm_ws/install/isro_arm_controller/share/isro_arm_controller/package.bash'
[0.483s] INFO:colcon.colcon_core.shell:Creating package script '/home/hyperdimensional/Learning/arm_isro/arm_ws/install/isro_arm_controller/share/isro_arm_controller/package.zsh'
[0.484s] Level 1:colcon.colcon_core.environment:create_file_with_runtime_dependencies(/home/hyperdimensional/Learning/arm_isro/arm_ws/install/isro_arm_controller/share/colcon-core/packages/isro_arm_controller)
[0.484s] DEBUG:colcon.colcon_parallel_executor.executor.parallel:closing loop
[0.484s] DEBUG:colcon.colcon_parallel_executor.executor.parallel:loop closed
[0.484s] DEBUG:colcon.colcon_parallel_executor.executor.parallel:run_until_complete finished with '0'
[0.484s] DEBUG:colcon.colcon_core.event_reactor:joining thread
[0.488s] INFO:colcon.colcon_core.plugin_system:Skipping extension 'colcon_notification.desktop_notification.terminal_notifier': Not used on non-Darwin systems
[0.488s] INFO:colcon.colcon_core.plugin_system:Skipping extension 'colcon_notification.desktop_notification.win32': Not used on non-Windows systems
[0.489s] INFO:colcon.colcon_notification.desktop_notification:Sending desktop notification using 'notify2'
[0.501s] DEBUG:colcon.colcon_core.event_reactor:joined thread
[0.501s] INFO:colcon.colcon_core.shell:Creating prefix script '/home/hyperdimensional/Learning/arm_isro/arm_ws/install/local_setup.ps1'
[0.503s] INFO:colcon.colcon_core.shell:Creating prefix util module '/home/hyperdimensional/Learning/arm_isro/arm_ws/install/_local_setup_util_ps1.py'
[0.504s] INFO:colcon.colcon_core.shell:Creating prefix chain script '/home/hyperdimensional/Learning/arm_isro/arm_ws/install/setup.ps1'
[0.505s] INFO:colcon.colcon_core.shell:Creating prefix script '/home/hyperdimensional/Learning/arm_isro/arm_ws/install/local_setup.sh'
[0.505s] INFO:colcon.colcon_core.shell:Creating prefix util module '/home/hyperdimensional/Learning/arm_isro/arm_ws/install/_local_setup_util_sh.py'
[0.505s] INFO:colcon.colcon_core.shell:Creating prefix chain script '/home/hyperdimensional/Learning/arm_isro/arm_ws/install/setup.sh'
[0.506s] INFO:colcon.colcon_core.shell:Creating prefix script '/home/hyperdimensional/Learning/arm_isro/arm_ws/install/local_setup.bash'
[0.507s] INFO:colcon.colcon_core.shell:Creating prefix chain script '/home/hyperdimensional/Learning/arm_isro/arm_ws/install/setup.bash'
[0.507s] INFO:colcon.colcon_core.shell:Creating prefix script '/home/hyperdimensional/Learning/arm_isro/arm_ws/install/local_setup.zsh'
[0.508s] INFO:colcon.colcon_core.shell:Creating prefix chain script '/home/hyperdimensional/Learning/arm_isro/arm_ws/install/setup.zsh'
