[0.018s] Invoking command in '/home/hyperdimensional/Learning/arm_isro/arm_ws/build/isro_arm_controller': CMAKE_PREFIX_PATH=/opt/ros/humble /usr/bin/cmake /home/hyperdimensional/Learning/arm_isro/arm_ws/src/isro_arm_controller -DAMENT_CMAKE_SYMLINK_INSTALL=1 -DCMAKE_INSTALL_PREFIX=/home/hyperdimensional/Learning/arm_isro/arm_ws/install/isro_arm_controller
[0.048s] -- Found ament_cmake: 1.3.8 (/opt/ros/humble/share/ament_cmake/cmake)
[0.260s] -- Override CMake install command with custom implementation using symlinks instead of copying resources
[0.286s] -- Found ament_lint_auto: 0.12.10 (/opt/ros/humble/share/ament_lint_auto/cmake)
[0.432s] -- Added test 'flake8' to check Python code syntax and style conventions
[0.433s] -- Added test 'lint_cmake' to check CMake code style
[0.433s] -- Added test 'pep257' to check Python code against some of the docstring style conventions in PEP 257
[0.435s] -- Added test 'xmllint' to check XML markup files
[0.437s] -- Configuring done
[0.442s] -- Generating done
[0.443s] -- Build files have been written to: /home/hyperdimensional/Learning/arm_isro/arm_ws/build/isro_arm_controller
[0.450s] Invoked command in '/home/hyperdimensional/Learning/arm_isro/arm_ws/build/isro_arm_controller' returned '0': CMAKE_PREFIX_PATH=/opt/ros/humble /usr/bin/cmake /home/hyperdimensional/Learning/arm_isro/arm_ws/src/isro_arm_controller -DAMENT_CMAKE_SYMLINK_INSTALL=1 -DCMAKE_INSTALL_PREFIX=/home/hyperdimensional/Learning/arm_isro/arm_ws/install/isro_arm_controller
[0.452s] Invoking command in '/home/hyperdimensional/Learning/arm_isro/arm_ws/build/isro_arm_controller': CMAKE_PREFIX_PATH=/opt/ros/humble /usr/bin/cmake --build /home/hyperdimensional/Learning/arm_isro/arm_ws/build/isro_arm_controller -- -j16 -l16
[0.524s] Invoked command in '/home/hyperdimensional/Learning/arm_isro/arm_ws/build/isro_arm_controller' returned '0': CMAKE_PREFIX_PATH=/opt/ros/humble /usr/bin/cmake --build /home/hyperdimensional/Learning/arm_isro/arm_ws/build/isro_arm_controller -- -j16 -l16
[0.579s] Invoking command in '/home/hyperdimensional/Learning/arm_isro/arm_ws/build/isro_arm_controller': CMAKE_PREFIX_PATH=/opt/ros/humble /usr/bin/cmake --install /home/hyperdimensional/Learning/arm_isro/arm_ws/build/isro_arm_controller
[0.600s] -- Install configuration: ""
[0.601s] -- Execute custom install script
[0.602s] -- Up-to-date symlink: /home/hyperdimensional/Learning/arm_isro/arm_ws/install/isro_arm_controller/share/isro_arm_controller/config/isro_arm_controllers.yaml
[0.603s] -- Up-to-date symlink: /home/hyperdimensional/Learning/arm_isro/arm_ws/install/isro_arm_controller/share/isro_arm_controller/launch/controller.launch.py
[0.603s] -- Up-to-date symlink: /home/hyperdimensional/Learning/arm_isro/arm_ws/install/isro_arm_controller/share/ament_index/resource_index/package_run_dependencies/isro_arm_controller
[0.604s] -- Up-to-date symlink: /home/hyperdimensional/Learning/arm_isro/arm_ws/install/isro_arm_controller/share/ament_index/resource_index/parent_prefix_path/isro_arm_controller
[0.605s] -- Up-to-date symlink: /home/hyperdimensional/Learning/arm_isro/arm_ws/install/isro_arm_controller/share/isro_arm_controller/environment/ament_prefix_path.sh
[0.605s] -- Up-to-date symlink: /home/hyperdimensional/Learning/arm_isro/arm_ws/install/isro_arm_controller/share/isro_arm_controller/environment/ament_prefix_path.dsv
[0.605s] -- Up-to-date symlink: /home/hyperdimensional/Learning/arm_isro/arm_ws/install/isro_arm_controller/share/isro_arm_controller/environment/path.sh
[0.606s] -- Up-to-date symlink: /home/hyperdimensional/Learning/arm_isro/arm_ws/install/isro_arm_controller/share/isro_arm_controller/environment/path.dsv
[0.606s] -- Up-to-date symlink: /home/hyperdimensional/Learning/arm_isro/arm_ws/install/isro_arm_controller/share/isro_arm_controller/local_setup.bash
[0.607s] -- Up-to-date symlink: /home/hyperdimensional/Learning/arm_isro/arm_ws/install/isro_arm_controller/share/isro_arm_controller/local_setup.sh
[0.607s] -- Up-to-date symlink: /home/hyperdimensional/Learning/arm_isro/arm_ws/install/isro_arm_controller/share/isro_arm_controller/local_setup.zsh
[0.608s] -- Up-to-date symlink: /home/hyperdimensional/Learning/arm_isro/arm_ws/install/isro_arm_controller/share/isro_arm_controller/local_setup.dsv
[0.608s] -- Symlinking: /home/hyperdimensional/Learning/arm_isro/arm_ws/install/isro_arm_controller/share/isro_arm_controller/package.dsv
[0.629s] -- Up-to-date symlink: /home/hyperdimensional/Learning/arm_isro/arm_ws/install/isro_arm_controller/share/ament_index/resource_index/packages/isro_arm_controller
[0.630s] -- Up-to-date symlink: /home/hyperdimensional/Learning/arm_isro/arm_ws/install/isro_arm_controller/share/isro_arm_controller/cmake/isro_arm_controllerConfig.cmake
[0.630s] -- Up-to-date symlink: /home/hyperdimensional/Learning/arm_isro/arm_ws/install/isro_arm_controller/share/isro_arm_controller/cmake/isro_arm_controllerConfig-version.cmake
[0.631s] -- Up-to-date symlink: /home/hyperdimensional/Learning/arm_isro/arm_ws/install/isro_arm_controller/share/isro_arm_controller/package.xml
[0.659s] Invoked command in '/home/hyperdimensional/Learning/arm_isro/arm_ws/build/isro_arm_controller' returned '0': CMAKE_PREFIX_PATH=/opt/ros/humble /usr/bin/cmake --install /home/hyperdimensional/Learning/arm_isro/arm_ws/build/isro_arm_controller
