[0.158s] [34mcolcon[0m [1;30mDEBUG[0m [32mCommand line arguments: ['/usr/bin/colcon', 'build', '--symlink-install'][0m
[0.158s] [34mcolcon[0m [1;30mDEBUG[0m [32mParsed command line arguments: Namespace(log_base=None, log_level=None, verb_name='build', build_base='build', install_base='install', merge_install=False, symlink_install=True, test_result_base=None, continue_on_error=False, executor='parallel', parallel_workers=16, event_handlers=None, ignore_user_meta=False, metas=['./colcon.meta'], base_paths=['.'], packages_ignore=None, packages_ignore_regex=None, paths=None, packages_up_to=None, packages_up_to_regex=None, packages_above=None, packages_above_and_dependencies=None, packages_above_depth=None, packages_select_by_dep=None, packages_skip_by_dep=None, packages_skip_up_to=None, packages_select_build_failed=False, packages_skip_build_finished=False, packages_select_test_failures=False, packages_skip_test_passed=False, packages_select=None, packages_skip=None, packages_select_regex=None, packages_skip_regex=None, packages_start=None, packages_end=None, allow_overriding=[], cmake_args=None, cmake_target=None, cmake_target_skip_unavailable=False, cmake_clean_cache=False, cmake_clean_first=False, cmake_force_configure=False, ament_cmake_args=None, catkin_cmake_args=None, catkin_skip_building_tests=False, verb_parser=<colcon_defaults.argument_parser.defaults.DefaultArgumentsDecorator object at 0x790093f041f0>, verb_extension=<colcon_core.verb.build.BuildVerb object at 0x7900940a2050>, main=<bound method BuildVerb.main of <colcon_core.verb.build.BuildVerb object at 0x7900940a2050>>)[0m
[0.448s] [34mcolcon.colcon_core.package_discovery[0m [1;30mLevel 1[0m discover_packages(colcon_meta) check parameters
[0.449s] [34mcolcon.colcon_core.package_discovery[0m [1;30mLevel 1[0m discover_packages(recursive) check parameters
[0.449s] [34mcolcon.colcon_core.package_discovery[0m [1;30mLevel 1[0m discover_packages(ignore) check parameters
[0.449s] [34mcolcon.colcon_core.package_discovery[0m [1;30mLevel 1[0m discover_packages(path) check parameters
[0.449s] [34mcolcon.colcon_core.package_discovery[0m [1;30mLevel 1[0m discover_packages(colcon_meta) discover
[0.449s] [34mcolcon.colcon_core.package_discovery[0m [1;30mLevel 1[0m discover_packages(recursive) discover
[0.449s] [34mcolcon.colcon_core.package_discovery[0m [1;30mINFO[0m Crawling recursively for packages in '/home/hyperdimensional/Learning/arm_isro/arm_ws'
[0.449s] [34mcolcon.colcon_core.package_identification[0m [1;30mLevel 1[0m _identify(.) by extensions ['ignore', 'ignore_ament_install']
[0.449s] [34mcolcon.colcon_core.package_identification[0m [1;30mLevel 1[0m _identify(.) by extension 'ignore'
[0.449s] [34mcolcon.colcon_core.package_identification[0m [1;30mLevel 1[0m _identify(.) by extension 'ignore_ament_install'
[0.449s] [34mcolcon.colcon_core.package_identification[0m [1;30mLevel 1[0m _identify(.) by extensions ['colcon_pkg']
[0.449s] [34mcolcon.colcon_core.package_identification[0m [1;30mLevel 1[0m _identify(.) by extension 'colcon_pkg'
[0.449s] [34mcolcon.colcon_core.package_identification[0m [1;30mLevel 1[0m _identify(.) by extensions ['colcon_meta']
[0.449s] [34mcolcon.colcon_core.package_identification[0m [1;30mLevel 1[0m _identify(.) by extension 'colcon_meta'
[0.449s] [34mcolcon.colcon_core.package_identification[0m [1;30mLevel 1[0m _identify(.) by extensions ['ros']
[0.450s] [34mcolcon.colcon_core.package_identification[0m [1;30mLevel 1[0m _identify(.) by extension 'ros'
[0.483s] [34mcolcon.colcon_core.package_identification[0m [1;30mLevel 1[0m _identify(.) by extensions ['cmake', 'python']
[0.483s] [34mcolcon.colcon_core.package_identification[0m [1;30mLevel 1[0m _identify(.) by extension 'cmake'
[0.483s] [34mcolcon.colcon_core.package_identification[0m [1;30mLevel 1[0m _identify(.) by extension 'python'
[0.483s] [34mcolcon.colcon_core.package_identification[0m [1;30mLevel 1[0m _identify(.) by extensions ['python_setup_py']
[0.483s] [34mcolcon.colcon_core.package_identification[0m [1;30mLevel 1[0m _identify(.) by extension 'python_setup_py'
[0.484s] [34mcolcon.colcon_core.package_identification[0m [1;30mLevel 1[0m _identify(build) by extensions ['ignore', 'ignore_ament_install']
[0.484s] [34mcolcon.colcon_core.package_identification[0m [1;30mLevel 1[0m _identify(build) by extension 'ignore'
[0.484s] [34mcolcon.colcon_core.package_identification[0m [1;30mLevel 1[0m _identify(build) ignored
[0.484s] [34mcolcon.colcon_core.package_identification[0m [1;30mLevel 1[0m _identify(install) by extensions ['ignore', 'ignore_ament_install']
[0.484s] [34mcolcon.colcon_core.package_identification[0m [1;30mLevel 1[0m _identify(install) by extension 'ignore'
[0.484s] [34mcolcon.colcon_core.package_identification[0m [1;30mLevel 1[0m _identify(install) ignored
[0.485s] [34mcolcon.colcon_core.package_identification[0m [1;30mLevel 1[0m _identify(log) by extensions ['ignore', 'ignore_ament_install']
[0.485s] [34mcolcon.colcon_core.package_identification[0m [1;30mLevel 1[0m _identify(log) by extension 'ignore'
[0.485s] [34mcolcon.colcon_core.package_identification[0m [1;30mLevel 1[0m _identify(log) ignored
[0.485s] [34mcolcon.colcon_core.package_identification[0m [1;30mLevel 1[0m _identify(src) by extensions ['ignore', 'ignore_ament_install']
[0.486s] [34mcolcon.colcon_core.package_identification[0m [1;30mLevel 1[0m _identify(src) by extension 'ignore'
[0.486s] [34mcolcon.colcon_core.package_identification[0m [1;30mLevel 1[0m _identify(src) by extension 'ignore_ament_install'
[0.486s] [34mcolcon.colcon_core.package_identification[0m [1;30mLevel 1[0m _identify(src) by extensions ['colcon_pkg']
[0.486s] [34mcolcon.colcon_core.package_identification[0m [1;30mLevel 1[0m _identify(src) by extension 'colcon_pkg'
[0.486s] [34mcolcon.colcon_core.package_identification[0m [1;30mLevel 1[0m _identify(src) by extensions ['colcon_meta']
[0.486s] [34mcolcon.colcon_core.package_identification[0m [1;30mLevel 1[0m _identify(src) by extension 'colcon_meta'
[0.486s] [34mcolcon.colcon_core.package_identification[0m [1;30mLevel 1[0m _identify(src) by extensions ['ros']
[0.486s] [34mcolcon.colcon_core.package_identification[0m [1;30mLevel 1[0m _identify(src) by extension 'ros'
[0.486s] [34mcolcon.colcon_core.package_identification[0m [1;30mLevel 1[0m _identify(src) by extensions ['cmake', 'python']
[0.486s] [34mcolcon.colcon_core.package_identification[0m [1;30mLevel 1[0m _identify(src) by extension 'cmake'
[0.486s] [34mcolcon.colcon_core.package_identification[0m [1;30mLevel 1[0m _identify(src) by extension 'python'
[0.486s] [34mcolcon.colcon_core.package_identification[0m [1;30mLevel 1[0m _identify(src) by extensions ['python_setup_py']
[0.486s] [34mcolcon.colcon_core.package_identification[0m [1;30mLevel 1[0m _identify(src) by extension 'python_setup_py'
[0.486s] [34mcolcon.colcon_core.package_identification[0m [1;30mLevel 1[0m _identify(src/arm_description) by extensions ['ignore', 'ignore_ament_install']
[0.486s] [34mcolcon.colcon_core.package_identification[0m [1;30mLevel 1[0m _identify(src/arm_description) by extension 'ignore'
[0.487s] [34mcolcon.colcon_core.package_identification[0m [1;30mLevel 1[0m _identify(src/arm_description) by extension 'ignore_ament_install'
[0.487s] [34mcolcon.colcon_core.package_identification[0m [1;30mLevel 1[0m _identify(src/arm_description) by extensions ['colcon_pkg']
[0.487s] [34mcolcon.colcon_core.package_identification[0m [1;30mLevel 1[0m _identify(src/arm_description) by extension 'colcon_pkg'
[0.487s] [34mcolcon.colcon_core.package_identification[0m [1;30mLevel 1[0m _identify(src/arm_description) by extensions ['colcon_meta']
[0.487s] [34mcolcon.colcon_core.package_identification[0m [1;30mLevel 1[0m _identify(src/arm_description) by extension 'colcon_meta'
[0.487s] [34mcolcon.colcon_core.package_identification[0m [1;30mLevel 1[0m _identify(src/arm_description) by extensions ['ros']
[0.487s] [34mcolcon.colcon_core.package_identification[0m [1;30mLevel 1[0m _identify(src/arm_description) by extension 'ros'
[0.491s] [34mcolcon.colcon_core.package_identification[0m [1;30mDEBUG[0m [32mPackage 'src/arm_description' with type 'ros.ament_cmake' and name 'arm_description'[0m
[0.491s] [34mcolcon.colcon_core.package_identification[0m [1;30mLevel 1[0m _identify(src/isro_arm_controller) by extensions ['ignore', 'ignore_ament_install']
[0.491s] [34mcolcon.colcon_core.package_identification[0m [1;30mLevel 1[0m _identify(src/isro_arm_controller) by extension 'ignore'
[0.491s] [34mcolcon.colcon_core.package_identification[0m [1;30mLevel 1[0m _identify(src/isro_arm_controller) by extension 'ignore_ament_install'
[0.492s] [34mcolcon.colcon_core.package_identification[0m [1;30mLevel 1[0m _identify(src/isro_arm_controller) by extensions ['colcon_pkg']
[0.492s] [34mcolcon.colcon_core.package_identification[0m [1;30mLevel 1[0m _identify(src/isro_arm_controller) by extension 'colcon_pkg'
[0.492s] [34mcolcon.colcon_core.package_identification[0m [1;30mLevel 1[0m _identify(src/isro_arm_controller) by extensions ['colcon_meta']
[0.492s] [34mcolcon.colcon_core.package_identification[0m [1;30mLevel 1[0m _identify(src/isro_arm_controller) by extension 'colcon_meta'
[0.492s] [34mcolcon.colcon_core.package_identification[0m [1;30mLevel 1[0m _identify(src/isro_arm_controller) by extensions ['ros']
[0.492s] [34mcolcon.colcon_core.package_identification[0m [1;30mLevel 1[0m _identify(src/isro_arm_controller) by extension 'ros'
[0.493s] [34mcolcon.colcon_core.package_identification[0m [1;30mDEBUG[0m [32mPackage 'src/isro_arm_controller' with type 'ros.ament_cmake' and name 'isro_arm_controller'[0m
[0.493s] [34mcolcon.colcon_core.package_identification[0m [1;30mLevel 1[0m _identify(src/isro_arm_moveit) by extensions ['ignore', 'ignore_ament_install']
[0.493s] [34mcolcon.colcon_core.package_identification[0m [1;30mLevel 1[0m _identify(src/isro_arm_moveit) by extension 'ignore'
[0.493s] [34mcolcon.colcon_core.package_identification[0m [1;30mLevel 1[0m _identify(src/isro_arm_moveit) by extension 'ignore_ament_install'
[0.493s] [34mcolcon.colcon_core.package_identification[0m [1;30mLevel 1[0m _identify(src/isro_arm_moveit) by extensions ['colcon_pkg']
[0.493s] [34mcolcon.colcon_core.package_identification[0m [1;30mLevel 1[0m _identify(src/isro_arm_moveit) by extension 'colcon_pkg'
[0.493s] [34mcolcon.colcon_core.package_identification[0m [1;30mLevel 1[0m _identify(src/isro_arm_moveit) by extensions ['colcon_meta']
[0.493s] [34mcolcon.colcon_core.package_identification[0m [1;30mLevel 1[0m _identify(src/isro_arm_moveit) by extension 'colcon_meta'
[0.493s] [34mcolcon.colcon_core.package_identification[0m [1;30mLevel 1[0m _identify(src/isro_arm_moveit) by extensions ['ros']
[0.493s] [34mcolcon.colcon_core.package_identification[0m [1;30mLevel 1[0m _identify(src/isro_arm_moveit) by extension 'ros'
[0.494s] [34mcolcon.colcon_core.package_identification[0m [1;30mDEBUG[0m [32mPackage 'src/isro_arm_moveit' with type 'ros.ament_cmake' and name 'isro_arm_moveit'[0m
[0.494s] [34mcolcon.colcon_core.package_discovery[0m [1;30mLevel 1[0m discover_packages(recursive) using defaults
[0.494s] [34mcolcon.colcon_core.package_discovery[0m [1;30mLevel 1[0m discover_packages(ignore) discover
[0.494s] [34mcolcon.colcon_core.package_discovery[0m [1;30mLevel 1[0m discover_packages(ignore) using defaults
[0.494s] [34mcolcon.colcon_core.package_discovery[0m [1;30mLevel 1[0m discover_packages(path) discover
[0.494s] [34mcolcon.colcon_core.package_discovery[0m [1;30mLevel 1[0m discover_packages(path) using defaults
[0.518s] [34mcolcon.colcon_core.package_discovery[0m [1;30mLevel 1[0m discover_packages(prefix_path) check parameters
[0.518s] [34mcolcon.colcon_core.package_discovery[0m [1;30mLevel 1[0m discover_packages(prefix_path) discover
[0.523s] [34mcolcon.colcon_installed_package_information.package_discovery[0m [1;30mDEBUG[0m [32mFound 452 installed packages in /opt/ros/humble[0m
[0.525s] [34mcolcon.colcon_core.package_discovery[0m [1;30mLevel 1[0m discover_packages(prefix_path) using defaults
[0.595s] [34mcolcon.colcon_core.verb[0m [1;30mLevel 5[0m set package 'arm_description' build argument 'cmake_args' from command line to 'None'
[0.595s] [34mcolcon.colcon_core.verb[0m [1;30mLevel 5[0m set package 'arm_description' build argument 'cmake_target' from command line to 'None'
[0.595s] [34mcolcon.colcon_core.verb[0m [1;30mLevel 5[0m set package 'arm_description' build argument 'cmake_target_skip_unavailable' from command line to 'False'
[0.595s] [34mcolcon.colcon_core.verb[0m [1;30mLevel 5[0m set package 'arm_description' build argument 'cmake_clean_cache' from command line to 'False'
[0.595s] [34mcolcon.colcon_core.verb[0m [1;30mLevel 5[0m set package 'arm_description' build argument 'cmake_clean_first' from command line to 'False'
[0.595s] [34mcolcon.colcon_core.verb[0m [1;30mLevel 5[0m set package 'arm_description' build argument 'cmake_force_configure' from command line to 'False'
[0.595s] [34mcolcon.colcon_core.verb[0m [1;30mLevel 5[0m set package 'arm_description' build argument 'ament_cmake_args' from command line to 'None'
[0.595s] [34mcolcon.colcon_core.verb[0m [1;30mLevel 5[0m set package 'arm_description' build argument 'catkin_cmake_args' from command line to 'None'
[0.595s] [34mcolcon.colcon_core.verb[0m [1;30mLevel 5[0m set package 'arm_description' build argument 'catkin_skip_building_tests' from command line to 'False'
[0.595s] [34mcolcon.colcon_core.verb[0m [1;30mDEBUG[0m [32mBuilding package 'arm_description' with the following arguments: {'ament_cmake_args': None, 'build_base': '/home/hyperdimensional/Learning/arm_isro/arm_ws/build/arm_description', 'catkin_cmake_args': None, 'catkin_skip_building_tests': False, 'cmake_args': None, 'cmake_clean_cache': False, 'cmake_clean_first': False, 'cmake_force_configure': False, 'cmake_target': None, 'cmake_target_skip_unavailable': False, 'install_base': '/home/hyperdimensional/Learning/arm_isro/arm_ws/install/arm_description', 'merge_install': False, 'path': '/home/hyperdimensional/Learning/arm_isro/arm_ws/src/arm_description', 'symlink_install': True, 'test_result_base': None}[0m
[0.596s] [34mcolcon.colcon_core.verb[0m [1;30mLevel 5[0m set package 'isro_arm_controller' build argument 'cmake_args' from command line to 'None'
[0.596s] [34mcolcon.colcon_core.verb[0m [1;30mLevel 5[0m set package 'isro_arm_controller' build argument 'cmake_target' from command line to 'None'
[0.596s] [34mcolcon.colcon_core.verb[0m [1;30mLevel 5[0m set package 'isro_arm_controller' build argument 'cmake_target_skip_unavailable' from command line to 'False'
[0.596s] [34mcolcon.colcon_core.verb[0m [1;30mLevel 5[0m set package 'isro_arm_controller' build argument 'cmake_clean_cache' from command line to 'False'
[0.596s] [34mcolcon.colcon_core.verb[0m [1;30mLevel 5[0m set package 'isro_arm_controller' build argument 'cmake_clean_first' from command line to 'False'
[0.596s] [34mcolcon.colcon_core.verb[0m [1;30mLevel 5[0m set package 'isro_arm_controller' build argument 'cmake_force_configure' from command line to 'False'
[0.596s] [34mcolcon.colcon_core.verb[0m [1;30mLevel 5[0m set package 'isro_arm_controller' build argument 'ament_cmake_args' from command line to 'None'
[0.596s] [34mcolcon.colcon_core.verb[0m [1;30mLevel 5[0m set package 'isro_arm_controller' build argument 'catkin_cmake_args' from command line to 'None'
[0.596s] [34mcolcon.colcon_core.verb[0m [1;30mLevel 5[0m set package 'isro_arm_controller' build argument 'catkin_skip_building_tests' from command line to 'False'
[0.596s] [34mcolcon.colcon_core.verb[0m [1;30mDEBUG[0m [32mBuilding package 'isro_arm_controller' with the following arguments: {'ament_cmake_args': None, 'build_base': '/home/hyperdimensional/Learning/arm_isro/arm_ws/build/isro_arm_controller', 'catkin_cmake_args': None, 'catkin_skip_building_tests': False, 'cmake_args': None, 'cmake_clean_cache': False, 'cmake_clean_first': False, 'cmake_force_configure': False, 'cmake_target': None, 'cmake_target_skip_unavailable': False, 'install_base': '/home/hyperdimensional/Learning/arm_isro/arm_ws/install/isro_arm_controller', 'merge_install': False, 'path': '/home/hyperdimensional/Learning/arm_isro/arm_ws/src/isro_arm_controller', 'symlink_install': True, 'test_result_base': None}[0m
[0.597s] [34mcolcon.colcon_core.verb[0m [1;30mLevel 5[0m set package 'isro_arm_moveit' build argument 'cmake_args' from command line to 'None'
[0.597s] [34mcolcon.colcon_core.verb[0m [1;30mLevel 5[0m set package 'isro_arm_moveit' build argument 'cmake_target' from command line to 'None'
[0.597s] [34mcolcon.colcon_core.verb[0m [1;30mLevel 5[0m set package 'isro_arm_moveit' build argument 'cmake_target_skip_unavailable' from command line to 'False'
[0.597s] [34mcolcon.colcon_core.verb[0m [1;30mLevel 5[0m set package 'isro_arm_moveit' build argument 'cmake_clean_cache' from command line to 'False'
[0.597s] [34mcolcon.colcon_core.verb[0m [1;30mLevel 5[0m set package 'isro_arm_moveit' build argument 'cmake_clean_first' from command line to 'False'
[0.597s] [34mcolcon.colcon_core.verb[0m [1;30mLevel 5[0m set package 'isro_arm_moveit' build argument 'cmake_force_configure' from command line to 'False'
[0.597s] [34mcolcon.colcon_core.verb[0m [1;30mLevel 5[0m set package 'isro_arm_moveit' build argument 'ament_cmake_args' from command line to 'None'
[0.597s] [34mcolcon.colcon_core.verb[0m [1;30mLevel 5[0m set package 'isro_arm_moveit' build argument 'catkin_cmake_args' from command line to 'None'
[0.597s] [34mcolcon.colcon_core.verb[0m [1;30mLevel 5[0m set package 'isro_arm_moveit' build argument 'catkin_skip_building_tests' from command line to 'False'
[0.597s] [34mcolcon.colcon_core.verb[0m [1;30mDEBUG[0m [32mBuilding package 'isro_arm_moveit' with the following arguments: {'ament_cmake_args': None, 'build_base': '/home/hyperdimensional/Learning/arm_isro/arm_ws/build/isro_arm_moveit', 'catkin_cmake_args': None, 'catkin_skip_building_tests': False, 'cmake_args': None, 'cmake_clean_cache': False, 'cmake_clean_first': False, 'cmake_force_configure': False, 'cmake_target': None, 'cmake_target_skip_unavailable': False, 'install_base': '/home/hyperdimensional/Learning/arm_isro/arm_ws/install/isro_arm_moveit', 'merge_install': False, 'path': '/home/hyperdimensional/Learning/arm_isro/arm_ws/src/isro_arm_moveit', 'symlink_install': True, 'test_result_base': None}[0m
[0.597s] [34mcolcon.colcon_core.executor[0m [1;30mINFO[0m Executing jobs using 'parallel' executor
[0.599s] [34mcolcon.colcon_parallel_executor.executor.parallel[0m [1;30mDEBUG[0m [32mrun_until_complete[0m
[0.599s] [34mcolcon.colcon_ros.task.ament_cmake.build[0m [1;30mINFO[0m Building ROS package in '/home/hyperdimensional/Learning/arm_isro/arm_ws/src/arm_description' with build type 'ament_cmake'
[0.600s] [34mcolcon.colcon_cmake.task.cmake.build[0m [1;30mINFO[0m Building CMake package in '/home/hyperdimensional/Learning/arm_isro/arm_ws/src/arm_description'
[0.602s] [34mcolcon.colcon_core.plugin_system[0m [1;30mINFO[0m Skipping extension 'colcon_core.shell.bat': Not used on non-Windows systems
[0.603s] [34mcolcon.colcon_core.shell[0m [1;30mINFO[0m Skip shell extension 'powershell' for command environment: Not usable outside of PowerShell
[0.603s] [34mcolcon.colcon_core.shell[0m [1;30mDEBUG[0m [32mSkip shell extension 'dsv' for command environment[0m
[0.608s] [34mcolcon.colcon_ros.task.ament_cmake.build[0m [1;30mINFO[0m Building ROS package in '/home/hyperdimensional/Learning/arm_isro/arm_ws/src/isro_arm_controller' with build type 'ament_cmake'
[0.609s] [34mcolcon.colcon_cmake.task.cmake.build[0m [1;30mINFO[0m Building CMake package in '/home/hyperdimensional/Learning/arm_isro/arm_ws/src/isro_arm_controller'
[0.609s] [34mcolcon.colcon_core.shell[0m [1;30mINFO[0m Skip shell extension 'powershell' for command environment: Not usable outside of PowerShell
[0.609s] [34mcolcon.colcon_core.shell[0m [1;30mDEBUG[0m [32mSkip shell extension 'dsv' for command environment[0m
[0.615s] [34mcolcon.colcon_ros.task.ament_cmake.build[0m [1;30mINFO[0m Building ROS package in '/home/hyperdimensional/Learning/arm_isro/arm_ws/src/isro_arm_moveit' with build type 'ament_cmake'
[0.616s] [34mcolcon.colcon_cmake.task.cmake.build[0m [1;30mINFO[0m Building CMake package in '/home/hyperdimensional/Learning/arm_isro/arm_ws/src/isro_arm_moveit'
[0.616s] [34mcolcon.colcon_core.shell[0m [1;30mINFO[0m Skip shell extension 'powershell' for command environment: Not usable outside of PowerShell
[0.616s] [34mcolcon.colcon_core.shell[0m [1;30mDEBUG[0m [32mSkip shell extension 'dsv' for command environment[0m
[0.632s] [34mcolcon.colcon_core.event_handler.log_command[0m [1;30mDEBUG[0m [32mInvoking command in '/home/hyperdimensional/Learning/arm_isro/arm_ws/build/arm_description': CMAKE_PREFIX_PATH=/opt/ros/humble /usr/bin/cmake --build /home/hyperdimensional/Learning/arm_isro/arm_ws/build/arm_description -- -j16 -l16[0m
[0.641s] [34mcolcon.colcon_core.event_handler.log_command[0m [1;30mDEBUG[0m [32mInvoking command in '/home/hyperdimensional/Learning/arm_isro/arm_ws/build/isro_arm_controller': CMAKE_PREFIX_PATH=/opt/ros/humble /usr/bin/cmake --build /home/hyperdimensional/Learning/arm_isro/arm_ws/build/isro_arm_controller -- -j16 -l16[0m
[0.648s] [34mcolcon.colcon_core.event_handler.log_command[0m [1;30mDEBUG[0m [32mInvoking command in '/home/hyperdimensional/Learning/arm_isro/arm_ws/build/isro_arm_moveit': CMAKE_PREFIX_PATH=/opt/ros/humble /usr/bin/cmake --build /home/hyperdimensional/Learning/arm_isro/arm_ws/build/isro_arm_moveit -- -j16 -l16[0m
[0.714s] [34mcolcon.colcon_core.event_handler.log_command[0m [1;30mDEBUG[0m [32mInvoked command in '/home/hyperdimensional/Learning/arm_isro/arm_ws/build/isro_arm_moveit' returned '0': CMAKE_PREFIX_PATH=/opt/ros/humble /usr/bin/cmake --build /home/hyperdimensional/Learning/arm_isro/arm_ws/build/isro_arm_moveit -- -j16 -l16[0m
[0.723s] [34mcolcon.colcon_core.event_handler.log_command[0m [1;30mDEBUG[0m [32mInvoked command in '/home/hyperdimensional/Learning/arm_isro/arm_ws/build/arm_description' returned '0': CMAKE_PREFIX_PATH=/opt/ros/humble /usr/bin/cmake --build /home/hyperdimensional/Learning/arm_isro/arm_ws/build/arm_description -- -j16 -l16[0m
[0.748s] [34mcolcon.colcon_core.event_handler.log_command[0m [1;30mDEBUG[0m [32mInvoked command in '/home/hyperdimensional/Learning/arm_isro/arm_ws/build/isro_arm_controller' returned '0': CMAKE_PREFIX_PATH=/opt/ros/humble /usr/bin/cmake --build /home/hyperdimensional/Learning/arm_isro/arm_ws/build/isro_arm_controller -- -j16 -l16[0m
[0.785s] [34mcolcon.colcon_core.event_handler.log_command[0m [1;30mDEBUG[0m [32mInvoking command in '/home/hyperdimensional/Learning/arm_isro/arm_ws/build/isro_arm_moveit': CMAKE_PREFIX_PATH=/opt/ros/humble /usr/bin/cmake --install /home/hyperdimensional/Learning/arm_isro/arm_ws/build/isro_arm_moveit[0m
[0.788s] [34mcolcon.colcon_core.event_handler.log_command[0m [1;30mDEBUG[0m [32mInvoking command in '/home/hyperdimensional/Learning/arm_isro/arm_ws/build/arm_description': CMAKE_PREFIX_PATH=/opt/ros/humble /usr/bin/cmake --install /home/hyperdimensional/Learning/arm_isro/arm_ws/build/arm_description[0m
[0.801s] [34mcolcon.colcon_core.event_handler.log_command[0m [1;30mDEBUG[0m [32mInvoking command in '/home/hyperdimensional/Learning/arm_isro/arm_ws/build/isro_arm_controller': CMAKE_PREFIX_PATH=/opt/ros/humble /usr/bin/cmake --install /home/hyperdimensional/Learning/arm_isro/arm_ws/build/isro_arm_controller[0m
[0.837s] [34mcolcon.colcon_core.environment[0m [1;30mLevel 1[0m create_environment_scripts_only(arm_description)
[0.839s] [34mcolcon.colcon_core.event_handler.log_command[0m [1;30mDEBUG[0m [32mInvoked command in '/home/hyperdimensional/Learning/arm_isro/arm_ws/build/arm_description' returned '0': CMAKE_PREFIX_PATH=/opt/ros/humble /usr/bin/cmake --install /home/hyperdimensional/Learning/arm_isro/arm_ws/build/arm_description[0m
[0.843s] [34mcolcon.colcon_core.environment[0m [1;30mLevel 1[0m checking '/home/hyperdimensional/Learning/arm_isro/arm_ws/install/arm_description' for CMake module files
[0.844s] [34mcolcon.colcon_core.environment[0m [1;30mLevel 1[0m checking '/home/hyperdimensional/Learning/arm_isro/arm_ws/install/arm_description' for CMake config files
[0.845s] [34mcolcon.colcon_core.shell[0m [1;30mLevel 1[0m create_environment_hook('arm_description', 'cmake_prefix_path')
[0.845s] [34mcolcon.colcon_core.shell[0m [1;30mINFO[0m Creating environment hook '/home/hyperdimensional/Learning/arm_isro/arm_ws/install/arm_description/share/arm_description/hook/cmake_prefix_path.ps1'
[0.846s] [34mcolcon.colcon_core.shell[0m [1;30mINFO[0m Creating environment descriptor '/home/hyperdimensional/Learning/arm_isro/arm_ws/install/arm_description/share/arm_description/hook/cmake_prefix_path.dsv'
[0.846s] [34mcolcon.colcon_core.shell[0m [1;30mINFO[0m Creating environment hook '/home/hyperdimensional/Learning/arm_isro/arm_ws/install/arm_description/share/arm_description/hook/cmake_prefix_path.sh'
[0.848s] [34mcolcon.colcon_core.environment[0m [1;30mLevel 1[0m checking '/home/hyperdimensional/Learning/arm_isro/arm_ws/install/arm_description/bin'
[0.848s] [34mcolcon.colcon_core.environment[0m [1;30mLevel 1[0m checking '/home/hyperdimensional/Learning/arm_isro/arm_ws/install/arm_description/lib/pkgconfig/arm_description.pc'
[0.848s] [34mcolcon.colcon_core.environment[0m [1;30mLevel 1[0m checking '/home/hyperdimensional/Learning/arm_isro/arm_ws/install/arm_description/lib/python3.10/site-packages'
[0.848s] [34mcolcon.colcon_core.environment[0m [1;30mLevel 1[0m checking '/home/hyperdimensional/Learning/arm_isro/arm_ws/install/arm_description/bin'
[0.849s] [34mcolcon.colcon_core.shell[0m [1;30mINFO[0m Creating package script '/home/hyperdimensional/Learning/arm_isro/arm_ws/install/arm_description/share/arm_description/package.ps1'
[0.850s] [34mcolcon.colcon_core.shell[0m [1;30mINFO[0m Creating package descriptor '/home/hyperdimensional/Learning/arm_isro/arm_ws/install/arm_description/share/arm_description/package.dsv'
[0.851s] [34mcolcon.colcon_core.shell[0m [1;30mINFO[0m Creating package script '/home/hyperdimensional/Learning/arm_isro/arm_ws/install/arm_description/share/arm_description/package.sh'
[0.851s] [34mcolcon.colcon_core.shell[0m [1;30mINFO[0m Creating package script '/home/hyperdimensional/Learning/arm_isro/arm_ws/install/arm_description/share/arm_description/package.bash'
[0.852s] [34mcolcon.colcon_core.shell[0m [1;30mINFO[0m Creating package script '/home/hyperdimensional/Learning/arm_isro/arm_ws/install/arm_description/share/arm_description/package.zsh'
[0.853s] [34mcolcon.colcon_core.environment[0m [1;30mLevel 1[0m create_file_with_runtime_dependencies(/home/hyperdimensional/Learning/arm_isro/arm_ws/install/arm_description/share/colcon-core/packages/arm_description)
[0.856s] [34mcolcon.colcon_core.environment[0m [1;30mLevel 1[0m create_environment_scripts_only(isro_arm_moveit)
[0.856s] [34mcolcon.colcon_core.environment[0m [1;30mLevel 1[0m checking '/home/hyperdimensional/Learning/arm_isro/arm_ws/install/isro_arm_moveit' for CMake module files
[0.858s] [34mcolcon.colcon_core.event_handler.log_command[0m [1;30mDEBUG[0m [32mInvoked command in '/home/hyperdimensional/Learning/arm_isro/arm_ws/build/isro_arm_moveit' returned '0': CMAKE_PREFIX_PATH=/opt/ros/humble /usr/bin/cmake --install /home/hyperdimensional/Learning/arm_isro/arm_ws/build/isro_arm_moveit[0m
[0.858s] [34mcolcon.colcon_core.environment[0m [1;30mLevel 1[0m checking '/home/hyperdimensional/Learning/arm_isro/arm_ws/install/isro_arm_moveit' for CMake config files
[0.859s] [34mcolcon.colcon_core.shell[0m [1;30mLevel 1[0m create_environment_hook('isro_arm_moveit', 'cmake_prefix_path')
[0.859s] [34mcolcon.colcon_core.shell[0m [1;30mINFO[0m Creating environment hook '/home/hyperdimensional/Learning/arm_isro/arm_ws/install/isro_arm_moveit/share/isro_arm_moveit/hook/cmake_prefix_path.ps1'
[0.860s] [34mcolcon.colcon_core.shell[0m [1;30mINFO[0m Creating environment descriptor '/home/hyperdimensional/Learning/arm_isro/arm_ws/install/isro_arm_moveit/share/isro_arm_moveit/hook/cmake_prefix_path.dsv'
[0.860s] [34mcolcon.colcon_core.shell[0m [1;30mINFO[0m Creating environment hook '/home/hyperdimensional/Learning/arm_isro/arm_ws/install/isro_arm_moveit/share/isro_arm_moveit/hook/cmake_prefix_path.sh'
[0.861s] [34mcolcon.colcon_core.environment[0m [1;30mLevel 1[0m checking '/home/hyperdimensional/Learning/arm_isro/arm_ws/install/isro_arm_moveit/bin'
[0.861s] [34mcolcon.colcon_core.environment[0m [1;30mLevel 1[0m checking '/home/hyperdimensional/Learning/arm_isro/arm_ws/install/isro_arm_moveit/lib/pkgconfig/isro_arm_moveit.pc'
[0.861s] [34mcolcon.colcon_core.environment[0m [1;30mLevel 1[0m checking '/home/hyperdimensional/Learning/arm_isro/arm_ws/install/isro_arm_moveit/lib/python3.10/site-packages'
[0.862s] [34mcolcon.colcon_core.environment[0m [1;30mLevel 1[0m checking '/home/hyperdimensional/Learning/arm_isro/arm_ws/install/isro_arm_moveit/bin'
[0.862s] [34mcolcon.colcon_core.shell[0m [1;30mINFO[0m Creating package script '/home/hyperdimensional/Learning/arm_isro/arm_ws/install/isro_arm_moveit/share/isro_arm_moveit/package.ps1'
[0.862s] [34mcolcon.colcon_core.shell[0m [1;30mINFO[0m Creating package descriptor '/home/hyperdimensional/Learning/arm_isro/arm_ws/install/isro_arm_moveit/share/isro_arm_moveit/package.dsv'
[0.863s] [34mcolcon.colcon_core.shell[0m [1;30mINFO[0m Creating package script '/home/hyperdimensional/Learning/arm_isro/arm_ws/install/isro_arm_moveit/share/isro_arm_moveit/package.sh'
[0.864s] [34mcolcon.colcon_core.shell[0m [1;30mINFO[0m Creating package script '/home/hyperdimensional/Learning/arm_isro/arm_ws/install/isro_arm_moveit/share/isro_arm_moveit/package.bash'
[0.864s] [34mcolcon.colcon_core.shell[0m [1;30mINFO[0m Creating package script '/home/hyperdimensional/Learning/arm_isro/arm_ws/install/isro_arm_moveit/share/isro_arm_moveit/package.zsh'
[0.865s] [34mcolcon.colcon_core.environment[0m [1;30mLevel 1[0m create_file_with_runtime_dependencies(/home/hyperdimensional/Learning/arm_isro/arm_ws/install/isro_arm_moveit/share/colcon-core/packages/isro_arm_moveit)
[0.866s] [34mcolcon.colcon_core.environment[0m [1;30mLevel 1[0m create_environment_scripts_only(isro_arm_controller)
[0.867s] [34mcolcon.colcon_core.environment[0m [1;30mLevel 1[0m checking '/home/hyperdimensional/Learning/arm_isro/arm_ws/install/isro_arm_controller' for CMake module files
[0.868s] [34mcolcon.colcon_core.event_handler.log_command[0m [1;30mDEBUG[0m [32mInvoked command in '/home/hyperdimensional/Learning/arm_isro/arm_ws/build/isro_arm_controller' returned '0': CMAKE_PREFIX_PATH=/opt/ros/humble /usr/bin/cmake --install /home/hyperdimensional/Learning/arm_isro/arm_ws/build/isro_arm_controller[0m
[0.868s] [34mcolcon.colcon_core.environment[0m [1;30mLevel 1[0m checking '/home/hyperdimensional/Learning/arm_isro/arm_ws/install/isro_arm_controller' for CMake config files
[0.869s] [34mcolcon.colcon_core.shell[0m [1;30mLevel 1[0m create_environment_hook('isro_arm_controller', 'cmake_prefix_path')
[0.869s] [34mcolcon.colcon_core.shell[0m [1;30mINFO[0m Creating environment hook '/home/hyperdimensional/Learning/arm_isro/arm_ws/install/isro_arm_controller/share/isro_arm_controller/hook/cmake_prefix_path.ps1'
[0.870s] [34mcolcon.colcon_core.shell[0m [1;30mINFO[0m Creating environment descriptor '/home/hyperdimensional/Learning/arm_isro/arm_ws/install/isro_arm_controller/share/isro_arm_controller/hook/cmake_prefix_path.dsv'
[0.870s] [34mcolcon.colcon_core.shell[0m [1;30mINFO[0m Creating environment hook '/home/hyperdimensional/Learning/arm_isro/arm_ws/install/isro_arm_controller/share/isro_arm_controller/hook/cmake_prefix_path.sh'
[0.871s] [34mcolcon.colcon_core.environment[0m [1;30mLevel 1[0m checking '/home/hyperdimensional/Learning/arm_isro/arm_ws/install/isro_arm_controller/bin'
[0.871s] [34mcolcon.colcon_core.environment[0m [1;30mLevel 1[0m checking '/home/hyperdimensional/Learning/arm_isro/arm_ws/install/isro_arm_controller/lib/pkgconfig/isro_arm_controller.pc'
[0.871s] [34mcolcon.colcon_core.environment[0m [1;30mLevel 1[0m checking '/home/hyperdimensional/Learning/arm_isro/arm_ws/install/isro_arm_controller/lib/python3.10/site-packages'
[0.872s] [34mcolcon.colcon_core.environment[0m [1;30mLevel 1[0m checking '/home/hyperdimensional/Learning/arm_isro/arm_ws/install/isro_arm_controller/bin'
[0.872s] [34mcolcon.colcon_core.shell[0m [1;30mINFO[0m Creating package script '/home/hyperdimensional/Learning/arm_isro/arm_ws/install/isro_arm_controller/share/isro_arm_controller/package.ps1'
[0.873s] [34mcolcon.colcon_core.shell[0m [1;30mINFO[0m Creating package descriptor '/home/hyperdimensional/Learning/arm_isro/arm_ws/install/isro_arm_controller/share/isro_arm_controller/package.dsv'
[0.873s] [34mcolcon.colcon_core.shell[0m [1;30mINFO[0m Creating package script '/home/hyperdimensional/Learning/arm_isro/arm_ws/install/isro_arm_controller/share/isro_arm_controller/package.sh'
[0.874s] [34mcolcon.colcon_core.shell[0m [1;30mINFO[0m Creating package script '/home/hyperdimensional/Learning/arm_isro/arm_ws/install/isro_arm_controller/share/isro_arm_controller/package.bash'
[0.875s] [34mcolcon.colcon_core.shell[0m [1;30mINFO[0m Creating package script '/home/hyperdimensional/Learning/arm_isro/arm_ws/install/isro_arm_controller/share/isro_arm_controller/package.zsh'
[0.875s] [34mcolcon.colcon_core.environment[0m [1;30mLevel 1[0m create_file_with_runtime_dependencies(/home/hyperdimensional/Learning/arm_isro/arm_ws/install/isro_arm_controller/share/colcon-core/packages/isro_arm_controller)
[0.894s] [34mcolcon.colcon_core.environment[0m [1;30mLevel 1[0m create_environment_scripts_only(arm_description)
[0.894s] [34mcolcon.colcon_core.environment[0m [1;30mLevel 1[0m checking '/home/hyperdimensional/Learning/arm_isro/arm_ws/install/arm_description' for CMake module files
[0.895s] [34mcolcon.colcon_core.environment[0m [1;30mLevel 1[0m checking '/home/hyperdimensional/Learning/arm_isro/arm_ws/install/arm_description' for CMake config files
[0.896s] [34mcolcon.colcon_core.shell[0m [1;30mLevel 1[0m create_environment_hook('arm_description', 'cmake_prefix_path')
[0.897s] [34mcolcon.colcon_core.shell[0m [1;30mINFO[0m Creating environment hook '/home/hyperdimensional/Learning/arm_isro/arm_ws/install/arm_description/share/arm_description/hook/cmake_prefix_path.ps1'
[0.897s] [34mcolcon.colcon_core.shell[0m [1;30mINFO[0m Creating environment descriptor '/home/hyperdimensional/Learning/arm_isro/arm_ws/install/arm_description/share/arm_description/hook/cmake_prefix_path.dsv'
[0.898s] [34mcolcon.colcon_core.shell[0m [1;30mINFO[0m Creating environment hook '/home/hyperdimensional/Learning/arm_isro/arm_ws/install/arm_description/share/arm_description/hook/cmake_prefix_path.sh'
[0.899s] [34mcolcon.colcon_core.environment[0m [1;30mLevel 1[0m checking '/home/hyperdimensional/Learning/arm_isro/arm_ws/install/arm_description/bin'
[0.899s] [34mcolcon.colcon_core.environment[0m [1;30mLevel 1[0m checking '/home/hyperdimensional/Learning/arm_isro/arm_ws/install/arm_description/lib/pkgconfig/arm_description.pc'
[0.900s] [34mcolcon.colcon_core.environment[0m [1;30mLevel 1[0m checking '/home/hyperdimensional/Learning/arm_isro/arm_ws/install/arm_description/lib/python3.10/site-packages'
[0.900s] [34mcolcon.colcon_core.environment[0m [1;30mLevel 1[0m checking '/home/hyperdimensional/Learning/arm_isro/arm_ws/install/arm_description/bin'
[0.900s] [34mcolcon.colcon_core.shell[0m [1;30mINFO[0m Creating package script '/home/hyperdimensional/Learning/arm_isro/arm_ws/install/arm_description/share/arm_description/package.ps1'
[0.901s] [34mcolcon.colcon_core.shell[0m [1;30mINFO[0m Creating package descriptor '/home/hyperdimensional/Learning/arm_isro/arm_ws/install/arm_description/share/arm_description/package.dsv'
[0.902s] [34mcolcon.colcon_core.shell[0m [1;30mINFO[0m Creating package script '/home/hyperdimensional/Learning/arm_isro/arm_ws/install/arm_description/share/arm_description/package.sh'
[0.903s] [34mcolcon.colcon_core.shell[0m [1;30mINFO[0m Creating package script '/home/hyperdimensional/Learning/arm_isro/arm_ws/install/arm_description/share/arm_description/package.bash'
[0.904s] [34mcolcon.colcon_core.shell[0m [1;30mINFO[0m Creating package script '/home/hyperdimensional/Learning/arm_isro/arm_ws/install/arm_description/share/arm_description/package.zsh'
[0.905s] [34mcolcon.colcon_core.environment[0m [1;30mLevel 1[0m create_file_with_runtime_dependencies(/home/hyperdimensional/Learning/arm_isro/arm_ws/install/arm_description/share/colcon-core/packages/arm_description)
[0.910s] [34mcolcon.colcon_core.environment[0m [1;30mLevel 1[0m create_environment_scripts_only(isro_arm_moveit)
[0.910s] [34mcolcon.colcon_core.environment[0m [1;30mLevel 1[0m checking '/home/hyperdimensional/Learning/arm_isro/arm_ws/install/isro_arm_moveit' for CMake module files
[0.911s] [34mcolcon.colcon_core.environment[0m [1;30mLevel 1[0m checking '/home/hyperdimensional/Learning/arm_isro/arm_ws/install/isro_arm_moveit' for CMake config files
[0.912s] [34mcolcon.colcon_core.shell[0m [1;30mLevel 1[0m create_environment_hook('isro_arm_moveit', 'cmake_prefix_path')
[0.912s] [34mcolcon.colcon_core.shell[0m [1;30mINFO[0m Creating environment hook '/home/hyperdimensional/Learning/arm_isro/arm_ws/install/isro_arm_moveit/share/isro_arm_moveit/hook/cmake_prefix_path.ps1'
[0.913s] [34mcolcon.colcon_core.shell[0m [1;30mINFO[0m Creating environment descriptor '/home/hyperdimensional/Learning/arm_isro/arm_ws/install/isro_arm_moveit/share/isro_arm_moveit/hook/cmake_prefix_path.dsv'
[0.913s] [34mcolcon.colcon_core.shell[0m [1;30mINFO[0m Creating environment hook '/home/hyperdimensional/Learning/arm_isro/arm_ws/install/isro_arm_moveit/share/isro_arm_moveit/hook/cmake_prefix_path.sh'
[0.914s] [34mcolcon.colcon_core.environment[0m [1;30mLevel 1[0m checking '/home/hyperdimensional/Learning/arm_isro/arm_ws/install/isro_arm_moveit/bin'
[0.914s] [34mcolcon.colcon_core.environment[0m [1;30mLevel 1[0m checking '/home/hyperdimensional/Learning/arm_isro/arm_ws/install/isro_arm_moveit/lib/pkgconfig/isro_arm_moveit.pc'
[0.914s] [34mcolcon.colcon_core.environment[0m [1;30mLevel 1[0m checking '/home/hyperdimensional/Learning/arm_isro/arm_ws/install/isro_arm_moveit/lib/python3.10/site-packages'
[0.914s] [34mcolcon.colcon_core.environment[0m [1;30mLevel 1[0m checking '/home/hyperdimensional/Learning/arm_isro/arm_ws/install/isro_arm_moveit/bin'
[0.915s] [34mcolcon.colcon_core.shell[0m [1;30mINFO[0m Creating package script '/home/hyperdimensional/Learning/arm_isro/arm_ws/install/isro_arm_moveit/share/isro_arm_moveit/package.ps1'
[0.916s] [34mcolcon.colcon_core.shell[0m [1;30mINFO[0m Creating package descriptor '/home/hyperdimensional/Learning/arm_isro/arm_ws/install/isro_arm_moveit/share/isro_arm_moveit/package.dsv'
[0.916s] [34mcolcon.colcon_core.shell[0m [1;30mINFO[0m Creating package script '/home/hyperdimensional/Learning/arm_isro/arm_ws/install/isro_arm_moveit/share/isro_arm_moveit/package.sh'
[0.917s] [34mcolcon.colcon_core.shell[0m [1;30mINFO[0m Creating package script '/home/hyperdimensional/Learning/arm_isro/arm_ws/install/isro_arm_moveit/share/isro_arm_moveit/package.bash'
[0.917s] [34mcolcon.colcon_core.shell[0m [1;30mINFO[0m Creating package script '/home/hyperdimensional/Learning/arm_isro/arm_ws/install/isro_arm_moveit/share/isro_arm_moveit/package.zsh'
[0.917s] [34mcolcon.colcon_core.environment[0m [1;30mLevel 1[0m create_file_with_runtime_dependencies(/home/hyperdimensional/Learning/arm_isro/arm_ws/install/isro_arm_moveit/share/colcon-core/packages/isro_arm_moveit)
[0.919s] [34mcolcon.colcon_core.environment[0m [1;30mLevel 1[0m create_environment_scripts_only(isro_arm_controller)
[0.919s] [34mcolcon.colcon_core.environment[0m [1;30mLevel 1[0m checking '/home/hyperdimensional/Learning/arm_isro/arm_ws/install/isro_arm_controller' for CMake module files
[0.920s] [34mcolcon.colcon_core.environment[0m [1;30mLevel 1[0m checking '/home/hyperdimensional/Learning/arm_isro/arm_ws/install/isro_arm_controller' for CMake config files
[0.921s] [34mcolcon.colcon_core.shell[0m [1;30mLevel 1[0m create_environment_hook('isro_arm_controller', 'cmake_prefix_path')
[0.921s] [34mcolcon.colcon_core.shell[0m [1;30mINFO[0m Creating environment hook '/home/hyperdimensional/Learning/arm_isro/arm_ws/install/isro_arm_controller/share/isro_arm_controller/hook/cmake_prefix_path.ps1'
[0.922s] [34mcolcon.colcon_core.shell[0m [1;30mINFO[0m Creating environment descriptor '/home/hyperdimensional/Learning/arm_isro/arm_ws/install/isro_arm_controller/share/isro_arm_controller/hook/cmake_prefix_path.dsv'
[0.922s] [34mcolcon.colcon_core.shell[0m [1;30mINFO[0m Creating environment hook '/home/hyperdimensional/Learning/arm_isro/arm_ws/install/isro_arm_controller/share/isro_arm_controller/hook/cmake_prefix_path.sh'
[0.923s] [34mcolcon.colcon_core.environment[0m [1;30mLevel 1[0m checking '/home/hyperdimensional/Learning/arm_isro/arm_ws/install/isro_arm_controller/bin'
[0.923s] [34mcolcon.colcon_core.environment[0m [1;30mLevel 1[0m checking '/home/hyperdimensional/Learning/arm_isro/arm_ws/install/isro_arm_controller/lib/pkgconfig/isro_arm_controller.pc'
[0.923s] [34mcolcon.colcon_core.environment[0m [1;30mLevel 1[0m checking '/home/hyperdimensional/Learning/arm_isro/arm_ws/install/isro_arm_controller/lib/python3.10/site-packages'
[0.924s] [34mcolcon.colcon_core.environment[0m [1;30mLevel 1[0m checking '/home/hyperdimensional/Learning/arm_isro/arm_ws/install/isro_arm_controller/bin'
[0.924s] [34mcolcon.colcon_core.shell[0m [1;30mINFO[0m Creating package script '/home/hyperdimensional/Learning/arm_isro/arm_ws/install/isro_arm_controller/share/isro_arm_controller/package.ps1'
[0.925s] [34mcolcon.colcon_core.shell[0m [1;30mINFO[0m Creating package descriptor '/home/hyperdimensional/Learning/arm_isro/arm_ws/install/isro_arm_controller/share/isro_arm_controller/package.dsv'
[0.925s] [34mcolcon.colcon_core.shell[0m [1;30mINFO[0m Creating package script '/home/hyperdimensional/Learning/arm_isro/arm_ws/install/isro_arm_controller/share/isro_arm_controller/package.sh'
[0.926s] [34mcolcon.colcon_core.shell[0m [1;30mINFO[0m Creating package script '/home/hyperdimensional/Learning/arm_isro/arm_ws/install/isro_arm_controller/share/isro_arm_controller/package.bash'
[0.926s] [34mcolcon.colcon_core.shell[0m [1;30mINFO[0m Creating package script '/home/hyperdimensional/Learning/arm_isro/arm_ws/install/isro_arm_controller/share/isro_arm_controller/package.zsh'
[0.927s] [34mcolcon.colcon_core.environment[0m [1;30mLevel 1[0m create_file_with_runtime_dependencies(/home/hyperdimensional/Learning/arm_isro/arm_ws/install/isro_arm_controller/share/colcon-core/packages/isro_arm_controller)
[0.927s] [34mcolcon.colcon_parallel_executor.executor.parallel[0m [1;30mDEBUG[0m [32mclosing loop[0m
[0.927s] [34mcolcon.colcon_parallel_executor.executor.parallel[0m [1;30mDEBUG[0m [32mloop closed[0m
[0.927s] [34mcolcon.colcon_parallel_executor.executor.parallel[0m [1;30mDEBUG[0m [32mrun_until_complete finished with '0'[0m
[0.928s] [34mcolcon.colcon_core.event_reactor[0m [1;30mDEBUG[0m [32mjoining thread[0m
[0.938s] [34mcolcon.colcon_core.plugin_system[0m [1;30mINFO[0m Skipping extension 'colcon_notification.desktop_notification.terminal_notifier': Not used on non-Darwin systems
[0.938s] [34mcolcon.colcon_core.plugin_system[0m [1;30mINFO[0m Skipping extension 'colcon_notification.desktop_notification.win32': Not used on non-Windows systems
[0.938s] [34mcolcon.colcon_notification.desktop_notification[0m [1;30mINFO[0m Sending desktop notification using 'notify2'
[0.963s] [34mcolcon.colcon_core.event_reactor[0m [1;30mDEBUG[0m [32mjoined thread[0m
[0.964s] [34mcolcon.colcon_core.shell[0m [1;30mINFO[0m Creating prefix script '/home/hyperdimensional/Learning/arm_isro/arm_ws/install/local_setup.ps1'
[0.966s] [34mcolcon.colcon_core.shell[0m [1;30mINFO[0m Creating prefix util module '/home/hyperdimensional/Learning/arm_isro/arm_ws/install/_local_setup_util_ps1.py'
[0.967s] [34mcolcon.colcon_core.shell[0m [1;30mINFO[0m Creating prefix chain script '/home/hyperdimensional/Learning/arm_isro/arm_ws/install/setup.ps1'
[0.969s] [34mcolcon.colcon_core.shell[0m [1;30mINFO[0m Creating prefix script '/home/hyperdimensional/Learning/arm_isro/arm_ws/install/local_setup.sh'
[0.969s] [34mcolcon.colcon_core.shell[0m [1;30mINFO[0m Creating prefix util module '/home/hyperdimensional/Learning/arm_isro/arm_ws/install/_local_setup_util_sh.py'
[0.970s] [34mcolcon.colcon_core.shell[0m [1;30mINFO[0m Creating prefix chain script '/home/hyperdimensional/Learning/arm_isro/arm_ws/install/setup.sh'
[0.971s] [34mcolcon.colcon_core.shell[0m [1;30mINFO[0m Creating prefix script '/home/hyperdimensional/Learning/arm_isro/arm_ws/install/local_setup.bash'
[0.972s] [34mcolcon.colcon_core.shell[0m [1;30mINFO[0m Creating prefix chain script '/home/hyperdimensional/Learning/arm_isro/arm_ws/install/setup.bash'
[0.973s] [34mcolcon.colcon_core.shell[0m [1;30mINFO[0m Creating prefix script '/home/hyperdimensional/Learning/arm_isro/arm_ws/install/local_setup.zsh'
[0.974s] [34mcolcon.colcon_core.shell[0m [1;30mINFO[0m Creating prefix chain script '/home/hyperdimensional/Learning/arm_isro/arm_ws/install/setup.zsh'
