[0.018s] Invoking command in '/home/hyperdimensional/Learning/arm_isro/arm_ws/build/arm_controller': CMAKE_PREFIX_PATH=${CMAKE_PREFIX_PATH}:/opt/ros/humble /usr/bin/cmake --build /home/hyperdimensional/Learning/arm_isro/arm_ws/build/arm_controller -- -j16 -l16
[0.069s] Invoked command in '/home/hyperdimensional/Learning/arm_isro/arm_ws/build/arm_controller' returned '0': CMAKE_PREFIX_PATH=${CMAKE_PREFIX_PATH}:/opt/ros/humble /usr/bin/cmake --build /home/hyperdimensional/Learning/arm_isro/arm_ws/build/arm_controller -- -j16 -l16
[0.100s] Invoking command in '/home/hyperdimensional/Learning/arm_isro/arm_ws/build/arm_controller': CMAKE_PREFIX_PATH=${CMAKE_PREFIX_PATH}:/opt/ros/humble /usr/bin/cmake --install /home/hyperdimensional/Learning/arm_isro/arm_ws/build/arm_controller
[0.109s] -- Install configuration: ""
[0.109s] -- Up-to-date: /home/hyperdimensional/Learning/arm_isro/arm_ws/install/arm_controller/share/arm_controller/config
[0.109s] -- Up-to-date: /home/hyperdimensional/Learning/arm_isro/arm_ws/install/arm_controller/share/arm_controller/config/arm_controllers.yaml
[0.109s] -- Up-to-date: /home/hyperdimensional/Learning/arm_isro/arm_ws/install/arm_controller/share/arm_controller/launch
[0.109s] -- Up-to-date: /home/hyperdimensional/Learning/arm_isro/arm_ws/install/arm_controller/share/arm_controller/launch/controller.launch.py
[0.109s] -- Up-to-date: /home/hyperdimensional/Learning/arm_isro/arm_ws/install/arm_controller/share/ament_index/resource_index/package_run_dependencies/arm_controller
[0.110s] -- Up-to-date: /home/hyperdimensional/Learning/arm_isro/arm_ws/install/arm_controller/share/ament_index/resource_index/parent_prefix_path/arm_controller
[0.110s] -- Up-to-date: /home/hyperdimensional/Learning/arm_isro/arm_ws/install/arm_controller/share/arm_controller/environment/ament_prefix_path.sh
[0.110s] -- Up-to-date: /home/hyperdimensional/Learning/arm_isro/arm_ws/install/arm_controller/share/arm_controller/environment/ament_prefix_path.dsv
[0.110s] -- Up-to-date: /home/hyperdimensional/Learning/arm_isro/arm_ws/install/arm_controller/share/arm_controller/environment/path.sh
[0.110s] -- Up-to-date: /home/hyperdimensional/Learning/arm_isro/arm_ws/install/arm_controller/share/arm_controller/environment/path.dsv
[0.110s] -- Up-to-date: /home/hyperdimensional/Learning/arm_isro/arm_ws/install/arm_controller/share/arm_controller/local_setup.bash
[0.110s] -- Up-to-date: /home/hyperdimensional/Learning/arm_isro/arm_ws/install/arm_controller/share/arm_controller/local_setup.sh
[0.110s] -- Up-to-date: /home/hyperdimensional/Learning/arm_isro/arm_ws/install/arm_controller/share/arm_controller/local_setup.zsh
[0.110s] -- Up-to-date: /home/hyperdimensional/Learning/arm_isro/arm_ws/install/arm_controller/share/arm_controller/local_setup.dsv
[0.111s] -- Installing: /home/hyperdimensional/Learning/arm_isro/arm_ws/install/arm_controller/share/arm_controller/package.dsv
[0.111s] -- Up-to-date: /home/hyperdimensional/Learning/arm_isro/arm_ws/install/arm_controller/share/ament_index/resource_index/packages/arm_controller
[0.112s] -- Up-to-date: /home/hyperdimensional/Learning/arm_isro/arm_ws/install/arm_controller/share/arm_controller/cmake/arm_controllerConfig.cmake
[0.112s] -- Up-to-date: /home/hyperdimensional/Learning/arm_isro/arm_ws/install/arm_controller/share/arm_controller/cmake/arm_controllerConfig-version.cmake
[0.113s] -- Up-to-date: /home/hyperdimensional/Learning/arm_isro/arm_ws/install/arm_controller/share/arm_controller/package.xml
[0.118s] Invoked command in '/home/hyperdimensional/Learning/arm_isro/arm_ws/build/arm_controller' returned '0': CMAKE_PREFIX_PATH=${CMAKE_PREFIX_PATH}:/opt/ros/humble /usr/bin/cmake --install /home/hyperdimensional/Learning/arm_isro/arm_ws/build/arm_controller
