[0.015s] Invoking command in '/home/hyperdimensional/Learning/arm_isro/arm_ws/build/isro_arm_controller': CMAKE_PREFIX_PATH=${CMAKE_PREFIX_PATH}:/opt/ros/humble /usr/bin/cmake --build /home/hyperdimensional/Learning/arm_isro/arm_ws/build/isro_arm_controller -- -j16 -l16
[0.040s] -- Found ament_cmake: 1.3.8 (/opt/ros/humble/share/ament_cmake/cmake)
[0.231s] -- Found ament_lint_auto: 0.12.10 (/opt/ros/humble/share/ament_lint_auto/cmake)
[0.353s] -- Added test 'flake8' to check Python code syntax and style conventions
[0.353s] -- Added test 'lint_cmake' to check CMake code style
[0.354s] -- Added test 'pep257' to check Python code against some of the docstring style conventions in PEP 257
[0.355s] -- Added test 'xmllint' to check XML markup files
[0.356s] -- Configuring done
[0.359s] -- Generating done
[0.360s] -- Build files have been written to: /home/hyperdimensional/Learning/arm_isro/arm_ws/build/isro_arm_controller
[0.390s] Invoked command in '/home/hyperdimensional/Learning/arm_isro/arm_ws/build/isro_arm_controller' returned '0': CMAKE_PREFIX_PATH=${CMAKE_PREFIX_PATH}:/opt/ros/humble /usr/bin/cmake --build /home/hyperdimensional/Learning/arm_isro/arm_ws/build/isro_arm_controller -- -j16 -l16
[0.427s] Invoking command in '/home/hyperdimensional/Learning/arm_isro/arm_ws/build/isro_arm_controller': CMAKE_PREFIX_PATH=${CMAKE_PREFIX_PATH}:/opt/ros/humble /usr/bin/cmake --install /home/hyperdimensional/Learning/arm_isro/arm_ws/build/isro_arm_controller
[0.435s] -- Install configuration: ""
[0.435s] -- Up-to-date: /home/hyperdimensional/Learning/arm_isro/arm_ws/install/isro_arm_controller/share/isro_arm_controller/config
[0.435s] -- Up-to-date: /home/hyperdimensional/Learning/arm_isro/arm_ws/install/isro_arm_controller/share/isro_arm_controller/config/isro_arm_controllers.yaml
[0.436s] -- Up-to-date: /home/hyperdimensional/Learning/arm_isro/arm_ws/install/isro_arm_controller/share/isro_arm_controller/launch
[0.436s] -- Installing: /home/hyperdimensional/Learning/arm_isro/arm_ws/install/isro_arm_controller/share/isro_arm_controller/launch/controller.launch.py
[0.436s] -- Installing: /home/hyperdimensional/Learning/arm_isro/arm_ws/install/isro_arm_controller/share/ament_index/resource_index/package_run_dependencies/isro_arm_controller
[0.436s] -- Up-to-date: /home/hyperdimensional/Learning/arm_isro/arm_ws/install/isro_arm_controller/share/ament_index/resource_index/parent_prefix_path/isro_arm_controller
[0.436s] -- Up-to-date: /home/hyperdimensional/Learning/arm_isro/arm_ws/install/isro_arm_controller/share/isro_arm_controller/environment/ament_prefix_path.sh
[0.436s] -- Installing: /home/hyperdimensional/Learning/arm_isro/arm_ws/install/isro_arm_controller/share/isro_arm_controller/environment/ament_prefix_path.dsv
[0.436s] -- Up-to-date: /home/hyperdimensional/Learning/arm_isro/arm_ws/install/isro_arm_controller/share/isro_arm_controller/environment/path.sh
[0.437s] -- Installing: /home/hyperdimensional/Learning/arm_isro/arm_ws/install/isro_arm_controller/share/isro_arm_controller/environment/path.dsv
[0.437s] -- Up-to-date: /home/hyperdimensional/Learning/arm_isro/arm_ws/install/isro_arm_controller/share/isro_arm_controller/local_setup.bash
[0.437s] -- Up-to-date: /home/hyperdimensional/Learning/arm_isro/arm_ws/install/isro_arm_controller/share/isro_arm_controller/local_setup.sh
[0.437s] -- Up-to-date: /home/hyperdimensional/Learning/arm_isro/arm_ws/install/isro_arm_controller/share/isro_arm_controller/local_setup.zsh
[0.437s] -- Installing: /home/hyperdimensional/Learning/arm_isro/arm_ws/install/isro_arm_controller/share/isro_arm_controller/local_setup.dsv
[0.437s] -- Installing: /home/hyperdimensional/Learning/arm_isro/arm_ws/install/isro_arm_controller/share/isro_arm_controller/package.dsv
[0.437s] -- Up-to-date: /home/hyperdimensional/Learning/arm_isro/arm_ws/install/isro_arm_controller/share/ament_index/resource_index/packages/isro_arm_controller
[0.437s] -- Up-to-date: /home/hyperdimensional/Learning/arm_isro/arm_ws/install/isro_arm_controller/share/isro_arm_controller/cmake/isro_arm_controllerConfig.cmake
[0.437s] -- Up-to-date: /home/hyperdimensional/Learning/arm_isro/arm_ws/install/isro_arm_controller/share/isro_arm_controller/cmake/isro_arm_controllerConfig-version.cmake
[0.437s] -- Installing: /home/hyperdimensional/Learning/arm_isro/arm_ws/install/isro_arm_controller/share/isro_arm_controller/package.xml
[0.439s] Invoked command in '/home/hyperdimensional/Learning/arm_isro/arm_ws/build/isro_arm_controller' returned '0': CMAKE_PREFIX_PATH=${CMAKE_PREFIX_PATH}:/opt/ros/humble /usr/bin/cmake --install /home/hyperdimensional/Learning/arm_isro/arm_ws/build/isro_arm_controller
