[0.028s] Invoking command in '/home/hyperdimensional/Learning/arm_isro/arm_ws/build/arm_description': CMAKE_PREFIX_PATH=${CMAKE_PREFIX_PATH}:/opt/ros/humble /usr/bin/cmake --build /home/hyperdimensional/Learning/arm_isro/arm_ws/build/arm_description -- -j16 -l16
[0.122s] Invoked command in '/home/hyperdimensional/Learning/arm_isro/arm_ws/build/arm_description' returned '0': CMAKE_PREFIX_PATH=${CMAKE_PREFIX_PATH}:/opt/ros/humble /usr/bin/cmake --build /home/hyperdimensional/Learning/arm_isro/arm_ws/build/arm_description -- -j16 -l16
[0.182s] Invoking command in '/home/hyperdimensional/Learning/arm_isro/arm_ws/build/arm_description': CMAKE_PREFIX_PATH=${CMAKE_PREFIX_PATH}:/opt/ros/humble /usr/bin/cmake --install /home/hyperdimensional/Learning/arm_isro/arm_ws/build/arm_description
[0.192s] -- Install configuration: ""
[0.193s] -- Up-to-date: /home/hyperdimensional/Learning/arm_isro/arm_ws/install/arm_description/share/arm_description/meshes
[0.193s] -- Up-to-date: /home/hyperdimensional/Learning/arm_isro/arm_ws/install/arm_description/share/arm_description/meshes/base.STL
[0.193s] -- Up-to-date: /home/hyperdimensional/Learning/arm_isro/arm_ws/install/arm_description/share/arm_description/meshes/solidworkszeroendeffectormount.STL
[0.193s] -- Up-to-date: /home/hyperdimensional/Learning/arm_isro/arm_ws/install/arm_description/share/arm_description/meshes/320link.STL
[0.193s] -- Up-to-date: /home/hyperdimensional/Learning/arm_isro/arm_ws/install/arm_description/share/arm_description/meshes/solidworkszerowrist.STL
[0.194s] -- Up-to-date: /home/hyperdimensional/Learning/arm_isro/arm_ws/install/arm_description/share/arm_description/meshes/finalendeffectormount.STL
[0.194s] -- Up-to-date: /home/hyperdimensional/Learning/arm_isro/arm_ws/install/arm_description/share/arm_description/meshes/solidworkszero300link.STL
[0.194s] -- Up-to-date: /home/hyperdimensional/Learning/arm_isro/arm_ws/install/arm_description/share/arm_description/meshes/newendeffectormount.STL
[0.194s] -- Up-to-date: /home/hyperdimensional/Learning/arm_isro/arm_ws/install/arm_description/share/arm_description/meshes/Part3.STL
[0.195s] -- Up-to-date: /home/hyperdimensional/Learning/arm_isro/arm_ws/install/arm_description/share/arm_description/meshes/URDFCAD1.STL
[0.195s] -- Up-to-date: /home/hyperdimensional/Learning/arm_isro/arm_ws/install/arm_description/share/arm_description/urdf
[0.195s] -- Installing: /home/hyperdimensional/Learning/arm_isro/arm_ws/install/arm_description/share/arm_description/urdf/arm.urdf.xacro
[0.195s] -- Up-to-date: /home/hyperdimensional/Learning/arm_isro/arm_ws/install/arm_description/share/arm_description/urdf/arm_gazebo.xacro
[0.196s] -- Up-to-date: /home/hyperdimensional/Learning/arm_isro/arm_ws/install/arm_description/share/arm_description/urdf/arm_ros2_control.xacro
[0.196s] -- Up-to-date: /home/hyperdimensional/Learning/arm_isro/arm_ws/install/arm_description/share/arm_description/launch
[0.196s] -- Up-to-date: /home/hyperdimensional/Learning/arm_isro/arm_ws/install/arm_description/share/arm_description/launch/display.launch.py
[0.196s] -- Up-to-date: /home/hyperdimensional/Learning/arm_isro/arm_ws/install/arm_description/share/arm_description/launch/gazebo.launch.py
[0.197s] -- Up-to-date: /home/hyperdimensional/Learning/arm_isro/arm_ws/install/arm_description/share/arm_description/rviz
[0.197s] -- Up-to-date: /home/hyperdimensional/Learning/arm_isro/arm_ws/install/arm_description/share/arm_description/rviz/display.rviz
[0.197s] -- Up-to-date: /home/hyperdimensional/Learning/arm_isro/arm_ws/install/arm_description/share/arm_description/models
[0.197s] -- Up-to-date: /home/hyperdimensional/Learning/arm_isro/arm_ws/install/arm_description/share/arm_description/models/sun
[0.197s] -- Up-to-date: /home/hyperdimensional/Learning/arm_isro/arm_ws/install/arm_description/share/arm_description/models/sun/model-1_3.sdf
[0.197s] -- Up-to-date: /home/hyperdimensional/Learning/arm_isro/arm_ws/install/arm_description/share/arm_description/models/sun/model-1_4.sdf
[0.198s] -- Up-to-date: /home/hyperdimensional/Learning/arm_isro/arm_ws/install/arm_description/share/arm_description/models/sun/model.sdf
[0.198s] -- Up-to-date: /home/hyperdimensional/Learning/arm_isro/arm_ws/install/arm_description/share/arm_description/models/sun/model.config
[0.198s] -- Up-to-date: /home/hyperdimensional/Learning/arm_isro/arm_ws/install/arm_description/share/arm_description/models/sun/model-1_2.sdf
[0.200s] -- Up-to-date: /home/hyperdimensional/Learning/arm_isro/arm_ws/install/arm_description/share/arm_description/models/ground_plane
[0.201s] -- Up-to-date: /home/hyperdimensional/Learning/arm_isro/arm_ws/install/arm_description/share/arm_description/models/ground_plane/model-1_3.sdf
[0.201s] -- Up-to-date: /home/hyperdimensional/Learning/arm_isro/arm_ws/install/arm_description/share/arm_description/models/ground_plane/model-1_4.sdf
[0.201s] -- Up-to-date: /home/hyperdimensional/Learning/arm_isro/arm_ws/install/arm_description/share/arm_description/models/ground_plane/model.sdf
[0.201s] -- Up-to-date: /home/hyperdimensional/Learning/arm_isro/arm_ws/install/arm_description/share/arm_description/models/ground_plane/model.config
[0.201s] -- Up-to-date: /home/hyperdimensional/Learning/arm_isro/arm_ws/install/arm_description/share/arm_description/models/ground_plane/model-1_2.sdf
[0.202s] -- Up-to-date: /home/hyperdimensional/Learning/arm_isro/arm_ws/install/arm_description/share/ament_index/resource_index/package_run_dependencies/arm_description
[0.202s] -- Up-to-date: /home/hyperdimensional/Learning/arm_isro/arm_ws/install/arm_description/share/ament_index/resource_index/parent_prefix_path/arm_description
[0.202s] -- Up-to-date: /home/hyperdimensional/Learning/arm_isro/arm_ws/install/arm_description/share/arm_description/environment/ament_prefix_path.sh
[0.202s] -- Up-to-date: /home/hyperdimensional/Learning/arm_isro/arm_ws/install/arm_description/share/arm_description/environment/ament_prefix_path.dsv
[0.202s] -- Up-to-date: /home/hyperdimensional/Learning/arm_isro/arm_ws/install/arm_description/share/arm_description/environment/path.sh
[0.202s] -- Up-to-date: /home/hyperdimensional/Learning/arm_isro/arm_ws/install/arm_description/share/arm_description/environment/path.dsv
[0.202s] -- Up-to-date: /home/hyperdimensional/Learning/arm_isro/arm_ws/install/arm_description/share/arm_description/local_setup.bash
[0.202s] -- Up-to-date: /home/hyperdimensional/Learning/arm_isro/arm_ws/install/arm_description/share/arm_description/local_setup.sh
[0.202s] -- Up-to-date: /home/hyperdimensional/Learning/arm_isro/arm_ws/install/arm_description/share/arm_description/local_setup.zsh
[0.202s] -- Up-to-date: /home/hyperdimensional/Learning/arm_isro/arm_ws/install/arm_description/share/arm_description/local_setup.dsv
[0.202s] -- Installing: /home/hyperdimensional/Learning/arm_isro/arm_ws/install/arm_description/share/arm_description/package.dsv
[0.203s] -- Up-to-date: /home/hyperdimensional/Learning/arm_isro/arm_ws/install/arm_description/share/ament_index/resource_index/packages/arm_description
[0.203s] -- Up-to-date: /home/hyperdimensional/Learning/arm_isro/arm_ws/install/arm_description/share/arm_description/cmake/arm_descriptionConfig.cmake
[0.204s] -- Up-to-date: /home/hyperdimensional/Learning/arm_isro/arm_ws/install/arm_description/share/arm_description/cmake/arm_descriptionConfig-version.cmake
[0.204s] -- Up-to-date: /home/hyperdimensional/Learning/arm_isro/arm_ws/install/arm_description/share/arm_description/package.xml
[0.211s] Invoked command in '/home/hyperdimensional/Learning/arm_isro/arm_ws/build/arm_description' returned '0': CMAKE_PREFIX_PATH=${CMAKE_PREFIX_PATH}:/opt/ros/humble /usr/bin/cmake --install /home/hyperdimensional/Learning/arm_isro/arm_ws/build/arm_description
