[0.015s] Invoking command in '/home/hyperdimensional/Learning/arm_isro/arm_ws/build/isro_arm_moveit': CMAKE_PREFIX_PATH=/opt/ros/humble /usr/bin/cmake --build /home/hyperdimensional/Learning/arm_isro/arm_ws/build/isro_arm_moveit -- -j16 -l16
[0.053s] Invoked command in '/home/hyperdimensional/Learning/arm_isro/arm_ws/build/isro_arm_moveit' returned '0': CMAKE_PREFIX_PATH=/opt/ros/humble /usr/bin/cmake --build /home/hyperdimensional/Learning/arm_isro/arm_ws/build/isro_arm_moveit -- -j16 -l16
[0.080s] Invoking command in '/home/hyperdimensional/Learning/arm_isro/arm_ws/build/isro_arm_moveit': CMAKE_PREFIX_PATH=/opt/ros/humble /usr/bin/cmake --install /home/hyperdimensional/Learning/arm_isro/arm_ws/build/isro_arm_moveit
[0.087s] -- Install configuration: ""
[0.088s] -- Execute custom install script
[0.088s] -- Up-to-date symlink: /home/hyperdimensional/Learning/arm_isro/arm_ws/install/isro_arm_moveit/share/isro_arm_moveit/launch/moveit.launch.py
[0.088s] -- Up-to-date symlink: /home/hyperdimensional/Learning/arm_isro/arm_ws/install/isro_arm_moveit/share/isro_arm_moveit/config/arm.srdf
[0.088s] -- Up-to-date symlink: /home/hyperdimensional/Learning/arm_isro/arm_ws/install/isro_arm_moveit/share/isro_arm_moveit/config/initial_positions.yaml
[0.089s] -- Up-to-date symlink: /home/hyperdimensional/Learning/arm_isro/arm_ws/install/isro_arm_moveit/share/isro_arm_moveit/config/joint_limits.yaml
[0.089s] -- Up-to-date symlink: /home/hyperdimensional/Learning/arm_isro/arm_ws/install/isro_arm_moveit/share/isro_arm_moveit/config/kinematics.yaml
[0.089s] -- Up-to-date symlink: /home/hyperdimensional/Learning/arm_isro/arm_ws/install/isro_arm_moveit/share/isro_arm_moveit/config/moveit.rviz
[0.089s] -- Up-to-date symlink: /home/hyperdimensional/Learning/arm_isro/arm_ws/install/isro_arm_moveit/share/isro_arm_moveit/config/moveit_controllers.yaml
[0.089s] -- Up-to-date symlink: /home/hyperdimensional/Learning/arm_isro/arm_ws/install/isro_arm_moveit/share/isro_arm_moveit/config/pilz_cartesian_limits.yaml
[0.090s] -- Up-to-date symlink: /home/hyperdimensional/Learning/arm_isro/arm_ws/install/isro_arm_moveit/share/ament_index/resource_index/package_run_dependencies/isro_arm_moveit
[0.090s] -- Up-to-date symlink: /home/hyperdimensional/Learning/arm_isro/arm_ws/install/isro_arm_moveit/share/ament_index/resource_index/parent_prefix_path/isro_arm_moveit
[0.090s] -- Up-to-date symlink: /home/hyperdimensional/Learning/arm_isro/arm_ws/install/isro_arm_moveit/share/isro_arm_moveit/environment/ament_prefix_path.sh
[0.091s] -- Up-to-date symlink: /home/hyperdimensional/Learning/arm_isro/arm_ws/install/isro_arm_moveit/share/isro_arm_moveit/environment/ament_prefix_path.dsv
[0.091s] -- Up-to-date symlink: /home/hyperdimensional/Learning/arm_isro/arm_ws/install/isro_arm_moveit/share/isro_arm_moveit/environment/path.sh
[0.091s] -- Up-to-date symlink: /home/hyperdimensional/Learning/arm_isro/arm_ws/install/isro_arm_moveit/share/isro_arm_moveit/environment/path.dsv
[0.091s] -- Up-to-date symlink: /home/hyperdimensional/Learning/arm_isro/arm_ws/install/isro_arm_moveit/share/isro_arm_moveit/local_setup.bash
[0.091s] -- Up-to-date symlink: /home/hyperdimensional/Learning/arm_isro/arm_ws/install/isro_arm_moveit/share/isro_arm_moveit/local_setup.sh
[0.092s] -- Up-to-date symlink: /home/hyperdimensional/Learning/arm_isro/arm_ws/install/isro_arm_moveit/share/isro_arm_moveit/local_setup.zsh
[0.092s] -- Up-to-date symlink: /home/hyperdimensional/Learning/arm_isro/arm_ws/install/isro_arm_moveit/share/isro_arm_moveit/local_setup.dsv
[0.092s] -- Symlinking: /home/hyperdimensional/Learning/arm_isro/arm_ws/install/isro_arm_moveit/share/isro_arm_moveit/package.dsv
[0.100s] -- Up-to-date symlink: /home/hyperdimensional/Learning/arm_isro/arm_ws/install/isro_arm_moveit/share/ament_index/resource_index/packages/isro_arm_moveit
[0.100s] -- Up-to-date symlink: /home/hyperdimensional/Learning/arm_isro/arm_ws/install/isro_arm_moveit/share/isro_arm_moveit/cmake/isro_arm_moveitConfig.cmake
[0.100s] -- Up-to-date symlink: /home/hyperdimensional/Learning/arm_isro/arm_ws/install/isro_arm_moveit/share/isro_arm_moveit/cmake/isro_arm_moveitConfig-version.cmake
[0.100s] -- Up-to-date symlink: /home/hyperdimensional/Learning/arm_isro/arm_ws/install/isro_arm_moveit/share/isro_arm_moveit/package.xml
[0.103s] Invoked command in '/home/hyperdimensional/Learning/arm_isro/arm_ws/build/isro_arm_moveit' returned '0': CMAKE_PREFIX_PATH=/opt/ros/humble /usr/bin/cmake --install /home/hyperdimensional/Learning/arm_isro/arm_ws/build/isro_arm_moveit
