[0.020s] Invoking command in '/home/hyperdimensional/Learning/arm_isro/arm_ws/build/arm_description': CMAKE_PREFIX_PATH=${CMAKE_PREFIX_PATH}:/opt/ros/humble /usr/bin/cmake --build /home/hyperdimensional/Learning/arm_isro/arm_ws/build/arm_description -- -j16 -l16
[0.135s] Invoked command in '/home/hyperdimensional/Learning/arm_isro/arm_ws/build/arm_description' returned '0': CMAKE_PREFIX_PATH=${CMAKE_PREFIX_PATH}:/opt/ros/humble /usr/bin/cmake --build /home/hyperdimensional/Learning/arm_isro/arm_ws/build/arm_description -- -j16 -l16
[0.170s] Invoking command in '/home/hyperdimensional/Learning/arm_isro/arm_ws/build/arm_description': CMAKE_PREFIX_PATH=${CMAKE_PREFIX_PATH}:/opt/ros/humble /usr/bin/cmake --install /home/hyperdimensional/Learning/arm_isro/arm_ws/build/arm_description
[0.178s] -- Install configuration: ""
[0.178s] -- Up-to-date: /home/hyperdimensional/Learning/arm_isro/arm_ws/install/arm_description/share/arm_description/meshes
[0.179s] -- Installing: /home/hyperdimensional/Learning/arm_isro/arm_ws/install/arm_description/share/arm_description/meshes/correctendeffectorsupport.STL
[0.179s] -- Up-to-date: /home/hyperdimensional/Learning/arm_isro/arm_ws/install/arm_description/share/arm_description/meshes/base.STL
[0.179s] -- Up-to-date: /home/hyperdimensional/Learning/arm_isro/arm_ws/install/arm_description/share/arm_description/meshes/solidworkszeroendeffectormount.STL
[0.179s] -- Up-to-date: /home/hyperdimensional/Learning/arm_isro/arm_ws/install/arm_description/share/arm_description/meshes/320link.STL
[0.179s] -- Up-to-date: /home/hyperdimensional/Learning/arm_isro/arm_ws/install/arm_description/share/arm_description/meshes/solidworkszerowrist.STL
[0.180s] -- Up-to-date: /home/hyperdimensional/Learning/arm_isro/arm_ws/install/arm_description/share/arm_description/meshes/solidworkszero300link.STL
[0.180s] -- Up-to-date: /home/hyperdimensional/Learning/arm_isro/arm_ws/install/arm_description/share/arm_description/meshes/Part3.STL
[0.180s] -- Up-to-date: /home/hyperdimensional/Learning/arm_isro/arm_ws/install/arm_description/share/arm_description/meshes/URDFCAD1.STL
[0.180s] -- Up-to-date: /home/hyperdimensional/Learning/arm_isro/arm_ws/install/arm_description/share/arm_description/urdf
[0.180s] -- Installing: /home/hyperdimensional/Learning/arm_isro/arm_ws/install/arm_description/share/arm_description/urdf/arm.urdf.xacro
[0.181s] -- Up-to-date: /home/hyperdimensional/Learning/arm_isro/arm_ws/install/arm_description/share/arm_description/urdf/arm_gazebo.xacro
[0.183s] -- Up-to-date: /home/hyperdimensional/Learning/arm_isro/arm_ws/install/arm_description/share/arm_description/urdf/arm_ros2_control.xacro
[0.183s] -- Up-to-date: /home/hyperdimensional/Learning/arm_isro/arm_ws/install/arm_description/share/arm_description/launch
[0.183s] -- Up-to-date: /home/hyperdimensional/Learning/arm_isro/arm_ws/install/arm_description/share/arm_description/launch/display.launch.py
[0.183s] -- Up-to-date: /home/hyperdimensional/Learning/arm_isro/arm_ws/install/arm_description/share/arm_description/launch/gazebo.launch.py
[0.183s] -- Up-to-date: /home/hyperdimensional/Learning/arm_isro/arm_ws/install/arm_description/share/arm_description/rviz
[0.183s] -- Up-to-date: /home/hyperdimensional/Learning/arm_isro/arm_ws/install/arm_description/share/arm_description/rviz/display.rviz
[0.183s] -- Up-to-date: /home/hyperdimensional/Learning/arm_isro/arm_ws/install/arm_description/share/arm_description/models
[0.183s] -- Up-to-date: /home/hyperdimensional/Learning/arm_isro/arm_ws/install/arm_description/share/arm_description/models/sun
[0.184s] -- Up-to-date: /home/hyperdimensional/Learning/arm_isro/arm_ws/install/arm_description/share/arm_description/models/sun/model-1_3.sdf
[0.184s] -- Up-to-date: /home/hyperdimensional/Learning/arm_isro/arm_ws/install/arm_description/share/arm_description/models/sun/model-1_4.sdf
[0.184s] -- Up-to-date: /home/hyperdimensional/Learning/arm_isro/arm_ws/install/arm_description/share/arm_description/models/sun/model.sdf
[0.184s] -- Up-to-date: /home/hyperdimensional/Learning/arm_isro/arm_ws/install/arm_description/share/arm_description/models/sun/model.config
[0.184s] -- Up-to-date: /home/hyperdimensional/Learning/arm_isro/arm_ws/install/arm_description/share/arm_description/models/sun/model-1_2.sdf
[0.184s] -- Up-to-date: /home/hyperdimensional/Learning/arm_isro/arm_ws/install/arm_description/share/arm_description/models/ground_plane
[0.185s] -- Up-to-date: /home/hyperdimensional/Learning/arm_isro/arm_ws/install/arm_description/share/arm_description/models/ground_plane/model-1_3.sdf
[0.185s] -- Up-to-date: /home/hyperdimensional/Learning/arm_isro/arm_ws/install/arm_description/share/arm_description/models/ground_plane/model-1_4.sdf
[0.185s] -- Up-to-date: /home/hyperdimensional/Learning/arm_isro/arm_ws/install/arm_description/share/arm_description/models/ground_plane/model.sdf
[0.185s] -- Up-to-date: /home/hyperdimensional/Learning/arm_isro/arm_ws/install/arm_description/share/arm_description/models/ground_plane/model.config
[0.185s] -- Up-to-date: /home/hyperdimensional/Learning/arm_isro/arm_ws/install/arm_description/share/arm_description/models/ground_plane/model-1_2.sdf
[0.185s] -- Up-to-date: /home/hyperdimensional/Learning/arm_isro/arm_ws/install/arm_description/share/ament_index/resource_index/package_run_dependencies/arm_description
[0.185s] -- Up-to-date: /home/hyperdimensional/Learning/arm_isro/arm_ws/install/arm_description/share/ament_index/resource_index/parent_prefix_path/arm_description
[0.186s] -- Up-to-date: /home/hyperdimensional/Learning/arm_isro/arm_ws/install/arm_description/share/arm_description/environment/ament_prefix_path.sh
[0.186s] -- Up-to-date: /home/hyperdimensional/Learning/arm_isro/arm_ws/install/arm_description/share/arm_description/environment/ament_prefix_path.dsv
[0.186s] -- Up-to-date: /home/hyperdimensional/Learning/arm_isro/arm_ws/install/arm_description/share/arm_description/environment/path.sh
[0.186s] -- Up-to-date: /home/hyperdimensional/Learning/arm_isro/arm_ws/install/arm_description/share/arm_description/environment/path.dsv
[0.186s] -- Up-to-date: /home/hyperdimensional/Learning/arm_isro/arm_ws/install/arm_description/share/arm_description/local_setup.bash
[0.186s] -- Up-to-date: /home/hyperdimensional/Learning/arm_isro/arm_ws/install/arm_description/share/arm_description/local_setup.sh
[0.186s] -- Up-to-date: /home/hyperdimensional/Learning/arm_isro/arm_ws/install/arm_description/share/arm_description/local_setup.zsh
[0.186s] -- Up-to-date: /home/hyperdimensional/Learning/arm_isro/arm_ws/install/arm_description/share/arm_description/local_setup.dsv
[0.186s] -- Installing: /home/hyperdimensional/Learning/arm_isro/arm_ws/install/arm_description/share/arm_description/package.dsv
[0.187s] -- Up-to-date: /home/hyperdimensional/Learning/arm_isro/arm_ws/install/arm_description/share/ament_index/resource_index/packages/arm_description
[0.187s] -- Up-to-date: /home/hyperdimensional/Learning/arm_isro/arm_ws/install/arm_description/share/arm_description/cmake/arm_descriptionConfig.cmake
[0.187s] -- Up-to-date: /home/hyperdimensional/Learning/arm_isro/arm_ws/install/arm_description/share/arm_description/cmake/arm_descriptionConfig-version.cmake
[0.187s] -- Up-to-date: /home/hyperdimensional/Learning/arm_isro/arm_ws/install/arm_description/share/arm_description/package.xml
[0.209s] Invoked command in '/home/hyperdimensional/Learning/arm_isro/arm_ws/build/arm_description' returned '0': CMAKE_PREFIX_PATH=${CMAKE_PREFIX_PATH}:/opt/ros/humble /usr/bin/cmake --install /home/hyperdimensional/Learning/arm_isro/arm_ws/build/arm_description
